{"/Users/nirukshithpremkumar/filmism/server/server.js": {"path":"/Users/nirukshithpremkumar/filmism/server/server.js","statementMap":{"0":{"start":{"line":1,"column":20},"end":{"line":1,"column":35}},"1":{"start":{"line":2,"column":20},"end":{"line":2,"column":37}},"2":{"start":{"line":5,"column":0},"end":{"line":5,"column":56}},"3":{"start":{"line":7,"column":20},"end":{"line":7,"column":38}},"4":{"start":{"line":8,"column":20},"end":{"line":8,"column":35}},"5":{"start":{"line":9,"column":20},"end":{"line":9,"column":37}},"6":{"start":{"line":10,"column":21},"end":{"line":10,"column":45}},"7":{"start":{"line":11,"column":20},"end":{"line":11,"column":42}},"8":{"start":{"line":12,"column":42},"end":{"line":12,"column":81}},"9":{"start":{"line":13,"column":20},"end":{"line":13,"column":51}},"10":{"start":{"line":15,"column":12},"end":{"line":15,"column":21}},"11":{"start":{"line":18,"column":0},"end":{"line":22,"column":1}},"12":{"start":{"line":25,"column":0},"end":{"line":30,"column":1}},"13":{"start":{"line":31,"column":0},"end":{"line":31,"column":23}},"14":{"start":{"line":32,"column":0},"end":{"line":32,"column":39}},"15":{"start":{"line":33,"column":0},"end":{"line":33,"column":61}},"16":{"start":{"line":36,"column":0},"end":{"line":38,"column":2}},"17":{"start":{"line":37,"column":2},"end":{"line":37,"column":67}},"18":{"start":{"line":41,"column":0},"end":{"line":41,"column":52}},"19":{"start":{"line":42,"column":0},"end":{"line":42,"column":35}},"20":{"start":{"line":43,"column":0},"end":{"line":43,"column":69}},"21":{"start":{"line":44,"column":0},"end":{"line":44,"column":73}},"22":{"start":{"line":47,"column":0},"end":{"line":47,"column":24}},"23":{"start":{"line":50,"column":0},"end":{"line":50,"column":21}},"24":{"start":{"line":52,"column":13},"end":{"line":52,"column":37}},"25":{"start":{"line":54,"column":20},"end":{"line":60,"column":1}},"26":{"start":{"line":55,"column":2},"end":{"line":55,"column":19}},"27":{"start":{"line":57,"column":2},"end":{"line":59,"column":4}},"28":{"start":{"line":58,"column":4},"end":{"line":58,"column":61}},"29":{"start":{"line":62,"column":0},"end":{"line":67,"column":1}},"30":{"start":{"line":63,"column":2},"end":{"line":66,"column":4}},"31":{"start":{"line":64,"column":4},"end":{"line":64,"column":60}},"32":{"start":{"line":65,"column":4},"end":{"line":65,"column":19}},"33":{"start":{"line":69,"column":0},"end":{"line":69,"column":21}}},"fnMap":{"0":{"name":"(anonymous_0)","decl":{"start":{"line":36,"column":13},"end":{"line":36,"column":14}},"loc":{"start":{"line":36,"column":27},"end":{"line":38,"column":1}},"line":36},"1":{"name":"(anonymous_1)","decl":{"start":{"line":54,"column":20},"end":{"line":54,"column":21}},"loc":{"start":{"line":54,"column":32},"end":{"line":60,"column":1}},"line":54},"2":{"name":"(anonymous_2)","decl":{"start":{"line":57,"column":19},"end":{"line":57,"column":20}},"loc":{"start":{"line":57,"column":25},"end":{"line":59,"column":3}},"line":57},"3":{"name":"(anonymous_3)","decl":{"start":{"line":63,"column":22},"end":{"line":63,"column":23}},"loc":{"start":{"line":63,"column":33},"end":{"line":66,"column":3}},"line":63}},"branchMap":{"0":{"loc":{"start":{"line":52,"column":13},"end":{"line":52,"column":37}},"type":"binary-expr","locations":[{"start":{"line":52,"column":13},"end":{"line":52,"column":29}},{"start":{"line":52,"column":33},"end":{"line":52,"column":37}}],"line":52},"1":{"loc":{"start":{"line":62,"column":0},"end":{"line":67,"column":1}},"type":"if","locations":[{"start":{"line":62,"column":0},"end":{"line":67,"column":1}},{"start":{},"end":{}}],"line":62}},"s":{"0":1,"1":1,"2":1,"3":1,"4":1,"5":1,"6":1,"7":1,"8":1,"9":1,"10":1,"11":1,"12":1,"13":1,"14":1,"15":1,"16":1,"17":1,"18":1,"19":1,"20":1,"21":1,"22":1,"23":1,"24":1,"25":1,"26":0,"27":0,"28":0,"29":1,"30":0,"31":0,"32":0,"33":1},"f":{"0":1,"1":0,"2":0,"3":0},"b":{"0":[1,0],"1":[0,1]},"_coverageSchema":"1a1c01bbd47fc00a2c39e90264f33305004495a9","hash":"0e83093f20618d8921ddd7b807ce301b2bb47062"}
,"/Users/nirukshithpremkumar/filmism/server/config/db.js": {"path":"/Users/nirukshithpremkumar/filmism/server/config/db.js","statementMap":{"0":{"start":{"line":1,"column":17},"end":{"line":1,"column":36}},"1":{"start":{"line":3,"column":18},"end":{"line":15,"column":1}},"2":{"start":{"line":4,"column":2},"end":{"line":14,"column":3}},"3":{"start":{"line":5,"column":4},"end":{"line":7,"column":5}},"4":{"start":{"line":6,"column":6},"end":{"line":6,"column":68}},"5":{"start":{"line":8,"column":17},"end":{"line":8,"column":62}},"6":{"start":{"line":9,"column":4},"end":{"line":9,"column":61}},"7":{"start":{"line":10,"column":4},"end":{"line":10,"column":15}},"8":{"start":{"line":12,"column":4},"end":{"line":12,"column":63}},"9":{"start":{"line":13,"column":4},"end":{"line":13,"column":15}},"10":{"start":{"line":17,"column":0},"end":{"line":17,"column":26}}},"fnMap":{"0":{"name":"(anonymous_0)","decl":{"start":{"line":3,"column":18},"end":{"line":3,"column":19}},"loc":{"start":{"line":3,"column":30},"end":{"line":15,"column":1}},"line":3}},"branchMap":{"0":{"loc":{"start":{"line":5,"column":4},"end":{"line":7,"column":5}},"type":"if","locations":[{"start":{"line":5,"column":4},"end":{"line":7,"column":5}},{"start":{},"end":{}}],"line":5}},"s":{"0":1,"1":1,"2":0,"3":0,"4":0,"5":0,"6":0,"7":0,"8":0,"9":0,"10":1},"f":{"0":0},"b":{"0":[0,0]},"_coverageSchema":"1a1c01bbd47fc00a2c39e90264f33305004495a9","hash":"91be57578eee0d5d9f8a54d64ccb8f5884790b92"}
,"/Users/nirukshithpremkumar/filmism/server/controllers/authController.js": {"path":"/Users/nirukshithpremkumar/filmism/server/controllers/authController.js","statementMap":{"0":{"start":{"line":1,"column":13},"end":{"line":1,"column":43}},"1":{"start":{"line":2,"column":25},"end":{"line":2,"column":67}},"2":{"start":{"line":3,"column":13},"end":{"line":3,"column":36}},"3":{"start":{"line":4,"column":15},"end":{"line":4,"column":34}},"4":{"start":{"line":5,"column":21},"end":{"line":5,"column":50}},"5":{"start":{"line":6,"column":41},"end":{"line":6,"column":69}},"6":{"start":{"line":9,"column":22},"end":{"line":11,"column":1}},"7":{"start":{"line":10,"column":2},"end":{"line":10,"column":116}},"8":{"start":{"line":14,"column":19},"end":{"line":14,"column":81}},"9":{"start":{"line":17,"column":24},"end":{"line":25,"column":1}},"10":{"start":{"line":18,"column":2},"end":{"line":24,"column":4}},"11":{"start":{"line":28,"column":33},"end":{"line":39,"column":1}},"12":{"start":{"line":29,"column":2},"end":{"line":31,"column":3}},"13":{"start":{"line":30,"column":4},"end":{"line":30,"column":57}},"14":{"start":{"line":32,"column":2},"end":{"line":34,"column":3}},"15":{"start":{"line":33,"column":4},"end":{"line":33,"column":65}},"16":{"start":{"line":35,"column":2},"end":{"line":37,"column":3}},"17":{"start":{"line":36,"column":4},"end":{"line":36,"column":66}},"18":{"start":{"line":38,"column":2},"end":{"line":38,"column":13}},"19":{"start":{"line":42,"column":21},"end":{"line":113,"column":1}},"20":{"start":{"line":43,"column":51},"end":{"line":43,"column":59}},"21":{"start":{"line":45,"column":2},"end":{"line":112,"column":3}},"22":{"start":{"line":47,"column":4},"end":{"line":49,"column":5}},"23":{"start":{"line":48,"column":6},"end":{"line":48,"column":73}},"24":{"start":{"line":51,"column":26},"end":{"line":51,"column":60}},"25":{"start":{"line":52,"column":4},"end":{"line":54,"column":5}},"26":{"start":{"line":53,"column":6},"end":{"line":53,"column":61}},"27":{"start":{"line":56,"column":28},"end":{"line":56,"column":54}},"28":{"start":{"line":59,"column":23},"end":{"line":59,"column":69}},"29":{"start":{"line":60,"column":4},"end":{"line":81,"column":5}},"30":{"start":{"line":61,"column":6},"end":{"line":73,"column":7}},"31":{"start":{"line":63,"column":20},"end":{"line":63,"column":74}},"32":{"start":{"line":64,"column":8},"end":{"line":64,"column":47}},"33":{"start":{"line":65,"column":8},"end":{"line":65,"column":45}},"34":{"start":{"line":66,"column":8},"end":{"line":66,"column":38}},"35":{"start":{"line":67,"column":8},"end":{"line":67,"column":51}},"36":{"start":{"line":68,"column":8},"end":{"line":68,"column":57}},"37":{"start":{"line":69,"column":8},"end":{"line":69,"column":34}},"38":{"start":{"line":70,"column":8},"end":{"line":70,"column":45}},"39":{"start":{"line":71,"column":8},"end":{"line":71,"column":31}},"40":{"start":{"line":72,"column":8},"end":{"line":72,"column":49}},"41":{"start":{"line":76,"column":6},"end":{"line":80,"column":8}},"42":{"start":{"line":84,"column":16},"end":{"line":84,"column":70}},"43":{"start":{"line":85,"column":22},"end":{"line":85,"column":48}},"44":{"start":{"line":88,"column":17},"end":{"line":99,"column":6}},"45":{"start":{"line":101,"column":4},"end":{"line":109,"column":5}},"46":{"start":{"line":102,"column":6},"end":{"line":102,"column":41}},"47":{"start":{"line":104,"column":6},"end":{"line":108,"column":8}},"48":{"start":{"line":111,"column":4},"end":{"line":111,"column":15}},"49":{"start":{"line":116,"column":18},"end":{"line":180,"column":1}},"50":{"start":{"line":117,"column":25},"end":{"line":117,"column":33}},"51":{"start":{"line":119,"column":2},"end":{"line":179,"column":3}},"52":{"start":{"line":120,"column":4},"end":{"line":122,"column":5}},"53":{"start":{"line":121,"column":6},"end":{"line":121,"column":76}},"54":{"start":{"line":124,"column":28},"end":{"line":124,"column":54}},"55":{"start":{"line":125,"column":17},"end":{"line":125,"column":63}},"56":{"start":{"line":126,"column":4},"end":{"line":128,"column":5}},"57":{"start":{"line":127,"column":6},"end":{"line":127,"column":99}},"58":{"start":{"line":130,"column":4},"end":{"line":136,"column":5}},"59":{"start":{"line":131,"column":6},"end":{"line":131,"column":26}},"60":{"start":{"line":132,"column":6},"end":{"line":132,"column":32}},"61":{"start":{"line":133,"column":6},"end":{"line":133,"column":26}},"62":{"start":{"line":134,"column":6},"end":{"line":134,"column":23}},"63":{"start":{"line":135,"column":6},"end":{"line":135,"column":140}},"64":{"start":{"line":138,"column":20},"end":{"line":138,"column":55}},"65":{"start":{"line":139,"column":4},"end":{"line":153,"column":5}},"66":{"start":{"line":140,"column":6},"end":{"line":140,"column":52}},"67":{"start":{"line":141,"column":6},"end":{"line":147,"column":7}},"68":{"start":{"line":142,"column":8},"end":{"line":142,"column":28}},"69":{"start":{"line":143,"column":8},"end":{"line":143,"column":34}},"70":{"start":{"line":144,"column":8},"end":{"line":144,"column":28}},"71":{"start":{"line":145,"column":8},"end":{"line":145,"column":25}},"72":{"start":{"line":146,"column":8},"end":{"line":146,"column":142}},"73":{"start":{"line":148,"column":6},"end":{"line":148,"column":23}},"74":{"start":{"line":149,"column":32},"end":{"line":149,"column":52}},"75":{"start":{"line":150,"column":6},"end":{"line":152,"column":8}},"76":{"start":{"line":155,"column":4},"end":{"line":155,"column":26}},"77":{"start":{"line":156,"column":4},"end":{"line":156,"column":24}},"78":{"start":{"line":157,"column":4},"end":{"line":157,"column":30}},"79":{"start":{"line":158,"column":4},"end":{"line":158,"column":24}},"80":{"start":{"line":159,"column":4},"end":{"line":159,"column":21}},"81":{"start":{"line":161,"column":18},"end":{"line":161,"column":68}},"82":{"start":{"line":162,"column":4},"end":{"line":162,"column":31}},"83":{"start":{"line":164,"column":4},"end":{"line":176,"column":6}},"84":{"start":{"line":178,"column":4},"end":{"line":178,"column":15}},"85":{"start":{"line":183,"column":18},"end":{"line":212,"column":1}},"86":{"start":{"line":184,"column":20},"end":{"line":184,"column":28}},"87":{"start":{"line":186,"column":2},"end":{"line":211,"column":3}},"88":{"start":{"line":187,"column":28},"end":{"line":187,"column":55}},"89":{"start":{"line":188,"column":17},"end":{"line":188,"column":63}},"90":{"start":{"line":190,"column":4},"end":{"line":205,"column":5}},"91":{"start":{"line":192,"column":6},"end":{"line":195,"column":7}},"92":{"start":{"line":193,"column":33},"end":{"line":193,"column":118}},"93":{"start":{"line":194,"column":8},"end":{"line":194,"column":114}},"94":{"start":{"line":197,"column":18},"end":{"line":197,"column":72}},"95":{"start":{"line":198,"column":6},"end":{"line":198,"column":43}},"96":{"start":{"line":199,"column":6},"end":{"line":199,"column":49}},"97":{"start":{"line":200,"column":6},"end":{"line":200,"column":26}},"98":{"start":{"line":201,"column":6},"end":{"line":201,"column":37}},"99":{"start":{"line":202,"column":6},"end":{"line":202,"column":23}},"100":{"start":{"line":204,"column":6},"end":{"line":204,"column":41}},"101":{"start":{"line":208,"column":4},"end":{"line":208,"column":102}},"102":{"start":{"line":210,"column":4},"end":{"line":210,"column":15}},"103":{"start":{"line":215,"column":18},"end":{"line":257,"column":1}},"104":{"start":{"line":216,"column":30},"end":{"line":216,"column":38}},"105":{"start":{"line":218,"column":2},"end":{"line":256,"column":3}},"106":{"start":{"line":219,"column":4},"end":{"line":221,"column":5}},"107":{"start":{"line":220,"column":6},"end":{"line":220,"column":81}},"108":{"start":{"line":223,"column":28},"end":{"line":223,"column":54}},"109":{"start":{"line":224,"column":17},"end":{"line":224,"column":63}},"110":{"start":{"line":227,"column":26},"end":{"line":227,"column":59}},"111":{"start":{"line":228,"column":20},"end":{"line":228,"column":65}},"112":{"start":{"line":230,"column":4},"end":{"line":232,"column":5}},"113":{"start":{"line":231,"column":6},"end":{"line":231,"column":75}},"114":{"start":{"line":234,"column":4},"end":{"line":236,"column":5}},"115":{"start":{"line":235,"column":6},"end":{"line":235,"column":92}},"116":{"start":{"line":238,"column":18},"end":{"line":238,"column":68}},"117":{"start":{"line":239,"column":4},"end":{"line":239,"column":31}},"118":{"start":{"line":241,"column":4},"end":{"line":253,"column":6}},"119":{"start":{"line":255,"column":4},"end":{"line":255,"column":15}},"120":{"start":{"line":260,"column":27},"end":{"line":296,"column":1}},"121":{"start":{"line":261,"column":2},"end":{"line":295,"column":3}},"122":{"start":{"line":262,"column":17},"end":{"line":262,"column":50}},"123":{"start":{"line":264,"column":4},"end":{"line":292,"column":5}},"124":{"start":{"line":265,"column":6},"end":{"line":265,"column":77}},"125":{"start":{"line":266,"column":6},"end":{"line":268,"column":7}},"126":{"start":{"line":267,"column":8},"end":{"line":267,"column":68}},"127":{"start":{"line":269,"column":6},"end":{"line":269,"column":77}},"128":{"start":{"line":270,"column":6},"end":{"line":270,"column":80}},"129":{"start":{"line":271,"column":6},"end":{"line":273,"column":7}},"130":{"start":{"line":272,"column":8},"end":{"line":272,"column":65}},"131":{"start":{"line":275,"column":26},"end":{"line":275,"column":43}},"132":{"start":{"line":277,"column":6},"end":{"line":289,"column":8}},"133":{"start":{"line":291,"column":6},"end":{"line":291,"column":57}},"134":{"start":{"line":294,"column":4},"end":{"line":294,"column":15}},"135":{"start":{"line":299,"column":31},"end":{"line":316,"column":1}},"136":{"start":{"line":300,"column":2},"end":{"line":300,"column":53}},"137":{"start":{"line":300,"column":42},"end":{"line":300,"column":53}},"138":{"start":{"line":301,"column":2},"end":{"line":301,"column":75}},"139":{"start":{"line":301,"column":35},"end":{"line":301,"column":75}},"140":{"start":{"line":303,"column":20},"end":{"line":303,"column":78}},"141":{"start":{"line":304,"column":20},"end":{"line":304,"column":51}},"142":{"start":{"line":306,"column":2},"end":{"line":308,"column":3}},"143":{"start":{"line":307,"column":4},"end":{"line":307,"column":81}},"144":{"start":{"line":311,"column":2},"end":{"line":313,"column":3}},"145":{"start":{"line":312,"column":4},"end":{"line":312,"column":69}},"146":{"start":{"line":315,"column":2},"end":{"line":315,"column":13}},"147":{"start":{"line":319,"column":22},"end":{"line":395,"column":1}},"148":{"start":{"line":320,"column":2},"end":{"line":394,"column":3}},"149":{"start":{"line":321,"column":17},"end":{"line":321,"column":50}},"150":{"start":{"line":322,"column":4},"end":{"line":322,"column":73}},"151":{"start":{"line":322,"column":15},"end":{"line":322,"column":73}},"152":{"start":{"line":324,"column":89},"end":{"line":324,"column":97}},"153":{"start":{"line":325,"column":29},"end":{"line":325,"column":34}},"154":{"start":{"line":328,"column":4},"end":{"line":328,"column":52}},"155":{"start":{"line":328,"column":19},"end":{"line":328,"column":52}},"156":{"start":{"line":329,"column":4},"end":{"line":329,"column":51}},"157":{"start":{"line":329,"column":19},"end":{"line":329,"column":51}},"158":{"start":{"line":332,"column":4},"end":{"line":338,"column":5}},"159":{"start":{"line":333,"column":23},"end":{"line":333,"column":61}},"160":{"start":{"line":334,"column":6},"end":{"line":336,"column":7}},"161":{"start":{"line":335,"column":8},"end":{"line":335,"column":58}},"162":{"start":{"line":337,"column":6},"end":{"line":337,"column":50}},"163":{"start":{"line":341,"column":28},"end":{"line":341,"column":55}},"164":{"start":{"line":342,"column":4},"end":{"line":354,"column":5}},"165":{"start":{"line":343,"column":20},"end":{"line":343,"column":66}},"166":{"start":{"line":344,"column":6},"end":{"line":344,"column":90}},"167":{"start":{"line":344,"column":17},"end":{"line":344,"column":90}},"168":{"start":{"line":346,"column":18},"end":{"line":346,"column":72}},"169":{"start":{"line":347,"column":6},"end":{"line":347,"column":41}},"170":{"start":{"line":348,"column":6},"end":{"line":348,"column":43}},"171":{"start":{"line":349,"column":6},"end":{"line":349,"column":49}},"172":{"start":{"line":350,"column":6},"end":{"line":350,"column":26}},"173":{"start":{"line":351,"column":6},"end":{"line":351,"column":37}},"174":{"start":{"line":352,"column":6},"end":{"line":352,"column":46}},"175":{"start":{"line":353,"column":6},"end":{"line":353,"column":31}},"176":{"start":{"line":357,"column":4},"end":{"line":366,"column":5}},"177":{"start":{"line":358,"column":6},"end":{"line":360,"column":7}},"178":{"start":{"line":359,"column":8},"end":{"line":359,"column":98}},"179":{"start":{"line":361,"column":20},"end":{"line":361,"column":72}},"180":{"start":{"line":362,"column":6},"end":{"line":362,"column":92}},"181":{"start":{"line":362,"column":18},"end":{"line":362,"column":92}},"182":{"start":{"line":363,"column":28},"end":{"line":363,"column":65}},"183":{"start":{"line":364,"column":6},"end":{"line":364,"column":80}},"184":{"start":{"line":364,"column":25},"end":{"line":364,"column":80}},"185":{"start":{"line":365,"column":6},"end":{"line":365,"column":33}},"186":{"start":{"line":368,"column":20},"end":{"line":368,"column":37}},"187":{"start":{"line":371,"column":18},"end":{"line":371,"column":74}},"188":{"start":{"line":372,"column":4},"end":{"line":372,"column":31}},"189":{"start":{"line":374,"column":21},"end":{"line":382,"column":5}},"190":{"start":{"line":384,"column":4},"end":{"line":391,"column":6}},"191":{"start":{"line":393,"column":4},"end":{"line":393,"column":15}},"192":{"start":{"line":398,"column":26},"end":{"line":461,"column":1}},"193":{"start":{"line":399,"column":2},"end":{"line":460,"column":3}},"194":{"start":{"line":400,"column":20},"end":{"line":400,"column":28}},"195":{"start":{"line":401,"column":17},"end":{"line":401,"column":50}},"196":{"start":{"line":402,"column":4},"end":{"line":402,"column":73}},"197":{"start":{"line":402,"column":15},"end":{"line":402,"column":73}},"198":{"start":{"line":404,"column":4},"end":{"line":406,"column":5}},"199":{"start":{"line":405,"column":6},"end":{"line":405,"column":80}},"200":{"start":{"line":407,"column":4},"end":{"line":409,"column":5}},"201":{"start":{"line":408,"column":6},"end":{"line":408,"column":99}},"202":{"start":{"line":411,"column":4},"end":{"line":417,"column":5}},"203":{"start":{"line":412,"column":6},"end":{"line":412,"column":26}},"204":{"start":{"line":413,"column":6},"end":{"line":413,"column":32}},"205":{"start":{"line":414,"column":6},"end":{"line":414,"column":26}},"206":{"start":{"line":415,"column":6},"end":{"line":415,"column":23}},"207":{"start":{"line":416,"column":6},"end":{"line":416,"column":129}},"208":{"start":{"line":419,"column":18},"end":{"line":419,"column":53}},"209":{"start":{"line":420,"column":4},"end":{"line":434,"column":5}},"210":{"start":{"line":421,"column":6},"end":{"line":421,"column":52}},"211":{"start":{"line":422,"column":6},"end":{"line":428,"column":7}},"212":{"start":{"line":423,"column":8},"end":{"line":423,"column":28}},"213":{"start":{"line":424,"column":8},"end":{"line":424,"column":34}},"214":{"start":{"line":425,"column":8},"end":{"line":425,"column":28}},"215":{"start":{"line":426,"column":8},"end":{"line":426,"column":25}},"216":{"start":{"line":427,"column":8},"end":{"line":427,"column":131}},"217":{"start":{"line":429,"column":6},"end":{"line":429,"column":23}},"218":{"start":{"line":430,"column":32},"end":{"line":430,"column":52}},"219":{"start":{"line":431,"column":6},"end":{"line":433,"column":8}},"220":{"start":{"line":437,"column":4},"end":{"line":437,"column":34}},"221":{"start":{"line":438,"column":4},"end":{"line":438,"column":28}},"222":{"start":{"line":439,"column":4},"end":{"line":439,"column":24}},"223":{"start":{"line":440,"column":4},"end":{"line":440,"column":30}},"224":{"start":{"line":441,"column":4},"end":{"line":441,"column":24}},"225":{"start":{"line":442,"column":20},"end":{"line":442,"column":37}},"226":{"start":{"line":444,"column":18},"end":{"line":444,"column":74}},"227":{"start":{"line":445,"column":4},"end":{"line":445,"column":31}},"228":{"start":{"line":447,"column":21},"end":{"line":455,"column":5}},"229":{"start":{"line":457,"column":4},"end":{"line":457,"column":69}},"230":{"start":{"line":459,"column":4},"end":{"line":459,"column":15}},"231":{"start":{"line":464,"column":26},"end":{"line":500,"column":1}},"232":{"start":{"line":465,"column":2},"end":{"line":499,"column":3}},"233":{"start":{"line":466,"column":17},"end":{"line":466,"column":50}},"234":{"start":{"line":467,"column":4},"end":{"line":467,"column":73}},"235":{"start":{"line":467,"column":15},"end":{"line":467,"column":73}},"236":{"start":{"line":469,"column":4},"end":{"line":469,"column":37}},"237":{"start":{"line":470,"column":4},"end":{"line":470,"column":29}},"238":{"start":{"line":471,"column":4},"end":{"line":471,"column":28}},"239":{"start":{"line":472,"column":4},"end":{"line":472,"column":29}},"240":{"start":{"line":473,"column":4},"end":{"line":473,"column":37}},"241":{"start":{"line":474,"column":4},"end":{"line":474,"column":21}},"242":{"start":{"line":477,"column":4},"end":{"line":477,"column":59}},"243":{"start":{"line":479,"column":18},"end":{"line":479,"column":48}},"244":{"start":{"line":480,"column":4},"end":{"line":480,"column":31}},"245":{"start":{"line":482,"column":21},"end":{"line":490,"column":5}},"246":{"start":{"line":492,"column":4},"end":{"line":496,"column":6}},"247":{"start":{"line":498,"column":4},"end":{"line":498,"column":15}},"248":{"start":{"line":503,"column":19},"end":{"line":511,"column":1}},"249":{"start":{"line":504,"column":2},"end":{"line":509,"column":4}},"250":{"start":{"line":510,"column":2},"end":{"line":510,"column":65}},"251":{"start":{"line":513,"column":0},"end":{"line":524,"column":1}}},"fnMap":{"0":{"name":"(anonymous_0)","decl":{"start":{"line":9,"column":22},"end":{"line":9,"column":23}},"loc":{"start":{"line":9,"column":60},"end":{"line":11,"column":1}},"line":9},"1":{"name":"(anonymous_1)","decl":{"start":{"line":17,"column":24},"end":{"line":17,"column":25}},"loc":{"start":{"line":17,"column":40},"end":{"line":25,"column":1}},"line":17},"2":{"name":"(anonymous_2)","decl":{"start":{"line":28,"column":33},"end":{"line":28,"column":34}},"loc":{"start":{"line":28,"column":47},"end":{"line":39,"column":1}},"line":28},"3":{"name":"(anonymous_3)","decl":{"start":{"line":42,"column":21},"end":{"line":42,"column":22}},"loc":{"start":{"line":42,"column":47},"end":{"line":113,"column":1}},"line":42},"4":{"name":"(anonymous_4)","decl":{"start":{"line":116,"column":18},"end":{"line":116,"column":19}},"loc":{"start":{"line":116,"column":44},"end":{"line":180,"column":1}},"line":116},"5":{"name":"(anonymous_5)","decl":{"start":{"line":183,"column":18},"end":{"line":183,"column":19}},"loc":{"start":{"line":183,"column":44},"end":{"line":212,"column":1}},"line":183},"6":{"name":"(anonymous_6)","decl":{"start":{"line":215,"column":18},"end":{"line":215,"column":19}},"loc":{"start":{"line":215,"column":44},"end":{"line":257,"column":1}},"line":215},"7":{"name":"(anonymous_7)","decl":{"start":{"line":260,"column":27},"end":{"line":260,"column":28}},"loc":{"start":{"line":260,"column":53},"end":{"line":296,"column":1}},"line":260},"8":{"name":"(anonymous_8)","decl":{"start":{"line":299,"column":31},"end":{"line":299,"column":32}},"loc":{"start":{"line":299,"column":44},"end":{"line":316,"column":1}},"line":299},"9":{"name":"(anonymous_9)","decl":{"start":{"line":319,"column":22},"end":{"line":319,"column":23}},"loc":{"start":{"line":319,"column":48},"end":{"line":395,"column":1}},"line":319},"10":{"name":"(anonymous_10)","decl":{"start":{"line":398,"column":26},"end":{"line":398,"column":27}},"loc":{"start":{"line":398,"column":52},"end":{"line":461,"column":1}},"line":398},"11":{"name":"(anonymous_11)","decl":{"start":{"line":464,"column":26},"end":{"line":464,"column":27}},"loc":{"start":{"line":464,"column":52},"end":{"line":500,"column":1}},"line":464},"12":{"name":"(anonymous_12)","decl":{"start":{"line":503,"column":19},"end":{"line":503,"column":20}},"loc":{"start":{"line":503,"column":33},"end":{"line":511,"column":1}},"line":503}},"branchMap":{"0":{"loc":{"start":{"line":9,"column":27},"end":{"line":9,"column":55}},"type":"default-arg","locations":[{"start":{"line":9,"column":50},"end":{"line":9,"column":55}}],"line":9},"1":{"loc":{"start":{"line":29,"column":2},"end":{"line":31,"column":3}},"type":"if","locations":[{"start":{"line":29,"column":2},"end":{"line":31,"column":3}},{"start":{},"end":{}}],"line":29},"2":{"loc":{"start":{"line":29,"column":6},"end":{"line":29,"column":38}},"type":"binary-expr","locations":[{"start":{"line":29,"column":6},"end":{"line":29,"column":15}},{"start":{"line":29,"column":19},"end":{"line":29,"column":38}}],"line":29},"3":{"loc":{"start":{"line":32,"column":2},"end":{"line":34,"column":3}},"type":"if","locations":[{"start":{"line":32,"column":2},"end":{"line":34,"column":3}},{"start":{},"end":{}}],"line":32},"4":{"loc":{"start":{"line":35,"column":2},"end":{"line":37,"column":3}},"type":"if","locations":[{"start":{"line":35,"column":2},"end":{"line":37,"column":3}},{"start":{},"end":{}}],"line":35},"5":{"loc":{"start":{"line":47,"column":4},"end":{"line":49,"column":5}},"type":"if","locations":[{"start":{"line":47,"column":4},"end":{"line":49,"column":5}},{"start":{},"end":{}}],"line":47},"6":{"loc":{"start":{"line":47,"column":8},"end":{"line":47,"column":54}},"type":"binary-expr","locations":[{"start":{"line":47,"column":8},"end":{"line":47,"column":18}},{"start":{"line":47,"column":22},"end":{"line":47,"column":31}},{"start":{"line":47,"column":35},"end":{"line":47,"column":41}},{"start":{"line":47,"column":45},"end":{"line":47,"column":54}}],"line":47},"7":{"loc":{"start":{"line":52,"column":4},"end":{"line":54,"column":5}},"type":"if","locations":[{"start":{"line":52,"column":4},"end":{"line":54,"column":5}},{"start":{},"end":{}}],"line":52},"8":{"loc":{"start":{"line":60,"column":4},"end":{"line":81,"column":5}},"type":"if","locations":[{"start":{"line":60,"column":4},"end":{"line":81,"column":5}},{"start":{},"end":{}}],"line":60},"9":{"loc":{"start":{"line":61,"column":6},"end":{"line":73,"column":7}},"type":"if","locations":[{"start":{"line":61,"column":6},"end":{"line":73,"column":7}},{"start":{},"end":{}}],"line":61},"10":{"loc":{"start":{"line":101,"column":4},"end":{"line":109,"column":5}},"type":"if","locations":[{"start":{"line":101,"column":4},"end":{"line":109,"column":5}},{"start":{},"end":{}}],"line":101},"11":{"loc":{"start":{"line":120,"column":4},"end":{"line":122,"column":5}},"type":"if","locations":[{"start":{"line":120,"column":4},"end":{"line":122,"column":5}},{"start":{},"end":{}}],"line":120},"12":{"loc":{"start":{"line":120,"column":8},"end":{"line":120,"column":22}},"type":"binary-expr","locations":[{"start":{"line":120,"column":8},"end":{"line":120,"column":14}},{"start":{"line":120,"column":18},"end":{"line":120,"column":22}}],"line":120},"13":{"loc":{"start":{"line":126,"column":4},"end":{"line":128,"column":5}},"type":"if","locations":[{"start":{"line":126,"column":4},"end":{"line":128,"column":5}},{"start":{},"end":{}}],"line":126},"14":{"loc":{"start":{"line":126,"column":8},"end":{"line":126,"column":95}},"type":"binary-expr","locations":[{"start":{"line":126,"column":8},"end":{"line":126,"column":13}},{"start":{"line":126,"column":17},"end":{"line":126,"column":32}},{"start":{"line":126,"column":36},"end":{"line":126,"column":45}},{"start":{"line":126,"column":49},"end":{"line":126,"column":64}},{"start":{"line":126,"column":68},"end":{"line":126,"column":95}}],"line":126},"15":{"loc":{"start":{"line":130,"column":4},"end":{"line":136,"column":5}},"type":"if","locations":[{"start":{"line":130,"column":4},"end":{"line":136,"column":5}},{"start":{},"end":{}}],"line":130},"16":{"loc":{"start":{"line":139,"column":4},"end":{"line":153,"column":5}},"type":"if","locations":[{"start":{"line":139,"column":4},"end":{"line":153,"column":5}},{"start":{},"end":{}}],"line":139},"17":{"loc":{"start":{"line":140,"column":26},"end":{"line":140,"column":47}},"type":"binary-expr","locations":[{"start":{"line":140,"column":26},"end":{"line":140,"column":42}},{"start":{"line":140,"column":46},"end":{"line":140,"column":47}}],"line":140},"18":{"loc":{"start":{"line":141,"column":6},"end":{"line":147,"column":7}},"type":"if","locations":[{"start":{"line":141,"column":6},"end":{"line":147,"column":7}},{"start":{},"end":{}}],"line":141},"19":{"loc":{"start":{"line":151,"column":61},"end":{"line":151,"column":95}},"type":"cond-expr","locations":[{"start":{"line":151,"column":87},"end":{"line":151,"column":89}},{"start":{"line":151,"column":92},"end":{"line":151,"column":95}}],"line":151},"20":{"loc":{"start":{"line":169,"column":22},"end":{"line":169,"column":49}},"type":"binary-expr","locations":[{"start":{"line":169,"column":22},"end":{"line":169,"column":41}},{"start":{"line":169,"column":45},"end":{"line":169,"column":49}}],"line":169},"21":{"loc":{"start":{"line":170,"column":28},"end":{"line":170,"column":62}},"type":"binary-expr","locations":[{"start":{"line":170,"column":28},"end":{"line":170,"column":53}},{"start":{"line":170,"column":57},"end":{"line":170,"column":62}}],"line":170},"22":{"loc":{"start":{"line":190,"column":4},"end":{"line":205,"column":5}},"type":"if","locations":[{"start":{"line":190,"column":4},"end":{"line":205,"column":5}},{"start":{},"end":{}}],"line":190},"23":{"loc":{"start":{"line":190,"column":8},"end":{"line":190,"column":32}},"type":"binary-expr","locations":[{"start":{"line":190,"column":8},"end":{"line":190,"column":12}},{"start":{"line":190,"column":16},"end":{"line":190,"column":32}}],"line":190},"24":{"loc":{"start":{"line":192,"column":6},"end":{"line":195,"column":7}},"type":"if","locations":[{"start":{"line":192,"column":6},"end":{"line":195,"column":7}},{"start":{},"end":{}}],"line":192},"25":{"loc":{"start":{"line":192,"column":10},"end":{"line":192,"column":97}},"type":"binary-expr","locations":[{"start":{"line":192,"column":10},"end":{"line":192,"column":28}},{"start":{"line":192,"column":33},"end":{"line":192,"column":96}}],"line":192},"26":{"loc":{"start":{"line":219,"column":4},"end":{"line":221,"column":5}},"type":"if","locations":[{"start":{"line":219,"column":4},"end":{"line":221,"column":5}},{"start":{},"end":{}}],"line":219},"27":{"loc":{"start":{"line":219,"column":8},"end":{"line":219,"column":27}},"type":"binary-expr","locations":[{"start":{"line":219,"column":8},"end":{"line":219,"column":14}},{"start":{"line":219,"column":18},"end":{"line":219,"column":27}}],"line":219},"28":{"loc":{"start":{"line":227,"column":26},"end":{"line":227,"column":59}},"type":"cond-expr","locations":[{"start":{"line":227,"column":33},"end":{"line":227,"column":46}},{"start":{"line":227,"column":49},"end":{"line":227,"column":59}}],"line":227},"29":{"loc":{"start":{"line":230,"column":4},"end":{"line":232,"column":5}},"type":"if","locations":[{"start":{"line":230,"column":4},"end":{"line":232,"column":5}},{"start":{},"end":{}}],"line":230},"30":{"loc":{"start":{"line":230,"column":8},"end":{"line":230,"column":25}},"type":"binary-expr","locations":[{"start":{"line":230,"column":8},"end":{"line":230,"column":13}},{"start":{"line":230,"column":17},"end":{"line":230,"column":25}}],"line":230},"31":{"loc":{"start":{"line":234,"column":4},"end":{"line":236,"column":5}},"type":"if","locations":[{"start":{"line":234,"column":4},"end":{"line":236,"column":5}},{"start":{},"end":{}}],"line":234},"32":{"loc":{"start":{"line":246,"column":22},"end":{"line":246,"column":49}},"type":"binary-expr","locations":[{"start":{"line":246,"column":22},"end":{"line":246,"column":41}},{"start":{"line":246,"column":45},"end":{"line":246,"column":49}}],"line":246},"33":{"loc":{"start":{"line":247,"column":28},"end":{"line":247,"column":62}},"type":"binary-expr","locations":[{"start":{"line":247,"column":28},"end":{"line":247,"column":53}},{"start":{"line":247,"column":57},"end":{"line":247,"column":62}}],"line":247},"34":{"loc":{"start":{"line":264,"column":4},"end":{"line":292,"column":5}},"type":"if","locations":[{"start":{"line":264,"column":4},"end":{"line":292,"column":5}},{"start":{"line":290,"column":11},"end":{"line":292,"column":5}}],"line":264},"35":{"loc":{"start":{"line":265,"column":29},"end":{"line":265,"column":77}},"type":"binary-expr","locations":[{"start":{"line":265,"column":29},"end":{"line":265,"column":53}},{"start":{"line":265,"column":57},"end":{"line":265,"column":77}}],"line":265},"36":{"loc":{"start":{"line":266,"column":6},"end":{"line":268,"column":7}},"type":"if","locations":[{"start":{"line":266,"column":6},"end":{"line":268,"column":7}},{"start":{},"end":{}}],"line":266},"37":{"loc":{"start":{"line":269,"column":29},"end":{"line":269,"column":77}},"type":"binary-expr","locations":[{"start":{"line":269,"column":29},"end":{"line":269,"column":53}},{"start":{"line":269,"column":57},"end":{"line":269,"column":77}}],"line":269},"38":{"loc":{"start":{"line":270,"column":30},"end":{"line":270,"column":80}},"type":"binary-expr","locations":[{"start":{"line":270,"column":30},"end":{"line":270,"column":55}},{"start":{"line":270,"column":59},"end":{"line":270,"column":80}}],"line":270},"39":{"loc":{"start":{"line":271,"column":6},"end":{"line":273,"column":7}},"type":"if","locations":[{"start":{"line":271,"column":6},"end":{"line":273,"column":7}},{"start":{},"end":{}}],"line":271},"40":{"loc":{"start":{"line":282,"column":24},"end":{"line":282,"column":58}},"type":"binary-expr","locations":[{"start":{"line":282,"column":24},"end":{"line":282,"column":50}},{"start":{"line":282,"column":54},"end":{"line":282,"column":58}}],"line":282},"41":{"loc":{"start":{"line":283,"column":30},"end":{"line":283,"column":71}},"type":"binary-expr","locations":[{"start":{"line":283,"column":30},"end":{"line":283,"column":62}},{"start":{"line":283,"column":66},"end":{"line":283,"column":71}}],"line":283},"42":{"loc":{"start":{"line":300,"column":2},"end":{"line":300,"column":53}},"type":"if","locations":[{"start":{"line":300,"column":2},"end":{"line":300,"column":53}},{"start":{},"end":{}}],"line":300},"43":{"loc":{"start":{"line":300,"column":6},"end":{"line":300,"column":40}},"type":"binary-expr","locations":[{"start":{"line":300,"column":6},"end":{"line":300,"column":22}},{"start":{"line":300,"column":26},"end":{"line":300,"column":40}}],"line":300},"44":{"loc":{"start":{"line":301,"column":2},"end":{"line":301,"column":75}},"type":"if","locations":[{"start":{"line":301,"column":2},"end":{"line":301,"column":75}},{"start":{},"end":{}}],"line":301},"45":{"loc":{"start":{"line":306,"column":2},"end":{"line":308,"column":3}},"type":"if","locations":[{"start":{"line":306,"column":2},"end":{"line":308,"column":3}},{"start":{},"end":{}}],"line":306},"46":{"loc":{"start":{"line":306,"column":6},"end":{"line":306,"column":30}},"type":"binary-expr","locations":[{"start":{"line":306,"column":6},"end":{"line":306,"column":16}},{"start":{"line":306,"column":20},"end":{"line":306,"column":30}}],"line":306},"47":{"loc":{"start":{"line":311,"column":2},"end":{"line":313,"column":3}},"type":"if","locations":[{"start":{"line":311,"column":2},"end":{"line":313,"column":3}},{"start":{},"end":{}}],"line":311},"48":{"loc":{"start":{"line":322,"column":4},"end":{"line":322,"column":73}},"type":"if","locations":[{"start":{"line":322,"column":4},"end":{"line":322,"column":73}},{"start":{},"end":{}}],"line":322},"49":{"loc":{"start":{"line":328,"column":4},"end":{"line":328,"column":52}},"type":"if","locations":[{"start":{"line":328,"column":4},"end":{"line":328,"column":52}},{"start":{},"end":{}}],"line":328},"50":{"loc":{"start":{"line":329,"column":4},"end":{"line":329,"column":51}},"type":"if","locations":[{"start":{"line":329,"column":4},"end":{"line":329,"column":51}},{"start":{},"end":{}}],"line":329},"51":{"loc":{"start":{"line":332,"column":4},"end":{"line":338,"column":5}},"type":"if","locations":[{"start":{"line":332,"column":4},"end":{"line":338,"column":5}},{"start":{},"end":{}}],"line":332},"52":{"loc":{"start":{"line":334,"column":6},"end":{"line":336,"column":7}},"type":"if","locations":[{"start":{"line":334,"column":6},"end":{"line":336,"column":7}},{"start":{},"end":{}}],"line":334},"53":{"loc":{"start":{"line":337,"column":28},"end":{"line":337,"column":50}},"type":"binary-expr","locations":[{"start":{"line":337,"column":28},"end":{"line":337,"column":42}},{"start":{"line":337,"column":46},"end":{"line":337,"column":50}}],"line":337},"54":{"loc":{"start":{"line":342,"column":4},"end":{"line":354,"column":5}},"type":"if","locations":[{"start":{"line":342,"column":4},"end":{"line":354,"column":5}},{"start":{},"end":{}}],"line":342},"55":{"loc":{"start":{"line":342,"column":8},"end":{"line":342,"column":57}},"type":"binary-expr","locations":[{"start":{"line":342,"column":8},"end":{"line":342,"column":23}},{"start":{"line":342,"column":27},"end":{"line":342,"column":57}}],"line":342},"56":{"loc":{"start":{"line":344,"column":6},"end":{"line":344,"column":90}},"type":"if","locations":[{"start":{"line":344,"column":6},"end":{"line":344,"column":90}},{"start":{},"end":{}}],"line":344},"57":{"loc":{"start":{"line":357,"column":4},"end":{"line":366,"column":5}},"type":"if","locations":[{"start":{"line":357,"column":4},"end":{"line":366,"column":5}},{"start":{},"end":{}}],"line":357},"58":{"loc":{"start":{"line":358,"column":6},"end":{"line":360,"column":7}},"type":"if","locations":[{"start":{"line":358,"column":6},"end":{"line":360,"column":7}},{"start":{},"end":{}}],"line":358},"59":{"loc":{"start":{"line":362,"column":6},"end":{"line":362,"column":92}},"type":"if","locations":[{"start":{"line":362,"column":6},"end":{"line":362,"column":92}},{"start":{},"end":{}}],"line":362},"60":{"loc":{"start":{"line":364,"column":6},"end":{"line":364,"column":80}},"type":"if","locations":[{"start":{"line":364,"column":6},"end":{"line":364,"column":80}},{"start":{},"end":{}}],"line":364},"61":{"loc":{"start":{"line":379,"column":22},"end":{"line":379,"column":52}},"type":"binary-expr","locations":[{"start":{"line":379,"column":22},"end":{"line":379,"column":44}},{"start":{"line":379,"column":48},"end":{"line":379,"column":52}}],"line":379},"62":{"loc":{"start":{"line":387,"column":20},"end":{"line":387,"column":73}},"type":"cond-expr","locations":[{"start":{"line":387,"column":41},"end":{"line":387,"column":61}},{"start":{"line":387,"column":64},"end":{"line":387,"column":73}}],"line":387},"63":{"loc":{"start":{"line":388,"column":15},"end":{"line":390,"column":41}},"type":"cond-expr","locations":[{"start":{"line":389,"column":10},"end":{"line":389,"column":74}},{"start":{"line":390,"column":10},"end":{"line":390,"column":41}}],"line":388},"64":{"loc":{"start":{"line":402,"column":4},"end":{"line":402,"column":73}},"type":"if","locations":[{"start":{"line":402,"column":4},"end":{"line":402,"column":73}},{"start":{},"end":{}}],"line":402},"65":{"loc":{"start":{"line":404,"column":4},"end":{"line":406,"column":5}},"type":"if","locations":[{"start":{"line":404,"column":4},"end":{"line":406,"column":5}},{"start":{},"end":{}}],"line":404},"66":{"loc":{"start":{"line":404,"column":8},"end":{"line":404,"column":58}},"type":"binary-expr","locations":[{"start":{"line":404,"column":8},"end":{"line":404,"column":26}},{"start":{"line":404,"column":30},"end":{"line":404,"column":39}},{"start":{"line":404,"column":43},"end":{"line":404,"column":58}}],"line":404},"67":{"loc":{"start":{"line":407,"column":4},"end":{"line":409,"column":5}},"type":"if","locations":[{"start":{"line":407,"column":4},"end":{"line":409,"column":5}},{"start":{},"end":{}}],"line":407},"68":{"loc":{"start":{"line":411,"column":4},"end":{"line":417,"column":5}},"type":"if","locations":[{"start":{"line":411,"column":4},"end":{"line":417,"column":5}},{"start":{},"end":{}}],"line":411},"69":{"loc":{"start":{"line":420,"column":4},"end":{"line":434,"column":5}},"type":"if","locations":[{"start":{"line":420,"column":4},"end":{"line":434,"column":5}},{"start":{},"end":{}}],"line":420},"70":{"loc":{"start":{"line":421,"column":26},"end":{"line":421,"column":47}},"type":"binary-expr","locations":[{"start":{"line":421,"column":26},"end":{"line":421,"column":42}},{"start":{"line":421,"column":46},"end":{"line":421,"column":47}}],"line":421},"71":{"loc":{"start":{"line":422,"column":6},"end":{"line":428,"column":7}},"type":"if","locations":[{"start":{"line":422,"column":6},"end":{"line":428,"column":7}},{"start":{},"end":{}}],"line":422},"72":{"loc":{"start":{"line":432,"column":61},"end":{"line":432,"column":95}},"type":"cond-expr","locations":[{"start":{"line":432,"column":87},"end":{"line":432,"column":89}},{"start":{"line":432,"column":92},"end":{"line":432,"column":95}}],"line":432},"73":{"loc":{"start":{"line":452,"column":22},"end":{"line":452,"column":52}},"type":"binary-expr","locations":[{"start":{"line":452,"column":22},"end":{"line":452,"column":44}},{"start":{"line":452,"column":48},"end":{"line":452,"column":52}}],"line":452},"74":{"loc":{"start":{"line":467,"column":4},"end":{"line":467,"column":73}},"type":"if","locations":[{"start":{"line":467,"column":4},"end":{"line":467,"column":73}},{"start":{},"end":{}}],"line":467},"75":{"loc":{"start":{"line":487,"column":22},"end":{"line":487,"column":49}},"type":"binary-expr","locations":[{"start":{"line":487,"column":22},"end":{"line":487,"column":41}},{"start":{"line":487,"column":45},"end":{"line":487,"column":49}}],"line":487}},"s":{"0":1,"1":1,"2":1,"3":1,"4":1,"5":1,"6":1,"7":0,"8":1,"9":1,"10":0,"11":1,"12":0,"13":0,"14":0,"15":0,"16":0,"17":0,"18":0,"19":1,"20":0,"21":0,"22":0,"23":0,"24":0,"25":0,"26":0,"27":0,"28":0,"29":0,"30":0,"31":0,"32":0,"33":0,"34":0,"35":0,"36":0,"37":0,"38":0,"39":0,"40":0,"41":0,"42":0,"43":0,"44":0,"45":0,"46":0,"47":0,"48":0,"49":1,"50":0,"51":0,"52":0,"53":0,"54":0,"55":0,"56":0,"57":0,"58":0,"59":0,"60":0,"61":0,"62":0,"63":0,"64":0,"65":0,"66":0,"67":0,"68":0,"69":0,"70":0,"71":0,"72":0,"73":0,"74":0,"75":0,"76":0,"77":0,"78":0,"79":0,"80":0,"81":0,"82":0,"83":0,"84":0,"85":1,"86":0,"87":0,"88":0,"89":0,"90":0,"91":0,"92":0,"93":0,"94":0,"95":0,"96":0,"97":0,"98":0,"99":0,"100":0,"101":0,"102":0,"103":1,"104":0,"105":0,"106":0,"107":0,"108":0,"109":0,"110":0,"111":0,"112":0,"113":0,"114":0,"115":0,"116":0,"117":0,"118":0,"119":0,"120":1,"121":0,"122":0,"123":0,"124":0,"125":0,"126":0,"127":0,"128":0,"129":0,"130":0,"131":0,"132":0,"133":0,"134":0,"135":1,"136":0,"137":0,"138":0,"139":0,"140":0,"141":0,"142":0,"143":0,"144":0,"145":0,"146":0,"147":1,"148":0,"149":0,"150":0,"151":0,"152":0,"153":0,"154":0,"155":0,"156":0,"157":0,"158":0,"159":0,"160":0,"161":0,"162":0,"163":0,"164":0,"165":0,"166":0,"167":0,"168":0,"169":0,"170":0,"171":0,"172":0,"173":0,"174":0,"175":0,"176":0,"177":0,"178":0,"179":0,"180":0,"181":0,"182":0,"183":0,"184":0,"185":0,"186":0,"187":0,"188":0,"189":0,"190":0,"191":0,"192":1,"193":0,"194":0,"195":0,"196":0,"197":0,"198":0,"199":0,"200":0,"201":0,"202":0,"203":0,"204":0,"205":0,"206":0,"207":0,"208":0,"209":0,"210":0,"211":0,"212":0,"213":0,"214":0,"215":0,"216":0,"217":0,"218":0,"219":0,"220":0,"221":0,"222":0,"223":0,"224":0,"225":0,"226":0,"227":0,"228":0,"229":0,"230":0,"231":1,"232":0,"233":0,"234":0,"235":0,"236":0,"237":0,"238":0,"239":0,"240":0,"241":0,"242":0,"243":0,"244":0,"245":0,"246":0,"247":0,"248":1,"249":0,"250":0,"251":1},"f":{"0":0,"1":0,"2":0,"3":0,"4":0,"5":0,"6":0,"7":0,"8":0,"9":0,"10":0,"11":0,"12":0},"b":{"0":[0],"1":[0,0],"2":[0,0],"3":[0,0],"4":[0,0],"5":[0,0],"6":[0,0,0,0],"7":[0,0],"8":[0,0],"9":[0,0],"10":[0,0],"11":[0,0],"12":[0,0],"13":[0,0],"14":[0,0,0,0,0],"15":[0,0],"16":[0,0],"17":[0,0],"18":[0,0],"19":[0,0],"20":[0,0],"21":[0,0],"22":[0,0],"23":[0,0],"24":[0,0],"25":[0,0],"26":[0,0],"27":[0,0],"28":[0,0],"29":[0,0],"30":[0,0],"31":[0,0],"32":[0,0],"33":[0,0],"34":[0,0],"35":[0,0],"36":[0,0],"37":[0,0],"38":[0,0],"39":[0,0],"40":[0,0],"41":[0,0],"42":[0,0],"43":[0,0],"44":[0,0],"45":[0,0],"46":[0,0],"47":[0,0],"48":[0,0],"49":[0,0],"50":[0,0],"51":[0,0],"52":[0,0],"53":[0,0],"54":[0,0],"55":[0,0],"56":[0,0],"57":[0,0],"58":[0,0],"59":[0,0],"60":[0,0],"61":[0,0],"62":[0,0],"63":[0,0],"64":[0,0],"65":[0,0],"66":[0,0,0],"67":[0,0],"68":[0,0],"69":[0,0],"70":[0,0],"71":[0,0],"72":[0,0],"73":[0,0],"74":[0,0],"75":[0,0]},"_coverageSchema":"1a1c01bbd47fc00a2c39e90264f33305004495a9","hash":"d5a9440d0fddfab2ed14942902fd2b967aa7775b"}
,"/Users/nirukshithpremkumar/filmism/server/controllers/movieProfileController.js": {"path":"/Users/nirukshithpremkumar/filmism/server/controllers/movieProfileController.js","statementMap":{"0":{"start":{"line":1,"column":30},"end":{"line":1,"column":74}},"1":{"start":{"line":2,"column":21},"end":{"line":2,"column":59}},"2":{"start":{"line":8,"column":24},"end":{"line":28,"column":1}},"3":{"start":{"line":9,"column":2},"end":{"line":27,"column":3}},"4":{"start":{"line":10,"column":23},"end":{"line":10,"column":33}},"5":{"start":{"line":11,"column":20},"end":{"line":11,"column":74}},"6":{"start":{"line":13,"column":4},"end":{"line":18,"column":5}},"7":{"start":{"line":14,"column":6},"end":{"line":17,"column":9}},"8":{"start":{"line":20,"column":4},"end":{"line":24,"column":7}},"9":{"start":{"line":26,"column":4},"end":{"line":26,"column":16}},"10":{"start":{"line":34,"column":21},"end":{"line":49,"column":1}},"11":{"start":{"line":35,"column":2},"end":{"line":48,"column":3}},"12":{"start":{"line":36,"column":23},"end":{"line":36,"column":33}},"13":{"start":{"line":37,"column":27},"end":{"line":37,"column":53}},"14":{"start":{"line":39,"column":35},"end":{"line":39,"column":104}},"15":{"start":{"line":41,"column":4},"end":{"line":45,"column":7}},"16":{"start":{"line":47,"column":4},"end":{"line":47,"column":16}},"17":{"start":{"line":56,"column":27},"end":{"line":77,"column":1}},"18":{"start":{"line":57,"column":2},"end":{"line":76,"column":3}},"19":{"start":{"line":58,"column":24},"end":{"line":58,"column":32}},"20":{"start":{"line":60,"column":4},"end":{"line":65,"column":5}},"21":{"start":{"line":61,"column":6},"end":{"line":64,"column":9}},"22":{"start":{"line":67,"column":21},"end":{"line":67,"column":81}},"23":{"start":{"line":69,"column":4},"end":{"line":73,"column":7}},"24":{"start":{"line":75,"column":4},"end":{"line":75,"column":16}},"25":{"start":{"line":83,"column":33},"end":{"line":98,"column":1}},"26":{"start":{"line":84,"column":2},"end":{"line":97,"column":3}},"27":{"start":{"line":85,"column":23},"end":{"line":85,"column":33}},"28":{"start":{"line":86,"column":18},"end":{"line":86,"column":53}},"29":{"start":{"line":88,"column":20},"end":{"line":88,"column":88}},"30":{"start":{"line":90,"column":4},"end":{"line":94,"column":7}},"31":{"start":{"line":96,"column":4},"end":{"line":96,"column":16}},"32":{"start":{"line":104,"column":32},"end":{"line":132,"column":1}},"33":{"start":{"line":105,"column":26},"end":{"line":126,"column":3}},"34":{"start":{"line":128,"column":2},"end":{"line":131,"column":5}},"35":{"start":{"line":134,"column":0},"end":{"line":140,"column":2}}},"fnMap":{"0":{"name":"(anonymous_0)","decl":{"start":{"line":8,"column":24},"end":{"line":8,"column":25}},"loc":{"start":{"line":8,"column":50},"end":{"line":28,"column":1}},"line":8},"1":{"name":"(anonymous_1)","decl":{"start":{"line":34,"column":21},"end":{"line":34,"column":22}},"loc":{"start":{"line":34,"column":47},"end":{"line":49,"column":1}},"line":34},"2":{"name":"(anonymous_2)","decl":{"start":{"line":56,"column":27},"end":{"line":56,"column":28}},"loc":{"start":{"line":56,"column":53},"end":{"line":77,"column":1}},"line":56},"3":{"name":"(anonymous_3)","decl":{"start":{"line":83,"column":33},"end":{"line":83,"column":34}},"loc":{"start":{"line":83,"column":59},"end":{"line":98,"column":1}},"line":83},"4":{"name":"(anonymous_4)","decl":{"start":{"line":104,"column":32},"end":{"line":104,"column":33}},"loc":{"start":{"line":104,"column":46},"end":{"line":132,"column":1}},"line":104}},"branchMap":{"0":{"loc":{"start":{"line":13,"column":4},"end":{"line":18,"column":5}},"type":"if","locations":[{"start":{"line":13,"column":4},"end":{"line":18,"column":5}},{"start":{},"end":{}}],"line":13},"1":{"loc":{"start":{"line":60,"column":4},"end":{"line":65,"column":5}},"type":"if","locations":[{"start":{"line":60,"column":4},"end":{"line":65,"column":5}},{"start":{},"end":{}}],"line":60},"2":{"loc":{"start":{"line":60,"column":8},"end":{"line":60,"column":55}},"type":"binary-expr","locations":[{"start":{"line":60,"column":8},"end":{"line":60,"column":31}},{"start":{"line":60,"column":35},"end":{"line":60,"column":55}}],"line":60},"3":{"loc":{"start":{"line":86,"column":18},"end":{"line":86,"column":53}},"type":"binary-expr","locations":[{"start":{"line":86,"column":18},"end":{"line":86,"column":47}},{"start":{"line":86,"column":51},"end":{"line":86,"column":53}}],"line":86}},"s":{"0":1,"1":1,"2":1,"3":0,"4":0,"5":0,"6":0,"7":0,"8":0,"9":0,"10":1,"11":0,"12":0,"13":0,"14":0,"15":0,"16":0,"17":1,"18":0,"19":0,"20":0,"21":0,"22":0,"23":0,"24":0,"25":1,"26":0,"27":0,"28":0,"29":0,"30":0,"31":0,"32":1,"33":0,"34":0,"35":1},"f":{"0":0,"1":0,"2":0,"3":0,"4":0},"b":{"0":[0,0],"1":[0,0],"2":[0,0],"3":[0,0]},"_coverageSchema":"1a1c01bbd47fc00a2c39e90264f33305004495a9","hash":"5705a4c832106203a66ea52472cc312437eb65b5"}
,"/Users/nirukshithpremkumar/filmism/server/controllers/recommendationController.js": {"path":"/Users/nirukshithpremkumar/filmism/server/controllers/recommendationController.js","statementMap":{"0":{"start":{"line":1,"column":29},"end":{"line":1,"column":72}},"1":{"start":{"line":2,"column":29},"end":{"line":2,"column":72}},"2":{"start":{"line":3,"column":24},"end":{"line":3,"column":62}},"3":{"start":{"line":4,"column":25},"end":{"line":4,"column":67}},"4":{"start":{"line":5,"column":26},"end":{"line":5,"column":69}},"5":{"start":{"line":6,"column":13},"end":{"line":6,"column":47}},"6":{"start":{"line":12,"column":25},"end":{"line":37,"column":1}},"7":{"start":{"line":13,"column":2},"end":{"line":36,"column":3}},"8":{"start":{"line":14,"column":19},"end":{"line":14,"column":48}},"9":{"start":{"line":15,"column":26},"end":{"line":15,"column":34}},"10":{"start":{"line":17,"column":18},"end":{"line":17,"column":53}},"11":{"start":{"line":18,"column":20},"end":{"line":18,"column":81}},"12":{"start":{"line":20,"column":4},"end":{"line":25,"column":5}},"13":{"start":{"line":21,"column":6},"end":{"line":24,"column":9}},"14":{"start":{"line":27,"column":19},"end":{"line":27,"column":76}},"15":{"start":{"line":29,"column":4},"end":{"line":33,"column":7}},"16":{"start":{"line":35,"column":4},"end":{"line":35,"column":16}},"17":{"start":{"line":43,"column":26},"end":{"line":67,"column":1}},"18":{"start":{"line":44,"column":2},"end":{"line":66,"column":3}},"19":{"start":{"line":45,"column":19},"end":{"line":45,"column":48}},"20":{"start":{"line":46,"column":59},"end":{"line":46,"column":67}},"21":{"start":{"line":48,"column":4},"end":{"line":53,"column":5}},"22":{"start":{"line":49,"column":6},"end":{"line":52,"column":9}},"23":{"start":{"line":55,"column":19},"end":{"line":61,"column":6}},"24":{"start":{"line":63,"column":4},"end":{"line":63,"column":21}},"25":{"start":{"line":65,"column":4},"end":{"line":65,"column":16}},"26":{"start":{"line":73,"column":33},"end":{"line":108,"column":1}},"27":{"start":{"line":74,"column":2},"end":{"line":107,"column":3}},"28":{"start":{"line":75,"column":19},"end":{"line":75,"column":48}},"29":{"start":{"line":76,"column":22},"end":{"line":76,"column":41}},"30":{"start":{"line":77,"column":17},"end":{"line":77,"column":50}},"31":{"start":{"line":78,"column":18},"end":{"line":78,"column":53}},"32":{"start":{"line":80,"column":20},"end":{"line":80,"column":85}},"33":{"start":{"line":82,"column":18},"end":{"line":82,"column":53}},"34":{"start":{"line":83,"column":20},"end":{"line":83,"column":81}},"35":{"start":{"line":85,"column":4},"end":{"line":90,"column":5}},"36":{"start":{"line":86,"column":6},"end":{"line":89,"column":9}},"37":{"start":{"line":92,"column":28},"end":{"line":92,"column":119}},"38":{"start":{"line":94,"column":4},"end":{"line":104,"column":7}},"39":{"start":{"line":106,"column":4},"end":{"line":106,"column":16}},"40":{"start":{"line":114,"column":21},"end":{"line":138,"column":1}},"41":{"start":{"line":115,"column":2},"end":{"line":137,"column":3}},"42":{"start":{"line":116,"column":19},"end":{"line":116,"column":48}},"43":{"start":{"line":117,"column":97},"end":{"line":117,"column":105}},"44":{"start":{"line":119,"column":4},"end":{"line":121,"column":5}},"45":{"start":{"line":120,"column":6},"end":{"line":120,"column":98}},"46":{"start":{"line":123,"column":19},"end":{"line":132,"column":6}},"47":{"start":{"line":134,"column":4},"end":{"line":134,"column":21}},"48":{"start":{"line":136,"column":4},"end":{"line":136,"column":16}},"49":{"start":{"line":144,"column":22},"end":{"line":165,"column":1}},"50":{"start":{"line":145,"column":2},"end":{"line":164,"column":3}},"51":{"start":{"line":146,"column":19},"end":{"line":146,"column":48}},"52":{"start":{"line":147,"column":66},"end":{"line":147,"column":74}},"53":{"start":{"line":149,"column":4},"end":{"line":151,"column":5}},"54":{"start":{"line":150,"column":6},"end":{"line":150,"column":111}},"55":{"start":{"line":153,"column":19},"end":{"line":159,"column":6}},"56":{"start":{"line":161,"column":4},"end":{"line":161,"column":21}},"57":{"start":{"line":163,"column":4},"end":{"line":163,"column":16}},"58":{"start":{"line":171,"column":26},"end":{"line":185,"column":1}},"59":{"start":{"line":172,"column":2},"end":{"line":184,"column":3}},"60":{"start":{"line":173,"column":19},"end":{"line":173,"column":48}},"61":{"start":{"line":174,"column":22},"end":{"line":174,"column":41}},"62":{"start":{"line":176,"column":18},"end":{"line":176,"column":87}},"63":{"start":{"line":178,"column":4},"end":{"line":181,"column":7}},"64":{"start":{"line":183,"column":4},"end":{"line":183,"column":16}},"65":{"start":{"line":191,"column":21},"end":{"line":252,"column":1}},"66":{"start":{"line":192,"column":2},"end":{"line":251,"column":3}},"67":{"start":{"line":193,"column":19},"end":{"line":193,"column":48}},"68":{"start":{"line":194,"column":22},"end":{"line":194,"column":41}},"69":{"start":{"line":195,"column":18},"end":{"line":195,"column":53}},"70":{"start":{"line":198,"column":17},"end":{"line":200,"column":13}},"71":{"start":{"line":203,"column":17},"end":{"line":203,"column":26}},"72":{"start":{"line":204,"column":19},"end":{"line":208,"column":6}},"73":{"start":{"line":205,"column":6},"end":{"line":205,"column":43}},"74":{"start":{"line":205,"column":30},"end":{"line":205,"column":43}},"75":{"start":{"line":206,"column":6},"end":{"line":206,"column":25}},"76":{"start":{"line":207,"column":6},"end":{"line":207,"column":18}},"77":{"start":{"line":210,"column":4},"end":{"line":212,"column":5}},"78":{"start":{"line":211,"column":6},"end":{"line":211,"column":56}},"79":{"start":{"line":215,"column":21},"end":{"line":242,"column":5}},"80":{"start":{"line":217,"column":8},"end":{"line":240,"column":9}},"81":{"start":{"line":218,"column":27},"end":{"line":218,"column":65}},"82":{"start":{"line":219,"column":10},"end":{"line":228,"column":12}},"83":{"start":{"line":223,"column":51},"end":{"line":223,"column":57}},"84":{"start":{"line":230,"column":10},"end":{"line":239,"column":12}},"85":{"start":{"line":244,"column":22},"end":{"line":246,"column":26}},"86":{"start":{"line":245,"column":21},"end":{"line":245,"column":45}},"87":{"start":{"line":246,"column":18},"end":{"line":246,"column":25}},"88":{"start":{"line":248,"column":4},"end":{"line":248,"column":43}},"89":{"start":{"line":250,"column":4},"end":{"line":250,"column":16}},"90":{"start":{"line":258,"column":17},"end":{"line":311,"column":1}},"91":{"start":{"line":259,"column":2},"end":{"line":310,"column":3}},"92":{"start":{"line":260,"column":19},"end":{"line":260,"column":48}},"93":{"start":{"line":261,"column":22},"end":{"line":261,"column":41}},"94":{"start":{"line":262,"column":18},"end":{"line":262,"column":53}},"95":{"start":{"line":264,"column":17},"end":{"line":266,"column":13}},"96":{"start":{"line":268,"column":4},"end":{"line":268,"column":73}},"97":{"start":{"line":268,"column":27},"end":{"line":268,"column":73}},"98":{"start":{"line":270,"column":21},"end":{"line":301,"column":5}},"99":{"start":{"line":272,"column":8},"end":{"line":299,"column":9}},"100":{"start":{"line":273,"column":27},"end":{"line":273,"column":65}},"101":{"start":{"line":274,"column":10},"end":{"line":285,"column":12}},"102":{"start":{"line":278,"column":51},"end":{"line":278,"column":57}},"103":{"start":{"line":287,"column":10},"end":{"line":298,"column":12}},"104":{"start":{"line":303,"column":18},"end":{"line":305,"column":26}},"105":{"start":{"line":304,"column":21},"end":{"line":304,"column":45}},"106":{"start":{"line":305,"column":18},"end":{"line":305,"column":25}},"107":{"start":{"line":307,"column":4},"end":{"line":307,"column":39}},"108":{"start":{"line":309,"column":4},"end":{"line":309,"column":16}},"109":{"start":{"line":313,"column":0},"end":{"line":322,"column":2}}},"fnMap":{"0":{"name":"(anonymous_0)","decl":{"start":{"line":12,"column":25},"end":{"line":12,"column":26}},"loc":{"start":{"line":12,"column":51},"end":{"line":37,"column":1}},"line":12},"1":{"name":"(anonymous_1)","decl":{"start":{"line":43,"column":26},"end":{"line":43,"column":27}},"loc":{"start":{"line":43,"column":52},"end":{"line":67,"column":1}},"line":43},"2":{"name":"(anonymous_2)","decl":{"start":{"line":73,"column":33},"end":{"line":73,"column":34}},"loc":{"start":{"line":73,"column":59},"end":{"line":108,"column":1}},"line":73},"3":{"name":"(anonymous_3)","decl":{"start":{"line":114,"column":21},"end":{"line":114,"column":22}},"loc":{"start":{"line":114,"column":47},"end":{"line":138,"column":1}},"line":114},"4":{"name":"(anonymous_4)","decl":{"start":{"line":144,"column":22},"end":{"line":144,"column":23}},"loc":{"start":{"line":144,"column":48},"end":{"line":165,"column":1}},"line":144},"5":{"name":"(anonymous_5)","decl":{"start":{"line":171,"column":26},"end":{"line":171,"column":27}},"loc":{"start":{"line":171,"column":52},"end":{"line":185,"column":1}},"line":171},"6":{"name":"(anonymous_6)","decl":{"start":{"line":191,"column":21},"end":{"line":191,"column":22}},"loc":{"start":{"line":191,"column":47},"end":{"line":252,"column":1}},"line":191},"7":{"name":"(anonymous_7)","decl":{"start":{"line":204,"column":31},"end":{"line":204,"column":32}},"loc":{"start":{"line":204,"column":38},"end":{"line":208,"column":5}},"line":204},"8":{"name":"(anonymous_8)","decl":{"start":{"line":216,"column":17},"end":{"line":216,"column":18}},"loc":{"start":{"line":216,"column":32},"end":{"line":241,"column":7}},"line":216},"9":{"name":"(anonymous_9)","decl":{"start":{"line":223,"column":44},"end":{"line":223,"column":45}},"loc":{"start":{"line":223,"column":51},"end":{"line":223,"column":57}},"line":223},"10":{"name":"(anonymous_10)","decl":{"start":{"line":245,"column":14},"end":{"line":245,"column":15}},"loc":{"start":{"line":245,"column":21},"end":{"line":245,"column":45}},"line":245},"11":{"name":"(anonymous_11)","decl":{"start":{"line":246,"column":11},"end":{"line":246,"column":12}},"loc":{"start":{"line":246,"column":18},"end":{"line":246,"column":25}},"line":246},"12":{"name":"(anonymous_12)","decl":{"start":{"line":258,"column":17},"end":{"line":258,"column":18}},"loc":{"start":{"line":258,"column":43},"end":{"line":311,"column":1}},"line":258},"13":{"name":"(anonymous_13)","decl":{"start":{"line":271,"column":15},"end":{"line":271,"column":16}},"loc":{"start":{"line":271,"column":30},"end":{"line":300,"column":7}},"line":271},"14":{"name":"(anonymous_14)","decl":{"start":{"line":278,"column":44},"end":{"line":278,"column":45}},"loc":{"start":{"line":278,"column":51},"end":{"line":278,"column":57}},"line":278},"15":{"name":"(anonymous_15)","decl":{"start":{"line":304,"column":14},"end":{"line":304,"column":15}},"loc":{"start":{"line":304,"column":21},"end":{"line":304,"column":45}},"line":304},"16":{"name":"(anonymous_16)","decl":{"start":{"line":305,"column":11},"end":{"line":305,"column":12}},"loc":{"start":{"line":305,"column":18},"end":{"line":305,"column":25}},"line":305}},"branchMap":{"0":{"loc":{"start":{"line":14,"column":19},"end":{"line":14,"column":48}},"type":"binary-expr","locations":[{"start":{"line":14,"column":19},"end":{"line":14,"column":32}},{"start":{"line":14,"column":36},"end":{"line":14,"column":48}}],"line":14},"1":{"loc":{"start":{"line":17,"column":18},"end":{"line":17,"column":53}},"type":"cond-expr","locations":[{"start":{"line":17,"column":27},"end":{"line":17,"column":37}},{"start":{"line":17,"column":40},"end":{"line":17,"column":53}}],"line":17},"2":{"loc":{"start":{"line":20,"column":4},"end":{"line":25,"column":5}},"type":"if","locations":[{"start":{"line":20,"column":4},"end":{"line":25,"column":5}},{"start":{},"end":{}}],"line":20},"3":{"loc":{"start":{"line":45,"column":19},"end":{"line":45,"column":48}},"type":"binary-expr","locations":[{"start":{"line":45,"column":19},"end":{"line":45,"column":32}},{"start":{"line":45,"column":36},"end":{"line":45,"column":48}}],"line":45},"4":{"loc":{"start":{"line":48,"column":4},"end":{"line":53,"column":5}},"type":"if","locations":[{"start":{"line":48,"column":4},"end":{"line":53,"column":5}},{"start":{},"end":{}}],"line":48},"5":{"loc":{"start":{"line":48,"column":8},"end":{"line":48,"column":39}},"type":"binary-expr","locations":[{"start":{"line":48,"column":8},"end":{"line":48,"column":15}},{"start":{"line":48,"column":19},"end":{"line":48,"column":39}}],"line":48},"6":{"loc":{"start":{"line":75,"column":19},"end":{"line":75,"column":48}},"type":"binary-expr","locations":[{"start":{"line":75,"column":19},"end":{"line":75,"column":32}},{"start":{"line":75,"column":36},"end":{"line":75,"column":48}}],"line":75},"7":{"loc":{"start":{"line":77,"column":17},"end":{"line":77,"column":50}},"type":"binary-expr","locations":[{"start":{"line":77,"column":17},"end":{"line":77,"column":45}},{"start":{"line":77,"column":49},"end":{"line":77,"column":50}}],"line":77},"8":{"loc":{"start":{"line":78,"column":18},"end":{"line":78,"column":53}},"type":"binary-expr","locations":[{"start":{"line":78,"column":18},"end":{"line":78,"column":47}},{"start":{"line":78,"column":51},"end":{"line":78,"column":53}}],"line":78},"9":{"loc":{"start":{"line":80,"column":20},"end":{"line":80,"column":85}},"type":"binary-expr","locations":[{"start":{"line":80,"column":20},"end":{"line":80,"column":48}},{"start":{"line":80,"column":52},"end":{"line":80,"column":85}}],"line":80},"10":{"loc":{"start":{"line":82,"column":18},"end":{"line":82,"column":53}},"type":"cond-expr","locations":[{"start":{"line":82,"column":27},"end":{"line":82,"column":37}},{"start":{"line":82,"column":40},"end":{"line":82,"column":53}}],"line":82},"11":{"loc":{"start":{"line":85,"column":4},"end":{"line":90,"column":5}},"type":"if","locations":[{"start":{"line":85,"column":4},"end":{"line":90,"column":5}},{"start":{},"end":{}}],"line":85},"12":{"loc":{"start":{"line":97,"column":12},"end":{"line":97,"column":40}},"type":"binary-expr","locations":[{"start":{"line":97,"column":12},"end":{"line":97,"column":32}},{"start":{"line":97,"column":36},"end":{"line":97,"column":40}}],"line":97},"13":{"loc":{"start":{"line":98,"column":13},"end":{"line":98,"column":43}},"type":"binary-expr","locations":[{"start":{"line":98,"column":13},"end":{"line":98,"column":34}},{"start":{"line":98,"column":38},"end":{"line":98,"column":43}}],"line":98},"14":{"loc":{"start":{"line":99,"column":13},"end":{"line":99,"column":60}},"type":"binary-expr","locations":[{"start":{"line":99,"column":13},"end":{"line":99,"column":34}},{"start":{"line":99,"column":38},"end":{"line":99,"column":60}}],"line":99},"15":{"loc":{"start":{"line":100,"column":15},"end":{"line":100,"column":86}},"type":"cond-expr","locations":[{"start":{"line":100,"column":55},"end":{"line":100,"column":78}},{"start":{"line":100,"column":81},"end":{"line":100,"column":86}}],"line":100},"16":{"loc":{"start":{"line":116,"column":19},"end":{"line":116,"column":48}},"type":"binary-expr","locations":[{"start":{"line":116,"column":19},"end":{"line":116,"column":32}},{"start":{"line":116,"column":36},"end":{"line":116,"column":48}}],"line":116},"17":{"loc":{"start":{"line":119,"column":4},"end":{"line":121,"column":5}},"type":"if","locations":[{"start":{"line":119,"column":4},"end":{"line":121,"column":5}},{"start":{},"end":{}}],"line":119},"18":{"loc":{"start":{"line":119,"column":8},"end":{"line":119,"column":26}},"type":"binary-expr","locations":[{"start":{"line":119,"column":8},"end":{"line":119,"column":15}},{"start":{"line":119,"column":19},"end":{"line":119,"column":26}}],"line":119},"19":{"loc":{"start":{"line":146,"column":19},"end":{"line":146,"column":48}},"type":"binary-expr","locations":[{"start":{"line":146,"column":19},"end":{"line":146,"column":32}},{"start":{"line":146,"column":36},"end":{"line":146,"column":48}}],"line":146},"20":{"loc":{"start":{"line":149,"column":4},"end":{"line":151,"column":5}},"type":"if","locations":[{"start":{"line":149,"column":4},"end":{"line":151,"column":5}},{"start":{},"end":{}}],"line":149},"21":{"loc":{"start":{"line":149,"column":8},"end":{"line":149,"column":46}},"type":"binary-expr","locations":[{"start":{"line":149,"column":8},"end":{"line":149,"column":15}},{"start":{"line":149,"column":19},"end":{"line":149,"column":46}}],"line":149},"22":{"loc":{"start":{"line":173,"column":19},"end":{"line":173,"column":48}},"type":"binary-expr","locations":[{"start":{"line":173,"column":19},"end":{"line":173,"column":32}},{"start":{"line":173,"column":36},"end":{"line":173,"column":48}}],"line":173},"23":{"loc":{"start":{"line":193,"column":19},"end":{"line":193,"column":48}},"type":"binary-expr","locations":[{"start":{"line":193,"column":19},"end":{"line":193,"column":32}},{"start":{"line":193,"column":36},"end":{"line":193,"column":48}}],"line":193},"24":{"loc":{"start":{"line":195,"column":18},"end":{"line":195,"column":53}},"type":"cond-expr","locations":[{"start":{"line":195,"column":27},"end":{"line":195,"column":37}},{"start":{"line":195,"column":40},"end":{"line":195,"column":53}}],"line":195},"25":{"loc":{"start":{"line":205,"column":6},"end":{"line":205,"column":43}},"type":"if","locations":[{"start":{"line":205,"column":6},"end":{"line":205,"column":43}},{"start":{},"end":{}}],"line":205},"26":{"loc":{"start":{"line":210,"column":4},"end":{"line":212,"column":5}},"type":"if","locations":[{"start":{"line":210,"column":4},"end":{"line":212,"column":5}},{"start":{},"end":{}}],"line":210},"27":{"loc":{"start":{"line":221,"column":19},"end":{"line":221,"column":42}},"type":"binary-expr","locations":[{"start":{"line":221,"column":19},"end":{"line":221,"column":29}},{"start":{"line":221,"column":33},"end":{"line":221,"column":42}}],"line":221},"28":{"loc":{"start":{"line":222,"column":18},"end":{"line":222,"column":86}},"type":"cond-expr","locations":[{"start":{"line":222,"column":38},"end":{"line":222,"column":79}},{"start":{"line":222,"column":82},"end":{"line":222,"column":86}}],"line":222},"29":{"loc":{"start":{"line":223,"column":21},"end":{"line":223,"column":38}},"type":"binary-expr","locations":[{"start":{"line":223,"column":21},"end":{"line":223,"column":32}},{"start":{"line":223,"column":36},"end":{"line":223,"column":38}}],"line":223},"30":{"loc":{"start":{"line":224,"column":25},"end":{"line":224,"column":49}},"type":"binary-expr","locations":[{"start":{"line":224,"column":25},"end":{"line":224,"column":41}},{"start":{"line":224,"column":45},"end":{"line":224,"column":49}}],"line":224},"31":{"loc":{"start":{"line":260,"column":19},"end":{"line":260,"column":48}},"type":"binary-expr","locations":[{"start":{"line":260,"column":19},"end":{"line":260,"column":32}},{"start":{"line":260,"column":36},"end":{"line":260,"column":48}}],"line":260},"32":{"loc":{"start":{"line":262,"column":18},"end":{"line":262,"column":53}},"type":"cond-expr","locations":[{"start":{"line":262,"column":27},"end":{"line":262,"column":37}},{"start":{"line":262,"column":40},"end":{"line":262,"column":53}}],"line":262},"33":{"loc":{"start":{"line":268,"column":4},"end":{"line":268,"column":73}},"type":"if","locations":[{"start":{"line":268,"column":4},"end":{"line":268,"column":73}},{"start":{},"end":{}}],"line":268},"34":{"loc":{"start":{"line":276,"column":19},"end":{"line":276,"column":42}},"type":"binary-expr","locations":[{"start":{"line":276,"column":19},"end":{"line":276,"column":29}},{"start":{"line":276,"column":33},"end":{"line":276,"column":42}}],"line":276},"35":{"loc":{"start":{"line":277,"column":18},"end":{"line":277,"column":86}},"type":"cond-expr","locations":[{"start":{"line":277,"column":38},"end":{"line":277,"column":79}},{"start":{"line":277,"column":82},"end":{"line":277,"column":86}}],"line":277},"36":{"loc":{"start":{"line":278,"column":21},"end":{"line":278,"column":38}},"type":"binary-expr","locations":[{"start":{"line":278,"column":21},"end":{"line":278,"column":32}},{"start":{"line":278,"column":36},"end":{"line":278,"column":38}}],"line":278},"37":{"loc":{"start":{"line":279,"column":25},"end":{"line":279,"column":49}},"type":"binary-expr","locations":[{"start":{"line":279,"column":25},"end":{"line":279,"column":41}},{"start":{"line":279,"column":45},"end":{"line":279,"column":49}}],"line":279}},"s":{"0":1,"1":1,"2":1,"3":1,"4":1,"5":1,"6":1,"7":0,"8":0,"9":0,"10":0,"11":0,"12":0,"13":0,"14":0,"15":0,"16":0,"17":1,"18":0,"19":0,"20":0,"21":0,"22":0,"23":0,"24":0,"25":0,"26":1,"27":0,"28":0,"29":0,"30":0,"31":0,"32":0,"33":0,"34":0,"35":0,"36":0,"37":0,"38":0,"39":0,"40":1,"41":0,"42":0,"43":0,"44":0,"45":0,"46":0,"47":0,"48":0,"49":1,"50":0,"51":0,"52":0,"53":0,"54":0,"55":0,"56":0,"57":0,"58":1,"59":0,"60":0,"61":0,"62":0,"63":0,"64":0,"65":1,"66":0,"67":0,"68":0,"69":0,"70":0,"71":0,"72":0,"73":0,"74":0,"75":0,"76":0,"77":0,"78":0,"79":0,"80":0,"81":0,"82":0,"83":0,"84":0,"85":0,"86":0,"87":0,"88":0,"89":0,"90":1,"91":0,"92":0,"93":0,"94":0,"95":0,"96":0,"97":0,"98":0,"99":0,"100":0,"101":0,"102":0,"103":0,"104":0,"105":0,"106":0,"107":0,"108":0,"109":1},"f":{"0":0,"1":0,"2":0,"3":0,"4":0,"5":0,"6":0,"7":0,"8":0,"9":0,"10":0,"11":0,"12":0,"13":0,"14":0,"15":0,"16":0},"b":{"0":[0,0],"1":[0,0],"2":[0,0],"3":[0,0],"4":[0,0],"5":[0,0],"6":[0,0],"7":[0,0],"8":[0,0],"9":[0,0],"10":[0,0],"11":[0,0],"12":[0,0],"13":[0,0],"14":[0,0],"15":[0,0],"16":[0,0],"17":[0,0],"18":[0,0],"19":[0,0],"20":[0,0],"21":[0,0],"22":[0,0],"23":[0,0],"24":[0,0],"25":[0,0],"26":[0,0],"27":[0,0],"28":[0,0],"29":[0,0],"30":[0,0],"31":[0,0],"32":[0,0],"33":[0,0],"34":[0,0],"35":[0,0],"36":[0,0],"37":[0,0]},"_coverageSchema":"1a1c01bbd47fc00a2c39e90264f33305004495a9","hash":"7dca3e605e91963e5bfe97215ef8aa56147da8f8"}
,"/Users/nirukshithpremkumar/filmism/server/controllers/tasteProfileController.js": {"path":"/Users/nirukshithpremkumar/filmism/server/controllers/tasteProfileController.js","statementMap":{"0":{"start":{"line":1,"column":28},"end":{"line":1,"column":70}},"1":{"start":{"line":2,"column":25},"end":{"line":2,"column":67}},"2":{"start":{"line":3,"column":12},"end":{"line":3,"column":35}},"3":{"start":{"line":9,"column":31},"end":{"line":57,"column":1}},"4":{"start":{"line":10,"column":2},"end":{"line":56,"column":3}},"5":{"start":{"line":11,"column":69},"end":{"line":11,"column":77}},"6":{"start":{"line":12,"column":19},"end":{"line":12,"column":48}},"7":{"start":{"line":14,"column":4},"end":{"line":19,"column":5}},"8":{"start":{"line":15,"column":6},"end":{"line":18,"column":9}},"9":{"start":{"line":21,"column":31},"end":{"line":21,"column":135}},"10":{"start":{"line":23,"column":19},"end":{"line":29,"column":6}},"11":{"start":{"line":31,"column":25},"end":{"line":33,"column":17}},"12":{"start":{"line":35,"column":4},"end":{"line":43,"column":5}},"13":{"start":{"line":36,"column":6},"end":{"line":42,"column":9}},"14":{"start":{"line":45,"column":4},"end":{"line":53,"column":7}},"15":{"start":{"line":55,"column":4},"end":{"line":55,"column":16}},"16":{"start":{"line":63,"column":28},"end":{"line":92,"column":1}},"17":{"start":{"line":64,"column":2},"end":{"line":91,"column":3}},"18":{"start":{"line":65,"column":19},"end":{"line":65,"column":48}},"19":{"start":{"line":66,"column":22},"end":{"line":66,"column":41}},"20":{"start":{"line":68,"column":4},"end":{"line":73,"column":5}},"21":{"start":{"line":69,"column":6},"end":{"line":72,"column":9}},"22":{"start":{"line":75,"column":18},"end":{"line":75,"column":53}},"23":{"start":{"line":76,"column":20},"end":{"line":76,"column":57}},"24":{"start":{"line":78,"column":4},"end":{"line":83,"column":5}},"25":{"start":{"line":79,"column":6},"end":{"line":82,"column":9}},"26":{"start":{"line":85,"column":4},"end":{"line":88,"column":7}},"27":{"start":{"line":90,"column":4},"end":{"line":90,"column":16}},"28":{"start":{"line":98,"column":29},"end":{"line":149,"column":1}},"29":{"start":{"line":99,"column":2},"end":{"line":148,"column":3}},"30":{"start":{"line":100,"column":42},"end":{"line":100,"column":50}},"31":{"start":{"line":101,"column":19},"end":{"line":101,"column":48}},"32":{"start":{"line":103,"column":4},"end":{"line":108,"column":5}},"33":{"start":{"line":104,"column":6},"end":{"line":107,"column":9}},"34":{"start":{"line":110,"column":18},"end":{"line":110,"column":53}},"35":{"start":{"line":111,"column":20},"end":{"line":111,"column":57}},"36":{"start":{"line":113,"column":4},"end":{"line":115,"column":5}},"37":{"start":{"line":114,"column":6},"end":{"line":114,"column":91}},"38":{"start":{"line":117,"column":19},"end":{"line":117,"column":95}},"39":{"start":{"line":118,"column":24},"end":{"line":118,"column":82}},"40":{"start":{"line":118,"column":54},"end":{"line":118,"column":81}},"41":{"start":{"line":120,"column":4},"end":{"line":130,"column":5}},"42":{"start":{"line":121,"column":6},"end":{"line":121,"column":42}},"43":{"start":{"line":122,"column":6},"end":{"line":122,"column":57}},"44":{"start":{"line":124,"column":6},"end":{"line":129,"column":9}},"45":{"start":{"line":133,"column":20},"end":{"line":139,"column":6}},"46":{"start":{"line":141,"column":4},"end":{"line":145,"column":7}},"47":{"start":{"line":147,"column":4},"end":{"line":147,"column":16}},"48":{"start":{"line":155,"column":36},"end":{"line":185,"column":1}},"49":{"start":{"line":156,"column":2},"end":{"line":184,"column":3}},"50":{"start":{"line":157,"column":42},"end":{"line":157,"column":50}},"51":{"start":{"line":158,"column":19},"end":{"line":158,"column":48}},"52":{"start":{"line":160,"column":4},"end":{"line":165,"column":5}},"53":{"start":{"line":161,"column":6},"end":{"line":164,"column":9}},"54":{"start":{"line":167,"column":31},"end":{"line":167,"column":89}},"55":{"start":{"line":169,"column":19},"end":{"line":173,"column":6}},"56":{"start":{"line":175,"column":4},"end":{"line":181,"column":7}},"57":{"start":{"line":183,"column":4},"end":{"line":183,"column":16}},"58":{"start":{"line":187,"column":0},"end":{"line":192,"column":2}}},"fnMap":{"0":{"name":"(anonymous_0)","decl":{"start":{"line":9,"column":31},"end":{"line":9,"column":32}},"loc":{"start":{"line":9,"column":57},"end":{"line":57,"column":1}},"line":9},"1":{"name":"(anonymous_1)","decl":{"start":{"line":63,"column":28},"end":{"line":63,"column":29}},"loc":{"start":{"line":63,"column":54},"end":{"line":92,"column":1}},"line":63},"2":{"name":"(anonymous_2)","decl":{"start":{"line":98,"column":29},"end":{"line":98,"column":30}},"loc":{"start":{"line":98,"column":55},"end":{"line":149,"column":1}},"line":98},"3":{"name":"(anonymous_3)","decl":{"start":{"line":118,"column":47},"end":{"line":118,"column":48}},"loc":{"start":{"line":118,"column":54},"end":{"line":118,"column":81}},"line":118},"4":{"name":"(anonymous_4)","decl":{"start":{"line":155,"column":36},"end":{"line":155,"column":37}},"loc":{"start":{"line":155,"column":62},"end":{"line":185,"column":1}},"line":155}},"branchMap":{"0":{"loc":{"start":{"line":11,"column":12},"end":{"line":11,"column":23}},"type":"default-arg","locations":[{"start":{"line":11,"column":21},"end":{"line":11,"column":23}}],"line":11},"1":{"loc":{"start":{"line":11,"column":25},"end":{"line":11,"column":37}},"type":"default-arg","locations":[{"start":{"line":11,"column":35},"end":{"line":11,"column":37}}],"line":11},"2":{"loc":{"start":{"line":11,"column":39},"end":{"line":11,"column":53}},"type":"default-arg","locations":[{"start":{"line":11,"column":51},"end":{"line":11,"column":53}}],"line":11},"3":{"loc":{"start":{"line":12,"column":19},"end":{"line":12,"column":48}},"type":"binary-expr","locations":[{"start":{"line":12,"column":19},"end":{"line":12,"column":32}},{"start":{"line":12,"column":36},"end":{"line":12,"column":48}}],"line":12},"4":{"loc":{"start":{"line":14,"column":4},"end":{"line":19,"column":5}},"type":"if","locations":[{"start":{"line":14,"column":4},"end":{"line":19,"column":5}},{"start":{},"end":{}}],"line":14},"5":{"loc":{"start":{"line":14,"column":8},"end":{"line":14,"column":59}},"type":"binary-expr","locations":[{"start":{"line":14,"column":8},"end":{"line":14,"column":33}},{"start":{"line":14,"column":37},"end":{"line":14,"column":59}}],"line":14},"6":{"loc":{"start":{"line":21,"column":31},"end":{"line":21,"column":135}},"type":"cond-expr","locations":[{"start":{"line":21,"column":42},"end":{"line":21,"column":122}},{"start":{"line":21,"column":126},"end":{"line":21,"column":135}}],"line":21},"7":{"loc":{"start":{"line":21,"column":42},"end":{"line":21,"column":122}},"type":"binary-expr","locations":[{"start":{"line":21,"column":42},"end":{"line":21,"column":51}},{"start":{"line":21,"column":55},"end":{"line":21,"column":122}}],"line":21},"8":{"loc":{"start":{"line":31,"column":25},"end":{"line":33,"column":17}},"type":"cond-expr","locations":[{"start":{"line":32,"column":8},"end":{"line":32,"column":105}},{"start":{"line":33,"column":8},"end":{"line":33,"column":17}}],"line":31},"9":{"loc":{"start":{"line":35,"column":4},"end":{"line":43,"column":5}},"type":"if","locations":[{"start":{"line":35,"column":4},"end":{"line":43,"column":5}},{"start":{},"end":{}}],"line":35},"10":{"loc":{"start":{"line":65,"column":19},"end":{"line":65,"column":48}},"type":"bin
[...]
2":{"name":"(anonymous_2)","decl":{"start":{"line":98,"column":22},"end":{"line":98,"column":23}},"loc":{"start":{"line":98,"column":31},"end":{"line":101,"column":1}},"line":98},"3":{"name":"(anonymous_3)","decl":{"start":{"line":100,"column":17},"end":{"line":100,"column":18}},"loc":{"start":{"line":100,"column":25},"end":{"line":100,"column":51}},"line":100},"4":{"name":"(anonymous_4)","decl":{"start":{"line":103,"column":38},"end":{"line":103,"column":39}},"loc":{"start":{"line":103,"column":71},"end":{"line":135,"column":1}},"line":103},"5":{"name":"(anonymous_5)","decl":{"start":{"line":108,"column":25},"end":{"line":108,"column":26}},"loc":{"start":{"line":108,"column":32},"end":{"line":116,"column":3}},"line":108},"6":{"name":"(anonymous_6)","decl":{"start":{"line":120,"column":26},"end":{"line":120,"column":27}},"loc":{"start":{"line":120,"column":34},"end":{"line":134,"column":3}},"line":120}},"branchMap":{"0":{"loc":{"start":{"line":89,"column":2},"end":{"line":89,"column":39}},"type":"if","locations":[{"start":{"line":89,"column":2},"end":{"line":89,"column":39}},{"start":{},"end":{}}],"line":89},"1":{"loc":{"start":{"line":91,"column":4},"end":{"line":91,"column":46}},"type":"if","locations":[{"start":{"line":91,"column":4},"end":{"line":91,"column":46}},{"start":{},"end":{}}],"line":91},"2":{"loc":{"start":{"line":92,"column":4},"end":{"line":92,"column":62}},"type":"if","locations":[{"start":{"line":92,"column":4},"end":{"line":92,"column":62}},{"start":{},"end":{}}],"line":92},"3":{"loc":{"start":{"line":94,"column":11},"end":{"line":94,"column":48}},"type":"binary-expr","locations":[{"start":{"line":94,"column":11},"end":{"line":94,"column":40}},{"start":{"line":94,"column":44},"end":{"line":94,"column":48}}],"line":94},"4":{"loc":{"start":{"line":99,"column":2},"end":{"line":99,"column":37}},"type":"if","locations":[{"start":{"line":99,"column":2},"end":{"line":99,"column":37}},{"start":{},"end":{}}],"line":99},"5":{"loc":{"start":{"line":100,"column":25},"end":{"line":100,"column":51}},"type":"binary-expr","locations":[{"start":{"line":100,"column":25},"end":{"line":100,"column":45}},{"start":{"line":100,"column":49},"end":{"line":100,"column":51}}],"line":100},"6":{"loc":{"start":{"line":104,"column":2},"end":{"line":104,"column":81}},"type":"if","locations":[{"start":{"line":104,"column":2},"end":{"line":104,"column":81}},{"start":{},"end":{}}],"line":104},"7":{"loc":{"start":{"line":104,"column":6},"end":{"line":104,"column":67}},"type":"binary-expr","locations":[{"start":{"line":104,"column":6},"end":{"line":104,"column":36}},{"start":{"line":104,"column":40},"end":{"line":104,"column":67}}],"line":104},"8":{"loc":{"start":{"line":105,"column":2},"end":{"line":105,"column":76}},"type":"if","locations":[{"start":{"line":105,"column":2},"end":{"line":105,"column":76}},{"start":{},"end":{}}],"line":105},"9":{"loc":{"start":{"line":105,"column":6},"end":{"line":105,"column":61}},"type":"binary-expr","locations":[{"start":{"line":105,"column":6},"end":{"line":105,"column":33}},{"start":{"line":105,"column":37},"end":{"line":105,"column":61}}],"line":105},"10":{"loc":{"start":{"line":109,"column":4},"end":{"line":115,"column":5}},"type":"if","locations":[{"start":{"line":109,"column":4},"end":{"line":115,"column":5}},{"start":{"line":110,"column":9},"end":{"line":115,"column":5}}],"line":109},"11":{"loc":{"start":{"line":110,"column":9},"end":{"line":115,"column":5}},"type":"if","locations":[{"start":{"line":110,"column":9},"end":{"line":115,"column":5}},{"start":{"line":111,"column":9},"end":{"line":115,"column":5}}],"line":110},"12":{"loc":{"start":{"line":111,"column":9},"end":{"line":115,"column":5}},"type":"if","locations":[{"start":{"line":111,"column":9},"end":{"line":115,"column":5}},{"start":{},"end":{}}],"line":111},"13":{"loc":{"start":{"line":113,"column":6},"end":{"line":114,"column":51}},"type":"if","locations":[{"start":{"line":113,"column":6},"end":{"line":114,"column":51}},{"start":{"line":114,"column":11},"end":{"line":114,"column":51}}],"line":113},"14":{"loc":{"start":{"line":114,"column":11},"end":{"line":114,"column":51}},"type":"if","locations":[{"start":{"line":114,"column":11},"end":{"line":114,"column":51}},{"start":{},"end":{}}],"line":114},"15":{"loc":{"start":{"line":118,"column":2},"end":{"line":118,"column":40}},"type":"if","locations":[{"start":{"line":118,"column":2},"end":{"line":118,"column":40}},{"start":{},"end":{}}],"line":118},"16":{"loc":{"start":{"line":121,"column":4},"end":{"line":121,"column":57}},"type":"if","locations":[{"start":{"line":121,"column":4},"end":{"line":121,"column":57}},{"start":{},"end":{}}],"line":121},"17":{"loc":{"start":{"line":123,"column":4},"end":{"line":123,"column":49}},"type":"if","locations":[{"start":{"line":123,"column":4},"end":{"line":123,"column":49}},{"start":{},"end":{}}],"line":123},"18":{"loc":{"start":{"line":123,"column":8},"end":{"line":123,"column":35}},"type":"binary-expr","locations":[{"start":{"line":123,"column":8},"end":{"line":123,"column":12}},{"start":{"line":123,"column":16},"end":{"line":123,"column":35}}],"line":123},"19":{"loc":{"start":{"line":127,"column":29},"end":{"line":127,"column":56}},"type":"binary-expr","locations":[{"start":{"line":127,"column":29},"end":{"line":127,"column":50}},{"start":{"line":127,"column":54},"end":{"line":127,"column":56}}],"line":127},"20":{"loc":{"start":{"line":128,"column":6},"end":{"line":128,"column":66}},"type":"if","locations":[{"start":{"line":128,"column":6},"end":{"line":128,"column":66}},{"start":{},"end":{}}],"line":128},"21":{"loc":{"start":{"line":128,"column":10},"end":{"line":128,"column":52}},"type":"binary-expr","locations":[{"start":{"line":128,"column":10},"end":{"line":128,"column":23}},{"start":{"line":128,"column":27},"end":{"line":128,"column":52}}],"line":128},"22":{"loc":{"start":{"line":129,"column":6},"end":{"line":129,"column":132}},"type":"if","locations":[{"start":{"line":129,"column":6},"end":{"line":129,"column":132}},{"start":{},"end":{}}],"line":129},"23":{"loc":{"start":{"line":129,"column":10},"end":{"line":129,"column":118}},"type":"binary-expr","locations":[{"start":{"line":129,"column":11},"end":{"line":129,"column":38}},{"start":{"line":129,"column":42},"end":{"line":129,"column":67}},{"start":{"line":129,"column":73},"end":{"line":129,"column":92}},{"start":{"line":129,"column":96},"end":{"line":129,"column":117}}],"line":129},"24":{"loc":{"start":{"line":130,"column":6},"end":{"line":130,"column":150}},"type":"if","locations":[{"start":{"line":130,"column":6},"end":{"line":130,"column":150}},{"start":{},"end":{}}],"line":130},"25":{"loc":{"start":{"line":130,"column":10},"end":{"line":130,"column":136}},"type":"binary-expr","locations":[{"start":{"line":130,"column":11},"end":{"line":130,"column":37}},{"start":{"line":130,"column":41},"end":{"line":130,"column":76}},{"start":{"line":130,"column":82},"end":{"line":130,"column":111}},{"start":{"line":130,"column":115},"end":{"line":130,"column":135}}],"line":130},"26":{"loc":{"start":{"line":131,"column":6},"end":{"line":131,"column":142}},"type":"if","locations":[{"start":{"line":131,"column":6},"end":{"line":131,"column":142}},{"start":{},"end":{}}],"line":131},"27":{"loc":{"start":{"line":131,"column":10},"end":{"line":131,"column":128}},"type":"binary-expr","locations":[{"start":{"line":131,"column":11},"end":{"line":131,"column":41}},{"start":{"line":131,"column":45},"end":{"line":131,"column":72}},{"start":{"line":131,"column":78},"end":{"line":131,"column":99}},{"start":{"line":131,"column":103},"end":{"line":131,"column":127}}],"line":131}},"s":{"0":1,"1":1,"2":1,"3":0,"4":0,"5":0,"6":0,"7":0,"8":0,"9":0,"10":0,"11":0,"12":1,"13":0,"14":0,"15":0,"16":0,"17":1,"18":0,"19":0,"20":0,"21":0,"22":0,"23":0,"24":0,"25":0,"26":0,"27":0,"28":0,"29":0,"30":0,"31":0,"32":0,"33":0,"34":0,"35":0,"36":0,"37":0,"38":0,"39":0,"40":0,"41":0,"42":0,"43":0,"44":0,"45":0,"46":0,"47":0,"48":0,"49":0,"50":0,"51":0,"52":0,"53":0,"54":1},"f":{"0":0,"1":0,"2":0,"3":0,"4":0,"5":0,"6":0},"b":{"0":[0,0],"1":[0,0],"2":[0,0],"3":[0,0],"4":[0,0],"5":[0,0],"6":[0,0],"7":[0,0],"8":[0,0],"9":[0,0],"10":[0,0],"11":[0,0],"12":[0,0],"13":[0,0],"14":[0,0],"15":[0,0],"16":[0,0],"17":[0,0],"18":[0,0],"19":[0,0],"20":[0,0],"21":[0,0],"22":[0,0],"23":[0,0,0,0],"24":[0,0],"25":[0,0,0,0],"26":[0,0],"27":[0,0,0,0]},"_coverageSchema":"1a1c01bbd47fc00a2c39e90264f33305004495a9","hash":"377ede8177ce98b552d475decc22df3c248cd7ee"}
,"/Users/nirukshithpremkumar/filmism/server/utils/originMap.js": {"path":"/Users/nirukshithpremkumar/filmism/server/utils/originMap.js","statementMap":{"0":{"start":{"line":1,"column":36},"end":{"line":16,"column":1}},"1":{"start":{"line":18,"column":36},"end":{"line":33,"column":1}},"2":{"start":{"line":35,"column":31},"end":{"line":38,"column":1}},"3":{"start":{"line":36,"column":2},"end":{"line":36,"column":39}},"4":{"start":{"line":36,"column":29},"end":{"line":36,"column":39}},"5":{"start":{"line":37,"column":2},"end":{"line":37,"column":70}},"6":{"start":{"line":37,"column":27},"end":{"line":37,"column":68}},"7":{"start":{"line":40,"column":31},"end":{"line":43,"column":1}},"8":{"start":{"line":41,"column":2},"end":{"line":41,"column":39}},"9":{"start":{"line":41,"column":29},"end":{"line":41,"column":39}},"10":{"start":{"line":42,"column":2},"end":{"line":42,"column":70}},"11":{"start":{"line":42,"column":27},"end":{"line":42,"column":68}},"12":{"start":{"line":45,"column":0},"end":{"line":50,"column":2}}},"fnMap":{"0":{"name":"(anonymous_0)","decl":{"start":{"line":35,"column":31},"end":{"line":35,"column":32}},"loc":{"start":{"line":35,"column":42},"end":{"line":38,"column":1}},"line":35},"1":{"name":"(anonymous_1)","decl":{"start":{"line":37,"column":19},"end":{"line":37,"column":20}},"loc":{"start":{"line":37,"column":27},"end":{"line":37,"column":68}},"line":37},"2":{"name":"(anonymous_2)","decl":{"start":{"line":40,"column":31},"end":{"line":40,"column":32}},"loc":{"start":{"line":40,"column":42},"end":{"line":43,"column":1}},"line":40},"3":{"name":"(anonymous_3)","decl":{"start":{"line":42,"column":19},"end":{"line":42,"column":20}},"loc":{"start":{"line":42,"column":27},"end":{"line":42,"column":68}},"line":42}},"branchMap":{"0":{"loc":{"start":{"line":36,"column":2},"end":{"line":36,"column":39}},"type":"if","locations":[{"start":{"line":36,"column":2},"end":{"line":36,"column":39}},{"start":{},"end":{}}],"line":36},"1":{"loc":{"start":{"line":37,"column":27},"end":{"line":37,"column":68}},"type":"binary-expr","locations":[{"start":{"line":37,"column":27},"end":{"line":37,"column":60}},{"start":{"line":37,"column":64},"end":{"line":37,"column":68}}],"line":37},"2":{"loc":{"start":{"line":41,"column":2},"end":{"line":41,"column":39}},"type":"if","locations":[{"start":{"line":41,"column":2},"end":{"line":41,"column":39}},{"start":{},"end":{}}],"line":41},"3":{"loc":{"start":{"line":42,"column":27},"end":{"line":42,"column":68}},"type":"binary-expr","locations":[{"start":{"line":42,"column":27},"end":{"line":42,"column":60}},{"start":{"line":42,"column":64},"end":{"line":42,"column":68}}],"line":42}},"s":{"0":1,"1":1,"2":1,"3":0,"4":0,"5":0,"6":0,"7":1,"8":0,"9":0,"10":0,"11":0,"12":1},"f":{"0":0,"1":0,"2":0,"3":0},"b":{"0":[0,0],"1":[0,0],"2":[0,0],"3":[0,0]},"_coverageSchema":"1a1c01bbd47fc00a2c39e90264f33305004495a9","hash":"179fb96e4ac1c0769e3db367b08eb9211e8fc836"}
,"/Users/nirukshithpremkumar/filmism/server/utils/sendEmail.js": {"path":"/Users/nirukshithpremkumar/filmism/server/utils/sendEmail.js","statementMap":{"0":{"start":{"line":1,"column":19},"end":{"line":1,"column":40}},"1":{"start":{"line":3,"column":18},"end":{"line":3,"column":40}},"2":{"start":{"line":4,"column":18},"end":{"line":4,"column":61}},"3":{"start":{"line":6,"column":20},"end":{"line":14,"column":2}},"4":{"start":{"line":16,"column":21},"end":{"line":30,"column":1}},"5":{"start":{"line":17,"column":2},"end":{"line":29,"column":4}},"6":{"start":{"line":32,"column":0},"end":{"line":32,"column":29}}},"fnMap":{"0":{"name":"(anonymous_0)","decl":{"start":{"line":16,"column":21},"end":{"line":16,"column":22}},"loc":{"start":{"line":16,"column":40},"end":{"line":30,"column":1}},"line":16}},"branchMap":{},"s":{"0":1,"1":1,"2":1,"3":1,"4":1,"5":0,"6":1},"f":{"0":0},"b":{},"_coverageSchema":"1a1c01bbd47fc00a2c39e90264f33305004495a9","hash":"ef4edf244d6b7ac7eb7060e440da6417c1cb0579"}
,"/Users/nirukshithpremkumar/filmism/server/validators/authValidators.js": {"path":"/Users/nirukshithpremkumar/filmism/server/validators/authValidators.js","statementMap":{"0":{"start":{"line":1,"column":14},"end":{"line":1,"column":28}},"1":{"start":{"line":4,"column":23},"end":{"line":4,"column":64}},"2":{"start":{"line":6,"column":23},"end":{"line":31,"column":2}},"3":{"start":{"line":33,"column":20},"end":{"line":42,"column":2}},"4":{"start":{"line":44,"column":24},"end":{"line":54,"column":2}},"5":{"start":{"line":56,"column":24},"end":{"line":62,"column":2}},"6":{"start":{"line":64,"column":37},"end":{"line":70,"column":2}},"7":{"start":{"line":72,"column":28},"end":{"line":91,"column":2}},"8":{"start":{"line":93,"column":32},"end":{"line":98,"column":2}},"9":{"start":{"line":100,"column":0},"end":{"line":108,"column":2}}},"fnMap":{},"branchMap":{},"s":{"0":2,"1":2,"2":2,"3":2,"4":2,"5":2,"6":2,"7":2,"8":2,"9":2},"f":{},"b":{},"_coverageSchema":"1a1c01bbd47fc00a2c39e90264f33305004495a9","hash":"a9e9b9d44b116a0ae572ee17b986ba935e4891e6"}
,"/Users/nirukshithpremkumar/filmism/server/validators/movieValidators.js": {"path":"/Users/nirukshithpremkumar/filmism/server/validators/movieValidators.js","statementMap":{"0":{"start":{"line":1,"column":14},"end":{"line":1,"column":28}},"1":{"start":{"line":3,"column":27},"end":{"line":8,"column":2}},"2":{"start":{"line":10,"column":27},"end":{"line":15,"column":2}},"3":{"start":{"line":17,"column":25},"end":{"line":19,"column":2}},"4":{"start":{"line":21,"column":0},"end":{"line":25,"column":2}}},"fnMap":{},"branchMap":{},"s":{"0":2,"1":2,"2":2,"3":2,"4":2},"f":{},"b":{},"_coverageSchema":"1a1c01bbd47fc00a2c39e90264f33305004495a9","hash":"398d32855f9f592b2e2a8b0dd2fea9b3ee1d037f"}
,"/Users/nirukshithpremkumar/filmism/server/validators/recommendationValidators.js": {"path":"/Users/nirukshithpremkumar/filmism/server/validators/recommendationValidators.js","statementMap":{"0":{"start":{"line":1,"column":14},"end":{"line":1,"column":28}},"1":{"start":{"line":3,"column":28},"end":{"line":12,"column":2}},"2":{"start":{"line":14,"column":41},"end":{"line":20,"column":2}},"3":{"start":{"line":17,"column":33},"end":{"line":17,"column":63}},"4":{"start":{"line":18,"column":38},"end":{"line":18,"column":68}},"5":{"start":{"line":22,"column":27},"end":{"line":32,"column":2}},"6":{"start":{"line":25,"column":21},"end":{"line":25,"column":105}},"7":{"start":{"line":34,"column":28},"end":{"line":43,"column":2}},"8":{"start":{"line":45,"column":0},"end":{"line":50,"column":2}}},"fnMap":{"0":{"name":"(anonymous_0)","decl":{"start":{"line":17,"column":24},"end":{"line":17,"column":25}},"loc":{"start":{"line":17,"column":33},"end":{"line":17,"column":63}},"line":17},"1":{"name":"(anonymous_1)","decl":{"start":{"line":18,"column":29},"end":{"line":18,"column":30}},"loc":{"start":{"line":18,"column":38},"end":{"line":18,"column":68}},"line":18},"2":{"name":"(anonymous_2)","decl":{"start":{"line":25,"column":14},"end":{"line":25,"column":15}},"loc":{"start":{"line":25,"column":21},"end":{"line":25,"column":105}},"line":25}},"branchMap":{"0":{"loc":{"start":{"line":17,"column":33},"end":{"line":17,"column":63}},"type":"binary-expr","locations":[{"start":{"line":17,"column":33},"end":{"line":17,"column":47}},{"start":{"line":17,"column":51},"end":{"line":17,"column":63}}],"line":17},"1":{"loc":{"start":{"line":18,"column":38},"end":{"line":18,"column":68}},"type":"binary-expr","locations":[{"start":{"line":18,"column":38},"end":{"line":18,"column":52}},{"start":{"line":18,"column":56},"end":{"line":18,"column":68}}],"line":18}},"s":{"0":2,"1":2,"2":2,"3":1,"4":0,"5":2,"6":0,"7":2,"8":2},"f":{"0":1,"1":0,"2":0},"b":{"0":[1,0],"1":[0,0]},"_coverageSchema":"1a1c01bbd47fc00a2c39e90264f33305004495a9","hash":"0a200f2741286b30e153e7a367b53ea784e1bb20"}
,"/Users/nirukshithpremkumar/filmism/server/validators/tasteProfileValidators.js": {"path":"/Users/nirukshithpremkumar/filmism/server/validators/tasteProfileValidators.js","statementMap":{"0":{"start":{"line":1,"column":14},"end":{"line":1,"column":28}},"1":{"start":{"line":3,"column":27},"end":{"line":25,"column":1}},"2":{"start":{"line":5,"column":4},"end":{"line":5,"column":67}},"3":{"start":{"line":5,"column":33},"end":{"line":5,"column":67}},"4":{"start":{"line":6,"column":4},"end":{"line":6,"column":98}},"5":{"start":{"line":6,"column":56},"end":{"line":6,"column":98}},"6":{"start":{"line":7,"column":4},"end":{"line":16,"column":5}},"7":{"start":{"line":8,"column":20},"end":{"line":8,"column":40}},"8":{"start":{"line":9,"column":24},"end":{"line":9,"column":37}},"9":{"start":{"line":10,"column":6},"end":{"line":15,"column":8}},"10":{"start":{"line":17,"column":4},"end":{"line":17,"column":15}},"11":{"start":{"line":27,"column":37},"end":{"line":35,"column":2}},"12":{"start":{"line":37,"column":35},"end":{"line":46,"column":2}},"13":{"start":{"line":48,"column":30},"end":{"line":54,"column":2}},"14":{"start":{"line":56,"column":0},"end":{"line":60,"column":2}}},"fnMap":{"0":{"name":"(anonymous_0)","decl":{"start":{"line":4,"column":2},"end":{"line":4,"column":3}},"loc":{"start":{"line":4,"column":11},"end":{"line":18,"column":3}},"line":4}},"branchMap":{"0":{"loc":{"start":{"line":5,"column":4},"end":{"line":5,"column":67}},"type":"if","locations":[{"start":{"line":5,"column":4},"end":{"line":5,"column":67}},{"start":{},"end":{}}],"line":5},"1":{"loc":{"start":{"line":6,"column":4},"end":{"line":6,"column":98}},"type":"if","locations":[{"start":{"line":6,"column":4},"end":{"line":6,"column":98}},{"start":{},"end":{}}],"line":6},"2":{"loc":{"start":{"line":6,"column":8},"end":{"line":6,"column":54}},"type":"binary-expr","locations":[{"start":{"line":6,"column":8},"end":{"line":6,"column":31}},{"start":{"line":6,"column":35},"end":{"line":6,"column":54}}],"line":6},"3":{"loc":{"start":{"line":7,"column":4},"end":{"line":16,"column":5}},"type":"if","locations":[{"start":{"line":7,"column":4},"end":{"line":16,"column":5}},{"start":{},"end":{}}],"line":7},"4":{"loc":{"start":{"line":7,"column":8},"end":{"line":7,"column":47}},"type":"binary-expr","locations":[{"start":{"line":7,"column":8},"end":{"line":7,"column":31}},{"start":{"line":7,"column":35},"end":{"line":7,"column":47}}],"line":7},"5":{"loc":{"start":{"line":8,"column":20},"end":{"line":8,"column":40}},"type":"binary-expr","locations":[{"start":{"line":8,"column":20},"end":{"line":8,"column":30}},{"start":{"line":8,"column":34},"end":{"line":8,"column":40}}],"line":8},"6":{"loc":{"start":{"line":11,"column":16},"end":{"line":11,"column":56}},"type":"cond-expr","locations":[{"start":{"line":11,"column":35},"end":{"line":11,"column":44}},{"start":{"line":11,"column":47},"end":{"line":11,"column":56}}],"line":11},"7":{"loc":{"start":{"line":12,"column":16},"end":{"line":12,"column":95}},"type":"cond-expr","locations":[{"start":{"line":12,"column":73},"end":{"line":12,"column":91}},{"start":{"line":12,"column":94},"end":{"line":12,"column":95}}],"line":12},"8":{"loc":{"start":{"line":12,"column":16},"end":{"line":12,"column":70}},"type":"binary-expr","locations":[{"start":{"line":12,"column":16},"end":{"line":12,"column":40}},{"start":{"line":12,"column":44},"end":{"line":12,"column":70}}],"line":12}},"s":{"0":2,"1":2,"2":6,"3":1,"4":5,"5":0,"6":5,"7":5,"8":5,"9":5,"10":0,"11":2,"12":2,"13":2,"14":2},"f":{"0":6},"b":{"0":[1,5],"1":[0,5],"2":[5,0],"3":[5,0],"4":[5,5],"5":[5,1],"6":[0,5],"7":[5,0],"8":[5,5]},"_coverageSchema":"1a1c01bbd47fc00a2c39e90264f33305004495a9","hash":"7cff891bc72ce150b69779aa46f0e62668fa96fb"}
}
