TN:
SF:server.js
FN:36,(anonymous_0)
FN:54,(anonymous_1)
FN:57,(anonymous_2)
FN:63,(anonymous_3)
FNF:4
FNH:1
FNDA:1,(anonymous_0)
FNDA:0,(anonymous_1)
FNDA:0,(anonymous_2)
FNDA:0,(anonymous_3)
DA:1,1
DA:2,1
DA:5,1
DA:7,1
DA:8,1
DA:9,1
DA:10,1
DA:11,1
DA:12,1
DA:13,1
DA:15,1
DA:18,1
DA:25,1
DA:31,1
DA:32,1
DA:33,1
DA:36,1
DA:37,1
DA:41,1
DA:42,1
DA:43,1
DA:44,1
DA:47,1
DA:50,1
DA:52,1
DA:54,1
DA:55,0
DA:57,0
DA:58,0
DA:62,1
DA:63,0
DA:64,0
DA:65,0
DA:69,1
LF:34
LH:28
BRDA:52,0,0,1
BRDA:52,0,1,0
BRDA:62,1,0,0
BRDA:62,1,1,1
BRF:4
BRH:2
end_of_record
TN:
SF:config/db.js
FN:3,(anonymous_0)
FNF:1
FNH:0
FNDA:0,(anonymous_0)
DA:1,1
DA:3,1
DA:4,0
DA:5,0
DA:6,0
DA:8,0
DA:9,0
DA:10,0
DA:12,0
DA:13,0
DA:17,1
LF:11
LH:3
BRDA:5,0,0,0
BRDA:5,0,1,0
BRF:2
BRH:0
end_of_record
TN:
SF:controllers/authController.js
FN:9,(anonymous_0)
FN:17,(anonymous_1)
FN:28,(anonymous_2)
FN:42,(anonymous_3)
FN:116,(anonymous_4)
FN:183,(anonymous_5)
FN:215,(anonymous_6)
FN:260,(anonymous_7)
FN:299,(anonymous_8)
FN:319,(anonymous_9)
FN:398,(anonymous_10)
FN:464,(anonymous_11)
FN:503,(anonymous_12)
FNF:13
FNH:0
FNDA:0,(anonymous_0)
FNDA:0,(anonymous_1)
FNDA:0,(anonymous_2)
FNDA:0,(anonymous_3)
FNDA:0,(anonymous_4)
FNDA:0,(anonymous_5)
FNDA:0,(anonymous_6)
FNDA:0,(anonymous_7)
FNDA:0,(anonymous_8)
FNDA:0,(anonymous_9)
FNDA:0,(anonymous_10)
FNDA:0,(anonymous_11)
FNDA:0,(anonymous_12)
DA:1,1
DA:2,1
DA:3,1
DA:4,1
DA:5,1
DA:6,1
DA:9,1
DA:10,0
DA:14,1
DA:17,1
DA:18,0
DA:28,1
DA:29,0
DA:30,0
DA:32,0
DA:33,0
DA:35,0
DA:36,0
DA:38,0
DA:42,1
DA:43,0
DA:45,0
DA:47,0
DA:48,0
DA:51,0
DA:52,0
DA:53,0
DA:56,0
DA:59,0
DA:60,0
DA:61,0
DA:63,0
DA:64,0
DA:65,0
DA:66,0
DA:67,0
DA:68,0
DA:69,0
DA:70,0
DA:71,0
DA:72,0
DA:76,0
DA:84,0
DA:85,0
DA:88,0
DA:101,0
DA:102,0
DA:104,0
DA:111,0
DA:116,1
DA:117,0
DA:119,0
DA:120,0
DA:121,0
DA:124,0
DA:125,0
DA:126,0
DA:127,0
DA:130,0
DA:131,0
DA:132,0
DA:133,0
DA:134,0
DA:135,0
DA:138,0
DA:139,0
DA:140,0
DA:141,0
DA:142,0
DA:143,0
DA:144,0
DA:145,0
DA:146,0
DA:148,0
DA:149,0
DA:150,0
DA:155,0
DA:156,0
DA:157,0
DA:158,0
DA:159,0
DA:161,0
DA:162,0
DA:164,0
DA:178,0
DA:183,1
DA:184,0
DA:186,0
DA:187,0
DA:188,0
DA:190,0
DA:192,0
DA:193,0
DA:194,0
DA:197,0
DA:198,0
DA:199,0
DA:200,0
DA:201,0
DA:202,0
DA:204,0
DA:208,0
DA:210,0
DA:215,1
DA:216,0
DA:218,0
DA:219,0
DA:220,0
DA:223,0
DA:224,0
DA:227,0
DA:228,0
DA:230,0
DA:231,0
DA:234,0
DA:235,0
DA:238,0
DA:239,0
DA:241,0
DA:255,0
DA:260,1
DA:261,0
DA:262,0
DA:264,0
DA:265,0
DA:266,0
DA:267,0
DA:269,0
DA:270,0
DA:271,0
DA:272,0
DA:275,0
DA:277,0
DA:291,0
DA:294,0
DA:299,1
DA:300,0
DA:301,0
DA:303,0
DA:304,0
DA:306,0
DA:307,0
DA:311,0
DA:312,0
DA:315,0
DA:319,1
DA:320,0
DA:321,0
DA:322,0
DA:324,0
DA:325,0
DA:328,0
DA:329,0
DA:332,0
DA:333,0
DA:334,0
DA:335,0
DA:337,0
DA:341,0
DA:342,0
DA:343,0
DA:344,0
DA:346,0
DA:347,0
DA:348,0
DA:349,0
DA:350,0
DA:351,0
DA:352,0
DA:353,0
DA:357,0
DA:358,0
DA:359,0
DA:361,0
DA:362,0
DA:363,0
DA:364,0
DA:365,0
DA:368,0
DA:371,0
DA:372,0
DA:374,0
DA:384,0
DA:393,0
DA:398,1
DA:399,0
DA:400,0
DA:401,0
DA:402,0
DA:404,0
DA:405,0
DA:407,0
DA:408,0
DA:411,0
DA:412,0
DA:413,0
DA:414,0
DA:415,0
DA:416,0
DA:419,0
DA:420,0
DA:421,0
DA:422,0
DA:423,0
DA:424,0
DA:425,0
DA:426,0
DA:427,0
DA:429,0
DA:430,0
DA:431,0
DA:437,0
DA:438,0
DA:439,0
DA:440,0
DA:441,0
DA:442,0
DA:444,0
DA:445,0
DA:447,0
DA:457,0
DA:459,0
DA:464,1
DA:465,0
DA:466,0
DA:467,0
DA:469,0
DA:470,0
DA:471,0
DA:472,0
DA:473,0
DA:474,0
DA:477,0
DA:479,0
DA:480,0
DA:482,0
DA:492,0
DA:498,0
DA:503,1
DA:504,0
DA:510,0
DA:513,1
LF:242
LH:21
BRDA:9,0,0,0
BRDA:29,1,0,0
BRDA:29,1,1,0
BRDA:29,2,0,0
BRDA:29,2,1,0
BRDA:32,3,0,0
BRDA:32,3,1,0
BRDA:35,4,0,0
BRDA:35,4,1,0
BRDA:47,5,0,0
BRDA:47,5,1,0
BRDA:47,6,0,0
BRDA:47,6,1,0
BRDA:47,6,2,0
BRDA:47,6,3,0
BRDA:52,7,0,0
BRDA:52,7,1,0
BRDA:60,8,0,0
BRDA:60,8,1,0
BRDA:61,9,0,0
BRDA:61,9,1,0
BRDA:101,10,0,0
BRDA:101,10,1,0
BRDA:120,11,0,0
BRDA:120,11,1,0
BRDA:120,12,0,0
BRDA:120,12,1,0
BRDA:126,13,0,0
BRDA:126,13,1,0
BRDA:126,14,0,0
BRDA:126,14,1,0
BRDA:126,14,2,0
BRDA:126,14,3,0
BRDA:126,14,4,0
BRDA:130,15,0,0
BRDA:130,15,1,0
BRDA:139,16,0,0
BRDA:139,16,1,0
BRDA:140,17,0,0
BRDA:140,17,1,0
BRDA:141,18,0,0
BRDA:141,18,1,0
BRDA:151,19,0,0
BRDA:151,19,1,0
BRDA:169,20,0,0
BRDA:169,20,1,0
BRDA:170,21,0,0
BRDA:170,21,1,0
BRDA:190,22,0,0
BRDA:190,22,1,0
BRDA:190,23,0,0
BRDA:190,23,1,0
BRDA:192,24,0,0
BRDA:192,24,1,0
BRDA:192,25,0,0
BRDA:192,25,1,0
BRDA:219,26,0,0
BRDA:219,26,1,0
BRDA:219,27,0,0
BRDA:219,27,1,0
BRDA:227,28,0,0
BRDA:227,28,1,0
BRDA:230,29,0,0
BRDA:230,29,1,0
BRDA:230,30,0,0
BRDA:230,30,1,0
BRDA:234,31,0,0
BRDA:234,31,1,0
BRDA:246,32,0,0
BRDA:246,32,1,0
BRDA:247,33,0,0
BRDA:247,33,1,0
BRDA:264,34,0,0
BRDA:264,34,1,0
BRDA:265,35,0,0
BRDA:265,35,1,0
BRDA:266,36,0,0
BRDA:266,36,1,0
BRDA:269,37,0,0
BRDA:269,37,1,0
BRDA:270,38,0,0
BRDA:270,38,1,0
BRDA:271,39,0,0
BRDA:271,39,1,0
BRDA:282,40,0,0
BRDA:282,40,1,0
BRDA:283,41,0,0
BRDA:283,41,1,0
BRDA:300,42,0,0
BRDA:300,42,1,0
BRDA:300,43,0,0
BRDA:300,43,1,0
BRDA:301,44,0,0
BRDA:301,44,1,0
BRDA:306,45,0,0
BRDA:306,45,1,0
BRDA:306,46,0,0
BRDA:306,46,1,0
BRDA:311,47,0,0
BRDA:311,47,1,0
BRDA:322,48,0,0
BRDA:322,48,1,0
BRDA:328,49,0,0
BRDA:328,49,1,0
BRDA:329,50,0,0
BRDA:329,50,1,0
BRDA:332,51,0,0
BRDA:332,51,1,0
BRDA:334,52,0,0
BRDA:334,52,1,0
BRDA:337,53,0,0
BRDA:337,53,1,0
BRDA:342,54,0,0
BRDA:342,54,1,0
BRDA:342,55,0,0
BRDA:342,55,1,0
BRDA:344,56,0,0
BRDA:344,56,1,0
BRDA:357,57,0,0
BRDA:357,57,1,0
BRDA:358,58,0,0
BRDA:358,58,1,0
BRDA:362,59,0,0
BRDA:362,59,1,0
BRDA:364,60,0,0
BRDA:364,60,1,0
BRDA:379,61,0,0
BRDA:379,61,1,0
BRDA:387,62,0,0
BRDA:387,62,1,0
BRDA:388,63,0,0
BRDA:388,63,1,0
BRDA:402,64,0,0
BRDA:402,64,1,0
BRDA:404,65,0,0
BRDA:404,65,1,0
BRDA:404,66,0,0
BRDA:404,66,1,0
BRDA:404,66,2,0
BRDA:407,67,0,0
BRDA:407,67,1,0
BRDA:411,68,0,0
BRDA:411,68,1,0
BRDA:420,69,0,0
BRDA:420,69,1,0
BRDA:421,70,0,0
BRDA:421,70,1,0
BRDA:422,71,0,0
BRDA:422,71,1,0
BRDA:432,72,0,0
BRDA:432,72,1,0
BRDA:452,73,0,0
BRDA:452,73,1,0
BRDA:467,74,0,0
BRDA:467,74,1,0
BRDA:487,75,0,0
BRDA:487,75,1,0
BRF:157
BRH:0
end_of_record
TN:
SF:controllers/movieProfileController.js
FN:8,(anonymous_0)
FN:34,(anonymous_1)
FN:56,(anonymous_2)
FN:83,(anonymous_3)
FN:104,(anonymous_4)
FNF:5
FNH:0
FNDA:0,(anonymous_0)
FNDA:0,(anonymous_1)
FNDA:0,(anonymous_2)
FNDA:0,(anonymous_3)
FNDA:0,(anonymous_4)
DA:1,1
DA:2,1
DA:8,1
DA:9,0
DA:10,0
DA:11,0
DA:13,0
DA:14,0
DA:20,0
DA:26,0
DA:34,1
DA:35,0
DA:36,0
DA:37,0
DA:39,0
DA:41,0
DA:47,0
DA:56,1
DA:57,0
DA:58,0
DA:60,0
DA:61,0
DA:67,0
DA:69,0
DA:75,0
DA:83,1
DA:84,0
DA:85,0
DA:86,0
DA:88,0
DA:90,0
DA:96,0
DA:104,1
DA:105,0
DA:128,0
DA:134,1
LF:36
LH:8
BRDA:13,0,0,0
BRDA:13,0,1,0
BRDA:60,1,0,0
BRDA:60,1,1,0
BRDA:60,2,0,0
BRDA:60,2,1,0
BRDA:86,3,0,0
BRDA:86,3,1,0
BRF:8
BRH:0
end_of_record
TN:
SF:controllers/recommendationController.js
FN:12,(anonymous_0)
FN:43,(anonymous_1)
FN:73,(anonymous_2)
FN:114,(anonymous_3)
FN:144,(anonymous_4)
FN:171,(anonymous_5)
FN:191,(anonymous_6)
FN:204,(anonymous_7)
FN:216,(anonymous_8)
FN:223,(anonymous_9)
FN:245,(anonymous_10)
FN:246,(anonymous_11)
FN:258,(anonymous_12)
FN:271,(anonymous_13)
FN:278,(anonymous_14)
FN:304,(anonymous_15)
FN:305,(anonymous_16)
FNF:17
FNH:0
FNDA:0,(anonymous_0)
FNDA:0,(anonymous_1)
FNDA:0,(anonymous_2)
FNDA:0,(anonymous_3)
FNDA:0,(anonymous_4)
FNDA:0,(anonymous_5)
FNDA:0,(anonymous_6)
FNDA:0,(anonymous_7)
FNDA:0,(anonymous_8)
FNDA:0,(anonymous_9)
FNDA:0,(anonymous_10)
FNDA:0,(anonymous_11)
FNDA:0,(anonymous_12)
FNDA:0,(anonymous_13)
FNDA:0,(anonymous_14)
FNDA:0,(anonymous_15)
FNDA:0,(anonymous_16)
DA:1,1
DA:2,1
DA:3,1
DA:4,1
DA:5,1
DA:6,1
DA:12,1
DA:13,0
DA:14,0
DA:15,0
DA:17,0
DA:18,0
DA:20,0
DA:21,0
DA:27,0
DA:29,0
DA:35,0
DA:43,1
DA:44,0
DA:45,0
DA:46,0
DA:48,0
DA:49,0
DA:55,0
DA:63,0
DA:65,0
DA:73,1
DA:74,0
DA:75,0
DA:76,0
DA:77,0
DA:78,0
DA:80,0
DA:82,0
DA:83,0
DA:85,0
DA:86,0
DA:92,0
DA:94,0
DA:106,0
DA:114,1
DA:115,0
DA:116,0
DA:117,0
DA:119,0
DA:120,0
DA:123,0
DA:134,0
DA:136,0
DA:144,1
DA:145,0
DA:146,0
DA:147,0
DA:149,0
DA:150,0
DA:153,0
DA:161,0
DA:163,0
DA:171,1
DA:172,0
DA:173,0
DA:174,0
DA:176,0
DA:178,0
DA:183,0
DA:191,1
DA:192,0
DA:193,0
DA:194,0
DA:195,0
DA:198,0
DA:203,0
DA:204,0
DA:205,0
DA:206,0
DA:207,0
DA:210,0
DA:211,0
DA:215,0
DA:217,0
DA:218,0
DA:219,0
DA:223,0
DA:230,0
DA:244,0
DA:245,0
DA:246,0
DA:248,0
DA:250,0
DA:258,1
DA:259,0
DA:260,0
DA:261,0
DA:262,0
DA:264,0
DA:268,0
DA:270,0
DA:272,0
DA:273,0
DA:274,0
DA:278,0
DA:287,0
DA:303,0
DA:304,0
DA:305,0
DA:307,0
DA:309,0
DA:313,1
LF:108
LH:15
BRDA:14,0,0,0
BRDA:14,0,1,0
BRDA:17,1,0,0
BRDA:17,1,1,0
BRDA:20,2,0,0
BRDA:20,2,1,0
BRDA:45,3,0,0
BRDA:45,3,1,0
BRDA:48,4,0,0
BRDA:48,4,1,0
BRDA:48,5,0,0
BRDA:48,5,1,0
BRDA:75,6,0,0
BRDA:75,6,1,0
BRDA:77,7,0,0
BRDA:77,7,1,0
BRDA:78,8,0,0
BRDA:78,8,1,0
BRDA:80,9,0,0
BRDA:80,9,1,0
BRDA:82,10,0,0
BRDA:82,10,1,0
BRDA:85,11,0,0
BRDA:85,11,1,0
BRDA:97,12,0,0
BRDA:97,12,1,0
BRDA:98,13,0,0
BRDA:98,13,1,0
BRDA:99,14,0,0
BRDA:99,14,1,0
BRDA:100,15,0,0
BRDA:100,15,1,0
BRDA:116,16,0,0
BRDA:116,16,1,0
BRDA:119,17,0,0
BRDA:119,17,1,0
BRDA:119,18,0,0
BRDA:119,18,1,0
BRDA:146,19,0,0
BRDA:146,19,1,0
BRDA:149,20,0,0
BRDA:149,20,1,0
BRDA:149,21,0,0
BRDA:149,21,1,0
BRDA:173,22,0,0
BRDA:173,22,1,0
BRDA:193,23,0,0
BRDA:193,23,1,0
BRDA:195,24,0,0
BRDA:195,24,1,0
BRDA:205,25,0,0
BRDA:205,25,1,0
BRDA:210,26,0,0
BRDA:210,26,1,0
BRDA:221,27,0,0
BRDA:221,27,1,0
BRDA:222,28,0,0
BRDA:222,28,1,0
BRDA:223,29,0,0
BRDA:223,29,1,0
BRDA:224,30,0,0
BRDA:224,30,1,0
BRDA:260,31,0,0
BRDA:260,31,1,0
BRDA:262,32,0,0
BRDA:262,32,1,0
BRDA:268,33,0,0
BRDA:268,33,1,0
BRDA:276,34,0,0
BRDA:276,34,1,0
BRDA:277,35,0,0
BRDA:277,35,1,0
BRDA:278,36,0,0
BRDA:278,36,1,0
BRDA:279,37,0,0
BRDA:279,37,1,0
BRF:76
BRH:0
end_of_record
TN:
SF:controllers/tasteProfileController.js
FN:9,(anonymous_0)
FN:63,(anonymous_1)
FN:98,(anonymous_2)
FN:118,(anonymous_3)
FN:155,(anonymous_4)
FNF:5
FNH:1
FNDA:0,(anonymous_0)
FNDA:1,(anonymous_1)
FNDA:0,(anonymous_2)
FNDA:0,(anonymous_3)
FNDA:0,(anonymous_4)
DA:1,1
DA:2,1
DA:3,1
DA:9,1
DA:10,0
DA:11,0
DA:12,0
DA:14,0
DA:15,0
DA:21,0
DA:23,0
DA:31,0
DA:35,0
DA:36,0
DA:45,0
DA:55,0
DA:63,1
DA:64,1
DA:65,1
DA:66,1
DA:68,1
DA:69,1
DA:75,0
DA:76,0
DA:78,0
DA:79,0
DA:85,0
DA:90,0
DA:98,1
DA:99,0
DA:100,0
DA:101,0
DA:103,0
DA:104,0
DA:110,0
DA:111,0
DA:113,0
DA:114,0
DA:117,0
DA:118,0
DA:120,0
DA:121,0
DA:122,0
DA:124,0
DA:133,0
DA:141,0
DA:147,0
DA:155,1
DA:156,0
DA:157,0
DA:158,0
DA:160,0
DA:161,0
DA:167,0
DA:169,0
DA:175,0
DA:183,0
DA:187,1
LF:58
LH:13
BRDA:11,0,0,0
BRDA:11,1,0,0
BRDA:11,2,0,0
BRDA:12,3,0,0
BRDA:12,3,1,0
BRDA:14,4,0,0
BRDA:14,4,1,0
BRDA:14,5,0,0
BRDA:14,5,1,0
BRDA:21,6,0,0
BRDA:21,6,1,0
BRDA:21,7,0,0
BRDA:21,7,1,0
BRDA:31,8,0,0
BRDA:31,8,1,0
BRDA:35,9,0,0
BRDA:35,9,1,0
BRDA:65,10,0,1
BRDA:65,10,1,1
BRDA:68,11,0,1
BRDA:68,11,1,0
BRDA:68,12,0,1
BRDA:68,12,1,1
BRDA:75,13,0,0
BRDA:75,13,1,0
BRDA:78,14,0,0
BRDA:78,14,1,0
BRDA:101,15,0,0
BRDA:101,15,1,0
BRDA:103,16,0,0
BRDA:103,16,1,0
BRDA:103,17,0,0
BRDA:103,17,1,0
BRDA:110,18,0,0
BRDA:110,18,1,0
BRDA:113,19,0,0
BRDA:113,19,1,0
BRDA:120,20,0,0
BRDA:120,20,1,0
BRDA:122,21,0,0
BRDA:122,21,1,0
BRDA:127,22,0,0
BRDA:127,22,1,0
BRDA:128,23,0,0
BRDA:128,23,1,0
BRDA:157,24,0,0
BRDA:158,25,0,0
BRDA:158,25,1,0
BRDA:160,26,0,0
BRDA:160,26,1,0
BRDA:160,27,0,0
BRDA:160,27,1,0
BRDA:167,28,0,0
BRDA:167,28,1,0
BRDA:167,29,0,0
BRDA:167,29,1,0
BRF:56
BRH:5
end_of_record
TN:
SF:middleware/authMiddleware.js
FN:4,(anonymous_0)
FN:27,(anonymous_1)
FNF:2
FNH:1
FNDA:0,(anonymous_0)
FNDA:2,(anonymous_1)
DA:1,1
DA:2,1
DA:4,1
DA:5,0
DA:7,0
DA:8,0
DA:11,0
DA:12,0
DA:15,0
DA:16,0
DA:17,0
DA:18,0
DA:19,0
DA:21,0
DA:23,0
DA:27,1
DA:28,2
DA:30,2
DA:31,0
DA:34,2
DA:35,0
DA:36,0
DA:37,0
DA:38,0
DA:40,0
DA:43,2
DA:45,2
DA:48,1
LF:28
LH:10
BRDA:7,0,0,0
BRDA:7,0,1,0
BRDA:7,1,0,0
BRDA:7,1,1,0
BRDA:11,2,0,0
BRDA:11,2,1,0
BRDA:18,3,0,0
BRDA:18,3,1,0
BRDA:30,4,0,0
BRDA:30,4,1,2
BRDA:30,5,0,2
BRDA:30,5,1,2
BRDA:34,6,0,0
BRDA:34,6,1,2
BRDA:38,7,0,0
BRDA:38,7,1,0
BRF:16
BRH:4
end_of_record
TN:
SF:middleware/errorMiddleware.js
FN:7,(anonymous_0)
FN:39,(anonymous_1)
FN:53,(anonymous_2)
FN:131,(anonymous_3)
FNF:4
FNH:3
FNDA:4,(anonymous_0)
FNDA:6,(anonymous_1)
FNDA:0,(anonymous_2)
FNDA:1,(anonymous_3)
DA:1,1
DA:7,1
DA:8,4
DA:9,4
DA:10,4
DA:11,4
DA:14,4
DA:15,4
DA:19,4
DA:20,0
DA:28,4
DA:29,0
DA:30,0
DA:38,4
DA:39,4
DA:40,6
DA:41,6
DA:43,4
DA:52,4
DA:53,0
DA:54,0
DA:63,4
DA:64,0
DA:71,4
DA:72,0
DA:80,4
DA:81,0
DA:89,4
DA:90,0
DA:95,4
DA:96,0
DA:103,4
DA:104,4
DA:107,4
DA:108,0
DA:109,4
DA:110,4
DA:114,4
DA:120,4
DA:131,1
DA:132,1
DA:138,1
LF:42
LH:31
BRDA:11,0,0,4
BRDA:11,0,1,4
BRDA:14,1,0,4
BRDA:14,1,1,0
BRDA:14,2,0,4
BRDA:14,2,1,4
BRDA:19,3,0,0
BRDA:19,3,1,4
BRDA:28,4,0,0
BRDA:28,4,1,4
BRDA:29,5,0,0
BRDA:29,5,1,0
BRDA:29,6,0,0
BRDA:29,6,1,0
BRDA:38,7,0,4
BRDA:38,7,1,0
BRDA:38,8,0,4
BRDA:38,8,1,0
BRDA:39,9,0,4
BRDA:39,9,1,0
BRDA:41,10,0,6
BRDA:41,10,1,0
BRDA:45,11,0,4
BRDA:45,11,1,0
BRDA:52,12,0,0
BRDA:52,12,1,4
BRDA:53,13,0,0
BRDA:53,13,1,0
BRDA:56,14,0,0
BRDA:56,14,1,0
BRDA:63,15,0,0
BRDA:63,15,1,4
BRDA:71,16,0,0
BRDA:71,16,1,4
BRDA:80,17,0,0
BRDA:80,17,1,4
BRDA:80,18,0,4
BRDA:80,18,1,0
BRDA:80,18,2,0
BRDA:89,19,0,0
BRDA:89,19,1,4
BRDA:89,20,0,4
BRDA:89,20,1,4
BRDA:92,21,0,0
BRDA:92,21,1,0
BRDA:95,22,0,0
BRDA:95,22,1,4
BRDA:95,23,0,4
BRDA:95,23,1,4
BRDA:95,23,2,4
BRDA:103,24,0,4
BRDA:103,24,1,4
BRDA:103,24,2,0
BRDA:107,25,0,0
BRDA:107,25,1,4
BRDA:107,26,0,4
BRDA:107,26,1,4
BRDA:109,27,0,4
BRDA:109,27,1,0
BRDA:110,28,0,4
BRDA:110,28,1,0
BRDA:114,29,0,4
BRDA:114,29,1,0
BRDA:116,30,0,0
BRDA:116,30,1,0
BRDA:118,31,0,0
BRDA:118,31,1,0
BRDA:123,32,0,4
BRDA:123,32,1,4
BRDA:124,33,0,4
BRDA:124,33,1,4
BRDA:124,33,2,0
BRF:72
BRH:36
end_of_record
TN:
SF:middleware/validateRequest.js
FN:5,(anonymous_0)
FN:6,(anonymous_1)
FNF:2
FNH:2
FNDA:19,(anonymous_0)
FNDA:4,(anonymous_1)
DA:5,1
DA:6,19
DA:7,4
DA:8,4
DA:10,0
DA:15,0
DA:16,0
DA:17,0
DA:19,4
DA:20,0
DA:22,0
DA:24,4
DA:29,1
LF:13
LH:7
BRDA:5,0,0,15
BRDA:8,1,0,0
BRDA:8,1,1,4
BRDA:8,2,0,4
BRDA:8,2,1,4
BRDA:8,2,2,4
BRDA:8,2,3,4
BRDA:15,3,0,0
BRDA:15,3,1,0
BRDA:16,4,0,0
BRDA:16,4,1,0
BRDA:17,5,0,0
BRDA:17,5,1,0
BRF:13
BRH:6
end_of_record
TN:
SF:models/movieProfileModel.js
FNF:0
FNH:0
DA:1,1
DA:3,1
DA:109,1
DA:111,1
DA:113,1
LF:5
LH:5
BRF:0
BRH:0
end_of_record
TN:
SF:models/recommendationLogModel.js
FNF:0
FNH:0
DA:1,1
DA:3,1
DA:69,1
DA:77,1
DA:79,1
LF:5
LH:5
BRF:0
BRH:0
end_of_record
TN:
SF:models/userModel.js
FN:56,(anonymous_0)
FN:63,(anonymous_1)
FNF:2
FNH:0
FNDA:0,(anonymous_0)
FNDA:0,(anonymous_1)
DA:1,1
DA:2,1
DA:4,1
DA:56,1
DA:57,0
DA:58,0
DA:59,0
DA:63,1
DA:64,0
DA:67,1
LF:10
LH:6
BRDA:57,0,0,0
BRDA:57,0,1,0
BRF:2
BRH:0
end_of_record
TN:
SF:models/userTasteProfileModel.js
FNF:0
FNH:0
DA:1,1
DA:3,1
DA:21,1
DA:60,1
DA:111,1
DA:119,1
DA:121,1
LF:7
LH:7
BRF:0
BRH:0
end_of_record
TN:
SF:routes/authRoutes.js
FN:92,(anonymous_0)
FNF:1
FNH:0
FNDA:0,(anonymous_0)
DA:1,1
DA:2,1
DA:3,1
DA:14,1
DA:15,1
DA:16,1
DA:25,1
DA:28,1
DA:39,1
DA:50,1
DA:61,1
DA:73,1
DA:74,1
DA:75,1
DA:76,1
DA:77,1
DA:80,1
DA:83,1
DA:86,1
DA:89,1
DA:92,1
DA:93,0
DA:96,1
LF:23
LH:22
BRF:0
BRH:0
end_of_record
TN:
SF:routes/movieRoutes.js
FN:40,(anonymous_0)
FN:58,(anonymous_1)
FN:60,(anonymous_2)
FN:62,(anonymous_3)
FN:70,(anonymous_4)
FN:76,(anonymous_5)
FN:85,(anonymous_6)
FN:116,(anonymous_7)
FN:150,(anonymous_8)
FN:158,(anonymous_9)
FN:185,(anonymous_10)
FN:191,(anonymous_11)
FN:192,(anonymous_12)
FN:198,(anonymous_13)
FN:210,(anonymous_14)
FN:211,(anonymous_15)
FNF:16
FNH:4
FNDA:1,(anonymous_0)
FNDA:1,(anonymous_1)
FNDA:1,(anonymous_2)
FNDA:19,(anonymous_3)
FNDA:0,(anonymous_4)
FNDA:0,(anonymous_5)
FNDA:0,(anonymous_6)
FNDA:0,(anonymous_7)
FNDA:0,(anonymous_8)
FNDA:0,(anonymous_9)
FNDA:0,(anonymous_10)
FNDA:0,(anonymous_11)
FNDA:0,(anonymous_12)
FNDA:0,(anonymous_13)
FNDA:0,(anonymous_14)
FNDA:0,(anonymous_15)
DA:1,1
DA:2,1
DA:3,1
DA:4,1
DA:5,1
DA:6,1
DA:13,1
DA:16,1
DA:28,1
DA:40,1
DA:41,1
DA:42,1
DA:44,0
DA:48,1
DA:55,1
DA:58,1
DA:59,1
DA:60,1
DA:61,1
DA:62,19
DA:68,1
DA:70,0
DA:71,0
DA:76,1
DA:77,0
DA:78,0
DA:79,0
DA:81,0
DA:83,0
DA:85,0
DA:90,0
DA:91,0
DA:93,0
DA:94,0
DA:95,0
DA:96,0
DA:97,0
DA:98,0
DA:99,0
DA:100,0
DA:101,0
DA:102,0
DA:103,0
DA:104,0
DA:105,0
DA:106,0
DA:107,0
DA:108,0
DA:109,0
DA:110,0
DA:114,0
DA:116,0
DA:117,0
DA:127,0
DA:130,0
DA:137,0
DA:138,0
DA:150,1
DA:151,0
DA:152,0
DA:153,0
DA:154,0
DA:157,0
DA:158,0
DA:159,0
DA:160,0
DA:163,0
DA:165,0
DA:166,0
DA:177,1
DA:182,1
DA:185,1
DA:186,0
DA:187,0
DA:189,0
DA:190,0
DA:192,0
DA:193,0
DA:194,0
DA:198,0
DA:209,0
DA:210,0
DA:211,0
DA:213,0
DA:215,0
DA:216,0
DA:228,1
DA:231,1
DA:234,1
DA:237,1
DA:240,1
DA:242,1
LF:92
LH:31
BRDA:62,0,0,1
BRDA:62,0,1,0
BRDA:64,1,0,19
BRDA:64,1,1,0
BRDA:79,2,0,0
BRDA:79,2,1,0
BRDA:81,3,0,0
BRDA:81,3,1,0
BRDA:85,4,0,0
BRDA:85,4,1,0
BRDA:85,5,0,0
BRDA:85,5,1,0
BRDA:93,6,0,0
BRDA:93,6,1,0
BRDA:94,7,0,0
BRDA:94,7,1,0
BRDA:97,8,0,0
BRDA:97,8,1,0
BRDA:100,9,0,0
BRDA:100,9,1,0
BRDA:103,10,0,0
BRDA:103,10,1,0
BRDA:106,11,0,0
BRDA:106,11,1,0
BRDA:109,12,0,0
BRDA:109,12,1,0
BRDA:114,13,0,0
BRDA:114,13,1,0
BRDA:114,14,0,0
BRDA:114,14,1,0
BRDA:114,15,0,0
BRDA:114,15,1,0
BRDA:114,16,0,0
BRDA:114,16,1,0
BRDA:119,17,0,0
BRDA:119,17,1,0
BRDA:121,18,0,0
BRDA:121,18,1,0
BRDA:122,19,0,0
BRDA:122,19,1,0
BRDA:137,20,0,0
BRDA:137,20,1,0
BRDA:137,21,0,0
BRDA:137,21,1,0
BRDA:137,22,0,0
BRDA:137,22,1,0
BRDA:140,23,0,0
BRDA:140,23,1,0
BRDA:153,24,0,0
BRDA:153,24,1,0
BRDA:153,25,0,0
BRDA:153,25,1,0
BRDA:160,26,0,0
BRDA:160,26,1,0
BRDA:165,27,0,0
BRDA:165,27,1,0
BRDA:165,28,0,0
BRDA:165,28,1,0
BRDA:165,29,0,0
BRDA:165,29,1,0
BRDA:168,30,0,0
BRDA:168,30,1,0
BRDA:197,31,0,0
BRDA:197,31,1,0
BRDA:198,32,0,0
BRDA:198,32,1,0
BRDA:199,33,0,0
BRDA:199,33,1,0
BRDA:210,34,0,0
BRDA:210,34,1,0
BRF:70
BRH:2
end_of_record
TN:
SF:routes/recommendationRoutes.js
FNF:0
FNH:0
DA:1,1
DA:2,1
DA:12,1
DA:13,1
DA:15,1
DA:21,1
DA:24,1
DA:27,1
DA:30,1
DA:33,1
DA:36,1
DA:39,1
DA:42,1
DA:45,1
DA:47,1
LF:15
LH:15
BRF:0
BRH:0
end_of_record
TN:
SF:routes/tasteProfileRoutes.js
FNF:0
FNH:0
DA:1,1
DA:2,1
DA:3,1
DA:9,1
DA:10,1
DA:13,1
DA:24,1
DA:29,1
DA:32,1
DA:35,1
DA:38,1
DA:41,1
DA:43,1
LF:13
LH:13
BRF:0
BRH:0
end_of_record
TN:
SF:services/aiService.js
FN:55,executeWithTimeout
FN:57,(anonymous_1)
FN:58,(anonymous_2)
FN:78,retryWithBackoff
FN:88,(anonymous_4)
FN:100,generateHeuristicProfile
FN:103,(anonymous_6)
FN:104,(anonymous_7)
FN:114,(anonymous_8)
FN:118,(anonymous_9)
FN:144,(anonymous_10)
FN:171,(anonymous_11)
FN:184,(anonymous_12)
FN:188,(anonymous_13)
FN:246,generateHeuristicEmbedding
FN:250,(anonymous_15)
FN:262,(anonymous_16)
FN:263,(anonymous_17)
FN:269,analyzeFilm
FN:301,(anonymous_19)
FN:303,(anonymous_20)
FN:343,(anonymous_21)
FN:345,(anonymous_22)
FN:366,(anonymous_23)
FN:368,(anonymous_24)
FN:403,createEmbedding
FN:409,(anonymous_26)
FN:409,(anonymous_27)
FN:423,(anonymous_28)
FN:423,(anonymous_29)
FN:443,(anonymous_30)
FN:445,(anonymous_31)
FN:478,sanitizeProfile
FN:483,(anonymous_33)
FN:484,(anonymous_34)
FN:485,(anonymous_35)
FN:486,(anonymous_36)
FN:488,(anonymous_37)
FN:489,(anonymous_38)
FN:498,buildEmbeddingString
FNF:40
FNH:0
FNDA:0,executeWithTimeout
FNDA:0,(anonymous_1)
FNDA:0,(anonymous_2)
FNDA:0,retryWithBackoff
FNDA:0,(anonymous_4)
FNDA:0,generateHeuristicProfile
FNDA:0,(anonymous_6)
FNDA:0,(anonymous_7)
FNDA:0,(anonymous_8)
FNDA:0,(anonymous_9)
FNDA:0,(anonymous_10)
FNDA:0,(anonymous_11)
FNDA:0,(anonymous_12)
FNDA:0,(anonymous_13)
FNDA:0,generateHeuristicEmbedding
FNDA:0,(anonymous_15)
FNDA:0,(anonymous_16)
FNDA:0,(anonymous_17)
FNDA:0,analyzeFilm
FNDA:0,(anonymous_19)
FNDA:0,(anonymous_20)
FNDA:0,(anonymous_21)
FNDA:0,(anonymous_22)
FNDA:0,(anonymous_23)
FNDA:0,(anonymous_24)
FNDA:0,createEmbedding
FNDA:0,(anonymous_26)
FNDA:0,(anonymous_27)
FNDA:0,(anonymous_28)
FNDA:0,(anonymous_29)
FNDA:0,(anonymous_30)
FNDA:0,(anonymous_31)
FNDA:0,sanitizeProfile
FNDA:0,(anonymous_33)
FNDA:0,(anonymous_34)
FNDA:0,(anonymous_35)
FNDA:0,(anonymous_36)
FNDA:0,(anonymous_37)
FNDA:0,(anonymous_38)
FNDA:0,buildEmbeddingString
DA:1,1
DA:2,1
DA:4,1
DA:5,1
DA:6,1
DA:8,1
DA:11,1
DA:12,1
DA:13,1
DA:15,1
DA:16,1
DA:17,1
DA:28,0
DA:32,1
DA:33,1
DA:34,1
DA:36,0
DA:40,1
DA:41,0
DA:42,0
DA:48,0
DA:57,0
DA:58,0
DA:59,0
DA:60,0
DA:61,0
DA:65,0
DA:66,0
DA:67,0
DA:68,0
DA:70,0
DA:71,0
DA:80,0
DA:81,0
DA:82,0
DA:84,0
DA:85,0
DA:86,0
DA:87,0
DA:88,0
DA:92,0
DA:101,0
DA:102,0
DA:103,0
DA:104,0
DA:105,0
DA:107,0
DA:108,0
DA:109,0
DA:110,0
DA:113,0
DA:114,0
DA:115,0
DA:116,0
DA:117,0
DA:118,0
DA:119,0
DA:120,0
DA:121,0
DA:123,0
DA:124,0
DA:125,0
DA:127,0
DA:130,0
DA:131,0
DA:132,0
DA:133,0
DA:134,0
DA:137,0
DA:138,0
DA:139,0
DA:140,0
DA:143,0
DA:144,0
DA:145,0
DA:146,0
DA:147,0
DA:149,0
DA:150,0
DA:151,0
DA:153,0
DA:156,0
DA:157,0
DA:158,0
DA:159,0
DA:160,0
DA:161,0
DA:163,0
DA:164,0
DA:165,0
DA:166,0
DA:170,0
DA:171,0
DA:172,0
DA:173,0
DA:174,0
DA:176,0
DA:177,0
DA:178,0
DA:180,0
DA:183,0
DA:184,0
DA:185,0
DA:186,0
DA:187,0
DA:188,0
DA:189,0
DA:190,0
DA:191,0
DA:193,0
DA:194,0
DA:195,0
DA:197,0
DA:200,0
DA:201,0
DA:202,0
DA:203,0
DA:204,0
DA:207,0
DA:208,0
DA:209,0
DA:210,0
DA:213,0
DA:214,0
DA:215,0
DA:216,0
DA:217,0
DA:221,0
DA:222,0
DA:223,0
DA:224,0
DA:226,0
DA:227,0
DA:229,0
DA:247,0
DA:248,0
DA:250,0
DA:251,0
DA:252,0
DA:253,0
DA:254,0
DA:256,0
DA:257,0
DA:258,0
DA:262,0
DA:263,0
DA:270,0
DA:297,0
DA:298,0
DA:299,0
DA:300,0
DA:302,0
DA:304,0
DA:322,0
DA:323,0
DA:324,0
DA:326,0
DA:331,0
DA:332,0
DA:333,0
DA:342,0
DA:344,0
DA:345,0
DA:354,0
DA:355,0
DA:356,0
DA:358,0
DA:363,0
DA:364,0
DA:365,0
DA:367,0
DA:369,0
DA:387,0
DA:388,0
DA:389,0
DA:391,0
DA:396,0
DA:397,0
DA:405,0
DA:406,0
DA:407,0
DA:408,0
DA:409,0
DA:413,0
DA:414,0
DA:420,0
DA:421,0
DA:422,0
DA:423,0
DA:427,0
DA:428,0
DA:440,0
DA:441,0
DA:442,0
DA:444,0
DA:446,0
DA:457,0
DA:458,0
DA:464,0
DA:469,0
DA:479,0
DA:480,0
DA:482,0
DA:483,0
DA:484,0
DA:485,0
DA:486,0
DA:488,0
DA:489,0
DA:499,0
DA:500,0
DA:515,1
LF:212
LH:17
BRDA:4,0,0,1
BRDA:4,0,1,0
BRDA:4,0,2,0
BRDA:5,1,0,1
BRDA:5,1,1,1
BRDA:6,2,0,1
BRDA:6,2,1,0
BRDA:8,3,0,1
BRDA:8,3,1,1
BRDA:15,4,0,1
BRDA:15,4,1,0
BRDA:32,5,0,1
BRDA:32,5,1,0
BRDA:40,6,0,0
BRDA:40,6,1,1
BRDA:55,7,0,0
BRDA:55,8,0,0
BRDA:78,9,0,0
BRDA:78,10,0,0
BRDA:78,11,0,0
BRDA:85,12,0,0
BRDA:85,12,1,0
BRDA:101,13,0,0
BRDA:101,13,1,0
BRDA:102,14,0,0
BRDA:102,14,1,0
BRDA:103,15,0,0
BRDA:103,15,1,0
BRDA:103,16,0,0
BRDA:103,16,1,0
BRDA:103,17,0,0
BRDA:103,17,1,0
BRDA:104,18,0,0
BRDA:104,18,1,0
BRDA:104,19,0,0
BRDA:104,19,1,0
BRDA:104,20,0,0
BRDA:104,20,1,0
BRDA:105,21,0,0
BRDA:105,21,1,0
BRDA:113,22,0,0
BRDA:113,22,1,0
BRDA:114,23,0,0
BRDA:114,23,1,0
BRDA:114,24,0,0
BRDA:114,24,1,0
BRDA:114,24,2,0
BRDA:114,24,3,0
BRDA:118,25,0,0
BRDA:118,25,1,0
BRDA:118,26,0,0
BRDA:118,26,1,0
BRDA:118,26,2,0
BRDA:118,26,3,0
BRDA:130,27,0,0
BRDA:130,27,1,0
BRDA:130,28,0,0
BRDA:130,28,1,0
BRDA:137,29,0,0
BRDA:137,29,1,0
BRDA:143,30,0,0
BRDA:143,30,1,0
BRDA:144,31,0,0
BRDA:144,31,1,0
BRDA:144,32,0,0
BRDA:144,32,1,0
BRDA:144,32,2,0
BRDA:144,32,3,0
BRDA:156,33,0,0
BRDA:156,33,1,0
BRDA:157,34,0,0
BRDA:157,34,1,0
BRDA:170,35,0,0
BRDA:170,35,1,0
BRDA:170,36,0,0
BRDA:170,36,1,0
BRDA:171,37,0,0
BRDA:171,37,1,0
BRDA:171,38,0,0
BRDA:171,38,1,0
BRDA:171,39,0,0
BRDA:171,39,1,0
BRDA:171,39,2,0
BRDA:183,40,0,0
BRDA:183,40,1,0
BRDA:183,41,0,0
BRDA:183,41,1,0
BRDA:184,42,0,0
BRDA:184,42,1,0
BRDA:184,43,0,0
BRDA:184,43,1,0
BRDA:184,43,2,0
BRDA:188,44,0,0
BRDA:188,44,1,0
BRDA:188,45,0,0
BRDA:188,45,1,0
BRDA:188,45,2,0
BRDA:200,46,0,0
BRDA:200,46,1,0
BRDA:200,47,0,0
BRDA:200,47,1,0
BRDA:207,48,0,0
BRDA:207,48,1,0
BRDA:213,49,0,0
BRDA:213,49,1,0
BRDA:221,50,0,0
BRDA:221,50,1,0
BRDA:222,51,0,0
BRDA:222,51,1,0
BRDA:223,52,0,0
BRDA:223,52,1,0
BRDA:224,53,0,0
BRDA:224,53,1,0
BRDA:234,54,0,0
BRDA:234,54,1,0
BRDA:234,55,0,0
BRDA:234,55,1,0
BRDA:234,56,0,0
BRDA:234,56,1,0
BRDA:237,57,0,0
BRDA:237,57,1,0
BRDA:246,58,0,0
BRDA:262,59,0,0
BRDA:262,59,1,0
BRDA:275,60,0,0
BRDA:275,60,1,0
BRDA:276,61,0,0
BRDA:276,61,1,0
BRDA:277,62,0,0
BRDA:277,62,1,0
BRDA:278,63,0,0
BRDA:278,63,1,0
BRDA:279,64,0,0
BRDA:279,64,1,0
BRDA:280,65,0,0
BRDA:280,65,1,0
BRDA:281,66,0,0
BRDA:281,66,1,0
BRDA:297,67,0,0
BRDA:297,67,1,0
BRDA:299,68,0,0
BRDA:299,68,1,0
BRDA:331,69,0,0
BRDA:331,69,1,0
BRDA:363,70,0,0
BRDA:363,70,1,0
BRDA:405,71,0,0
BRDA:405,71,1,0
BRDA:413,72,0,0
BRDA:413,72,1,0
BRDA:427,73,0,0
BRDA:427,73,1,0
BRDA:440,74,0,0
BRDA:440,74,1,0
BRDA:457,75,0,0
BRDA:457,75,1,0
BRDA:480,76,0,0
BRDA:480,76,1,0
BRDA:483,77,0,0
BRDA:483,77,1,0
BRDA:484,78,0,0
BRDA:484,78,1,0
BRDA:485,79,0,0
BRDA:485,79,1,0
BRDA:486,80,0,0
BRDA:486,80,1,0
BRDA:487,81,0,0
BRDA:487,81,1,0
BRDA:488,82,0,0
BRDA:488,82,1,0
BRDA:489,83,0,0
BRDA:489,83,1,0
BRDA:490,84,0,0
BRDA:490,84,1,0
BRDA:490,85,0,0
BRDA:490,85,1,0
BRDA:491,86,0,0
BRDA:491,86,1,0
BRDA:499,87,0,0
BRDA:499,87,1,0
BRDA:502,88,0,0
BRDA:502,88,1,0
BRDA:503,89,0,0
BRDA:503,89,1,0
BRDA:504,90,0,0
BRDA:504,90,1,0
BRDA:505,91,0,0
BRDA:505,91,1,0
BRDA:506,92,0,0
BRDA:506,92,1,0
BRDA:507,93,0,0
BRDA:507,93,1,0
BRDA:508,94,0,0
BRDA:508,94,1,0
BRDA:509,95,0,0
BRDA:509,95,1,0
BRDA:510,96,0,0
BRDA:510,96,1,0
BRDA:511,97,0,0
BRDA:511,97,1,0
BRDA:511,97,2,0
BRF:201
BRH:9
end_of_record
TN:
SF:services/cacheService.js
FN:39,getOrSet
FN:54,flushAll
FNF:2
FNH:2
FNDA:3,getOrSet
FNDA:4,flushAll
DA:1,2
DA:9,2
DA:15,2
DA:21,2
DA:27,2
DA:40,3
DA:41,1
DA:44,2
DA:45,2
DA:46,2
DA:48,2
DA:55,4
DA:56,4
DA:57,4
DA:58,4
DA:61,2
LF:16
LH:16
BRDA:40,0,0,1
BRDA:40,0,1,2
BRDA:45,1,0,2
BRDA:45,1,1,0
BRDA:45,2,0,2
BRDA:45,2,1,2
BRF:6
BRH:5
end_of_record
TN:
SF:services/candidatePoolService.js
FN:23,fetchCandidatesForCluster
FN:25,(anonymous_1)
FN:33,(anonymous_2)
FN:39,(anonymous_3)
FN:41,(anonymous_4)
FN:53,(anonymous_5)
FN:58,(anonymous_6)
FN:62,(anonymous_7)
FN:75,(anonymous_8)
FN:77,(anonymous_9)
FN:96,(anonymous_10)
FN:102,(anonymous_11)
FN:105,(anonymous_12)
FN:121,(anonymous_13)
FN:126,(anonymous_14)
FN:147,generateCandidatePool
FN:154,(anonymous_16)
FN:169,(anonymous_17)
FN:192,recordCandidateRating
FN:208,(anonymous_19)
FN:213,(anonymous_20)
FN:216,(anonymous_21)
FN:217,(anonymous_22)
FN:221,(anonymous_23)
FN:222,(anonymous_24)
FNF:25
FNH:0
FNDA:0,fetchCandidatesForCluster
FNDA:0,(anonymous_1)
FNDA:0,(anonymous_2)
FNDA:0,(anonymous_3)
FNDA:0,(anonymous_4)
FNDA:0,(anonymous_5)
FNDA:0,(anonymous_6)
FNDA:0,(anonymous_7)
FNDA:0,(anonymous_8)
FNDA:0,(anonymous_9)
FNDA:0,(anonymous_10)
FNDA:0,(anonymous_11)
FNDA:0,(anonymous_12)
FNDA:0,(anonymous_13)
FNDA:0,(anonymous_14)
FNDA:0,generateCandidatePool
FNDA:0,(anonymous_16)
FNDA:0,(anonymous_17)
FNDA:0,recordCandidateRating
FNDA:0,(anonymous_19)
FNDA:0,(anonymous_20)
FNDA:0,(anonymous_21)
FNDA:0,(anonymous_22)
FNDA:0,(anonymous_23)
FNDA:0,(anonymous_24)
DA:1,1
DA:2,1
DA:3,1
DA:4,1
DA:5,1
DA:6,1
DA:7,1
DA:9,1
DA:24,0
DA:25,0
DA:28,0
DA:29,0
DA:32,0
DA:33,0
DA:38,0
DA:39,0
DA:40,0
DA:41,0
DA:42,0
DA:43,0
DA:51,0
DA:52,0
DA:53,0
DA:57,0
DA:58,0
DA:62,0
DA:63,0
DA:74,0
DA:75,0
DA:76,0
DA:77,0
DA:78,0
DA:79,0
DA:87,0
DA:88,0
DA:89,0
DA:94,0
DA:95,0
DA:96,0
DA:99,0
DA:102,0
DA:105,0
DA:106,0
DA:107,0
DA:114,0
DA:117,0
DA:120,0
DA:121,0
DA:124,0
DA:126,0
DA:148,0
DA:149,0
DA:150,0
DA:154,0
DA:158,0
DA:160,0
DA:161,0
DA:162,0
DA:164,0
DA:169,0
DA:186,0
DA:193,0
DA:194,0
DA:196,0
DA:197,0
DA:200,0
DA:201,0
DA:202,0
DA:205,0
DA:208,0
DA:210,0
DA:211,0
DA:212,0
DA:213,0
DA:214,0
DA:216,0
DA:217,0
DA:220,0
DA:221,0
DA:222,0
DA:223,0
DA:224,0
DA:225,0
DA:226,0
DA:230,0
DA:231,0
DA:232,0
DA:233,0
DA:236,0
DA:243,1
LF:90
LH:9
BRDA:23,0,0,0
BRDA:25,1,0,0
BRDA:25,1,1,0
BRDA:29,2,0,0
BRDA:29,2,1,0
BRDA:32,3,0,0
BRDA:32,3,1,0
BRDA:40,4,0,0
BRDA:40,4,1,0
BRDA:40,5,0,0
BRDA:40,5,1,0
BRDA:42,6,0,0
BRDA:42,6,1,0
BRDA:42,7,0,0
BRDA:42,7,1,0
BRDA:42,7,2,0
BRDA:42,8,0,0
BRDA:42,8,1,0
BRDA:52,9,0,0
BRDA:52,9,1,0
BRDA:53,10,0,0
BRDA:53,10,1,0
BRDA:57,11,0,0
BRDA:57,11,1,0
BRDA:58,12,0,0
BRDA:58,12,1,0
BRDA:58,13,0,0
BRDA:58,13,1,0
BRDA:65,14,0,0
BRDA:65,14,1,0
BRDA:66,15,0,0
BRDA:66,15,1,0
BRDA:76,16,0,0
BRDA:76,16,1,0
BRDA:76,17,0,0
BRDA:76,17,1,0
BRDA:78,18,0,0
BRDA:78,18,1,0
BRDA:78,19,0,0
BRDA:78,19,1,0
BRDA:87,20,0,0
BRDA:87,20,1,0
BRDA:94,21,0,0
BRDA:94,21,1,0
BRDA:95,22,0,0
BRDA:95,22,1,0
BRDA:106,23,0,0
BRDA:106,23,1,0
BRDA:120,24,0,0
BRDA:120,24,1,0
BRDA:124,25,0,0
BRDA:124,25,1,0
BRDA:148,26,0,0
BRDA:148,26,1,0
BRDA:149,27,0,0
BRDA:149,27,1,0
BRDA:154,28,0,0
BRDA:154,28,1,0
BRDA:168,29,0,0
BRDA:168,29,1,0
BRDA:174,30,0,0
BRDA:174,30,1,0
BRDA:177,31,0,0
BRDA:177,31,1,0
BRDA:193,32,0,0
BRDA:193,32,1,0
BRDA:196,33,0,0
BRDA:196,33,1,0
BRDA:202,34,0,0
BRDA:202,34,1,0
BRDA:208,35,0,0
BRDA:208,35,1,0
BRDA:210,36,0,0
BRDA:210,36,1,0
BRDA:210,37,0,0
BRDA:210,37,1,0
BRDA:210,37,2,0
BRDA:211,38,0,0
BRDA:211,38,1,0
BRDA:211,39,0,0
BRDA:211,39,1,0
BRDA:214,40,0,0
BRDA:214,40,1,0
BRDA:216,41,0,0
BRDA:216,41,1,0
BRDA:220,42,0,0
BRDA:220,42,1,0
BRDA:223,43,0,0
BRDA:223,43,1,0
BRDA:225,44,0,0
BRDA:225,44,1,0
BRF:91
BRH:0
end_of_record
TN:
SF:services/feedbackService.js
FN:25,recordRecommendationAction
FN:57,(anonymous_1)
FN:61,(anonymous_2)
FN:69,(anonymous_3)
FN:72,(anonymous_4)
FN:73,(anonymous_5)
FN:78,(anonymous_6)
FN:79,(anonymous_7)
FN:103,recordPostWatchOutcome
FN:135,(anonymous_9)
FN:138,(anonymous_10)
FN:147,(anonymous_11)
FN:150,(anonymous_12)
FN:151,(anonymous_13)
FN:156,(anonymous_14)
FN:157,(anonymous_15)
FN:173,(anonymous_16)
FN:174,(anonymous_17)
FN:196,getRecommendationMetrics
FN:201,(anonymous_19)
FN:202,(anonymous_20)
FN:203,(anonymous_21)
FN:204,(anonymous_22)
FN:205,(anonymous_23)
FN:212,(anonymous_24)
FN:230,(anonymous_25)
FNF:26
FNH:0
FNDA:0,recordRecommendationAction
FNDA:0,(anonymous_1)
FNDA:0,(anonymous_2)
FNDA:0,(anonymous_3)
FNDA:0,(anonymous_4)
FNDA:0,(anonymous_5)
FNDA:0,(anonymous_6)
FNDA:0,(anonymous_7)
FNDA:0,recordPostWatchOutcome
FNDA:0,(anonymous_9)
FNDA:0,(anonymous_10)
FNDA:0,(anonymous_11)
FNDA:0,(anonymous_12)
FNDA:0,(anonymous_13)
FNDA:0,(anonymous_14)
FNDA:0,(anonymous_15)
FNDA:0,(anonymous_16)
FNDA:0,(anonymous_17)
FNDA:0,getRecommendationMetrics
FNDA:0,(anonymous_19)
FNDA:0,(anonymous_20)
FNDA:0,(anonymous_21)
FNDA:0,(anonymous_22)
FNDA:0,(anonymous_23)
FNDA:0,(anonymous_24)
FNDA:0,(anonymous_25)
DA:1,1
DA:2,1
DA:3,1
DA:4,1
DA:7,1
DA:15,1
DA:35,0
DA:36,0
DA:39,0
DA:51,0
DA:52,0
DA:54,0
DA:56,0
DA:57,0
DA:60,0
DA:61,0
DA:63,0
DA:65,0
DA:66,0
DA:67,0
DA:68,0
DA:69,0
DA:70,0
DA:72,0
DA:73,0
DA:77,0
DA:78,0
DA:79,0
DA:80,0
DA:81,0
DA:85,0
DA:90,0
DA:91,0
DA:93,0
DA:97,0
DA:110,0
DA:111,0
DA:112,0
DA:113,0
DA:116,0
DA:131,0
DA:133,0
DA:134,0
DA:135,0
DA:138,0
DA:140,0
DA:141,0
DA:142,0
DA:145,0
DA:146,0
DA:147,0
DA:148,0
DA:150,0
DA:151,0
DA:155,0
DA:156,0
DA:157,0
DA:158,0
DA:159,0
DA:160,0
DA:161,0
DA:166,0
DA:167,0
DA:168,0
DA:169,0
DA:173,0
DA:174,0
DA:175,0
DA:178,0
DA:180,0
DA:185,0
DA:197,0
DA:198,0
DA:200,0
DA:201,0
DA:202,0
DA:203,0
DA:204,0
DA:205,0
DA:207,0
DA:208,0
DA:211,0
DA:212,0
DA:213,0
DA:214,0
DA:215,0
DA:224,0
DA:225,0
DA:226,0
DA:227,0
DA:230,0
DA:235,0
DA:247,1
LF:93
LH:7
BRDA:29,0,0,0
BRDA:30,1,0,0
BRDA:31,2,0,0
BRDA:32,3,0,0
BRDA:33,4,0,0
BRDA:36,5,0,0
BRDA:36,5,1,0
BRDA:54,6,0,0
BRDA:54,6,1,0
BRDA:56,7,0,0
BRDA:56,7,1,0
BRDA:56,8,0,0
BRDA:56,8,1,0
BRDA:57,9,0,0
BRDA:57,9,1,0
BRDA:60,10,0,0
BRDA:60,10,1,0
BRDA:60,11,0,0
BRDA:60,11,1,0
BRDA:61,12,0,0
BRDA:61,12,1,0
BRDA:63,13,0,0
BRDA:63,13,1,0
BRDA:67,14,0,0
BRDA:67,14,1,0
BRDA:67,15,0,0
BRDA:67,15,1,0
BRDA:70,16,0,0
BRDA:70,16,1,0
BRDA:72,17,0,0
BRDA:72,17,1,0
BRDA:77,18,0,0
BRDA:77,18,1,0
BRDA:80,19,0,0
BRDA:80,19,1,0
BRDA:112,20,0,0
BRDA:112,20,1,0
BRDA:113,21,0,0
BRDA:113,21,1,0
BRDA:118,22,0,0
BRDA:118,22,1,0
BRDA:133,23,0,0
BRDA:133,23,1,0
BRDA:134,24,0,0
BRDA:134,24,1,0
BRDA:135,25,0,0
BRDA:135,25,1,0
BRDA:138,26,0,0
BRDA:138,26,1,0
BRDA:140,27,0,0
BRDA:140,27,1,0
BRDA:145,28,0,0
BRDA:145,28,1,0
BRDA:145,29,0,0
BRDA:145,29,1,0
BRDA:148,30,0,0
BRDA:148,30,1,0
BRDA:150,31,0,0
BRDA:150,31,1,0
BRDA:155,32,0,0
BRDA:155,32,1,0
BRDA:158,33,0,0
BRDA:158,33,1,0
BRDA:160,34,0,0
BRDA:160,34,1,0
BRDA:166,35,0,0
BRDA:166,35,1,0
BRDA:168,36,0,0
BRDA:168,36,1,0
BRDA:173,37,0,0
BRDA:173,37,1,0
BRDA:173,38,0,0
BRDA:173,38,1,0
BRDA:175,39,0,0
BRDA:175,39,1,0
BRDA:197,40,0,0
BRDA:197,40,1,0
BRDA:203,41,0,0
BRDA:203,41,1,0
BRDA:203,41,2,0
BRDA:208,42,0,0
BRDA:208,42,1,0
BRDA:213,43,0,0
BRDA:213,43,1,0
BRDA:214,44,0,0
BRDA:214,44,1,0
BRDA:217,45,0,0
BRDA:217,45,1,0
BRDA:225,46,0,0
BRDA:225,46,1,0
BRDA:226,47,0,0
BRDA:226,47,1,0
BRDA:226,48,0,0
BRDA:226,48,1,0
BRDA:227,49,0,0
BRDA:227,49,1,0
BRDA:232,50,0,0
BRDA:232,50,1,0
BRF:98
BRH:0
end_of_record
TN:
SF:services/movieProfilingService.js
FN:12,fetchTmdbMovieDetails
FN:13,(anonymous_1)
FN:19,(anonymous_2)
FN:20,(anonymous_3)
FN:23,(anonymous_4)
FN:27,(anonymous_5)
FN:30,(anonymous_6)
FN:31,(anonymous_7)
FN:52,enrichMovieWithAiBackground
FN:82,getOrProfileMovie
FN:169,batchGetOrProfileMovies
FN:174,(anonymous_11)
FN:174,(anonymous_12)
FN:184,(anonymous_13)
FN:186,(anonymous_14)
FN:193,(anonymous_15)
FN:196,(anonymous_16)
FN:208,(anonymous_17)
FN:214,findSimilarProfiledMovies
FN:228,(anonymous_19)
FN:240,(anonymous_20)
FN:242,(anonymous_21)
FNF:22
FNH:0
FNDA:0,fetchTmdbMovieDetails
FNDA:0,(anonymous_1)
FNDA:0,(anonymous_2)
FNDA:0,(anonymous_3)
FNDA:0,(anonymous_4)
FNDA:0,(anonymous_5)
FNDA:0,(anonymous_6)
FNDA:0,(anonymous_7)
FNDA:0,enrichMovieWithAiBackground
FNDA:0,getOrProfileMovie
FNDA:0,batchGetOrProfileMovies
FNDA:0,(anonymous_11)
FNDA:0,(anonymous_12)
FNDA:0,(anonymous_13)
FNDA:0,(anonymous_14)
FNDA:0,(anonymous_15)
FNDA:0,(anonymous_16)
FNDA:0,(anonymous_17)
FNDA:0,findSimilarProfiledMovies
FNDA:0,(anonymous_19)
FNDA:0,(anonymous_20)
FNDA:0,(anonymous_21)
DA:1,1
DA:2,1
DA:3,1
DA:4,1
DA:6,1
DA:13,0
DA:14,0
DA:19,0
DA:20,0
DA:23,0
DA:26,0
DA:27,0
DA:29,0
DA:30,0
DA:31,0
DA:33,0
DA:53,0
DA:54,0
DA:55,0
DA:60,0
DA:61,0
DA:63,0
DA:83,0
DA:84,0
DA:85,0
DA:89,0
DA:90,0
DA:91,0
DA:92,0
DA:98,0
DA:99,0
DA:102,0
DA:103,0
DA:104,0
DA:105,0
DA:107,0
DA:110,0
DA:112,0
DA:113,0
DA:118,0
DA:119,0
DA:121,0
DA:133,0
DA:135,0
DA:139,0
DA:142,0
DA:148,0
DA:149,0
DA:152,0
DA:163,0
DA:170,0
DA:171,0
DA:174,0
DA:175,0
DA:178,0
DA:183,0
DA:184,0
DA:186,0
DA:189,0
DA:190,0
DA:191,0
DA:192,0
DA:193,0
DA:196,0
DA:197,0
DA:198,0
DA:199,0
DA:201,0
DA:208,0
DA:215,0
DA:216,0
DA:217,0
DA:221,0
DA:222,0
DA:226,0
DA:227,0
DA:228,0
DA:235,0
DA:240,0
DA:242,0
DA:248,1
LF:81
LH:6
BRDA:19,0,0,0
BRDA:19,0,1,0
BRDA:19,0,2,0
BRDA:23,1,0,0
BRDA:23,1,1,0
BRDA:26,2,0,0
BRDA:26,2,1,0
BRDA:26,2,2,0
BRDA:29,3,0,0
BRDA:29,3,1,0
BRDA:30,4,0,0
BRDA:30,4,1,0
BRDA:31,5,0,0
BRDA:31,5,1,0
BRDA:31,6,0,0
BRDA:31,6,1,0
BRDA:58,7,0,0
BRDA:58,7,1,0
BRDA:82,8,0,0
BRDA:82,9,0,0
BRDA:84,10,0,0
BRDA:84,10,1,0
BRDA:89,11,0,0
BRDA:89,11,1,0
BRDA:91,12,0,0
BRDA:91,12,1,0
BRDA:91,13,0,0
BRDA:91,13,1,0
BRDA:91,13,2,0
BRDA:91,13,3,0
BRDA:103,14,0,0
BRDA:103,14,1,0
BRDA:110,15,0,0
BRDA:110,15,1,0
BRDA:116,16,0,0
BRDA:116,16,1,0
BRDA:145,17,0,0
BRDA:145,17,1,0
BRDA:169,18,0,0
BRDA:170,19,0,0
BRDA:170,19,1,0
BRDA:170,20,0,0
BRDA:170,20,1,0
BRDA:189,21,0,0
BRDA:189,21,1,0
BRDA:198,22,0,0
BRDA:198,22,1,0
BRDA:198,23,0,0
BRDA:198,23,1,0
BRDA:201,24,0,0
BRDA:201,24,1,0
BRDA:214,25,0,0
BRDA:216,26,0,0
BRDA:216,26,1,0
BRDA:216,27,0,0
BRDA:216,27,1,0
BRDA:216,27,2,0
BRDA:227,28,0,0
BRDA:227,28,1,0
BRDA:227,29,0,0
BRDA:227,29,1,0
BRF:61
BRH:0
end_of_record
TN:
SF:services/recommendationEngine.js
FN:11,generateWhyRationale
FN:34,scoreMovieAgainstCluster
FN:43,(anonymous_2)
FN:44,(anonymous_3)
FN:50,(anonymous_4)
FN:55,(anonymous_5)
FN:82,calculateMatchPercentage
FN:99,generateRankedRecommendations
FN:121,(anonymous_8)
FN:127,(anonymous_9)
FN:134,(anonymous_10)
FN:147,(anonymous_11)
FN:154,(anonymous_12)
FN:167,(anonymous_13)
FN:179,(anonymous_14)
FN:185,(anonymous_15)
FN:229,(anonymous_16)
FN:233,(anonymous_17)
FN:237,(anonymous_18)
FN:248,(anonymous_19)
FN:263,(anonymous_20)
FN:294,(anonymous_21)
FNF:22
FNH:0
FNDA:0,generateWhyRationale
FNDA:0,scoreMovieAgainstCluster
FNDA:0,(anonymous_2)
FNDA:0,(anonymous_3)
FNDA:0,(anonymous_4)
FNDA:0,(anonymous_5)
FNDA:0,calculateMatchPercentage
FNDA:0,generateRankedRecommendations
FNDA:0,(anonymous_8)
FNDA:0,(anonymous_9)
FNDA:0,(anonymous_10)
FNDA:0,(anonymous_11)
FNDA:0,(anonymous_12)
FNDA:0,(anonymous_13)
FNDA:0,(anonymous_14)
FNDA:0,(anonymous_15)
FNDA:0,(anonymous_16)
FNDA:0,(anonymous_17)
FNDA:0,(anonymous_18)
FNDA:0,(anonymous_19)
FNDA:0,(anonymous_20)
FNDA:0,(anonymous_21)
DA:1,1
DA:2,1
DA:3,1
DA:4,1
DA:5,1
DA:6,1
DA:12,0
DA:13,0
DA:14,0
DA:15,0
DA:17,0
DA:18,0
DA:19,0
DA:21,0
DA:22,0
DA:23,0
DA:26,0
DA:28,0
DA:35,0
DA:36,0
DA:40,0
DA:43,0
DA:44,0
DA:46,0
DA:50,0
DA:52,0
DA:53,0
DA:55,0
DA:56,0
DA:57,0
DA:58,0
DA:60,0
DA:61,0
DA:62,0
DA:66,0
DA:69,0
DA:70,0
DA:71,0
DA:73,0
DA:84,0
DA:85,0
DA:86,0
DA:87,0
DA:88,0
DA:89,0
DA:91,0
DA:93,0
DA:100,0
DA:101,0
DA:102,0
DA:103,0
DA:105,0
DA:106,0
DA:107,0
DA:108,0
DA:109,0
DA:110,0
DA:111,0
DA:115,0
DA:116,0
DA:117,0
DA:120,0
DA:121,0
DA:123,0
DA:126,0
DA:127,0
DA:132,0
DA:133,0
DA:134,0
DA:135,0
DA:136,0
DA:137,0
DA:138,0
DA:139,0
DA:140,0
DA:141,0
DA:145,0
DA:146,0
DA:147,0
DA:150,0
DA:153,0
DA:154,0
DA:155,0
DA:156,0
DA:161,0
DA:162,0
DA:167,0
DA:168,0
DA:169,0
DA:170,0
DA:177,0
DA:179,0
DA:180,0
DA:181,0
DA:182,0
DA:183,0
DA:185,0
DA:186,0
DA:187,0
DA:188,0
DA:190,0
DA:191,0
DA:192,0
DA:193,0
DA:197,0
DA:198,0
DA:201,0
DA:202,0
DA:204,0
DA:229,0
DA:232,0
DA:233,0
DA:234,0
DA:237,0
DA:238,0
DA:239,0
DA:241,0
DA:242,0
DA:243,0
DA:248,0
DA:249,0
DA:250,0
DA:251,0
DA:253,0
DA:256,0
DA:257,0
DA:258,0
DA:262,0
DA:263,0
DA:264,0
DA:265,0
DA:267,0
DA:268,0
DA:269,0
DA:274,0
DA:275,0
DA:276,0
DA:277,0
DA:278,0
DA:279,0
DA:280,0
DA:283,0
DA:287,0
DA:288,0
DA:298,0
DA:299,0
DA:301,0
DA:302,0
DA:303,0
DA:304,0
DA:306,0
DA:309,1
LF:152
LH:7
BRDA:12,0,0,0
BRDA:12,0,1,0
BRDA:13,1,0,0
BRDA:13,1,1,0
BRDA:14,2,0,0
BRDA:14,2,1,0
BRDA:15,3,0,0
BRDA:15,3,1,0
BRDA:18,4,0,0
BRDA:18,4,1,0
BRDA:21,5,0,0
BRDA:21,5,1,0
BRDA:22,6,0,0
BRDA:22,6,1,0
BRDA:23,7,0,0
BRDA:23,7,1,0
BRDA:28,8,0,0
BRDA:28,8,1,0
BRDA:35,9,0,0
BRDA:35,9,1,0
BRDA:35,10,0,0
BRDA:35,10,1,0
BRDA:35,10,2,0
BRDA:35,10,3,0
BRDA:43,11,0,0
BRDA:43,11,1,0
BRDA:43,12,0,0
BRDA:43,12,1,0
BRDA:44,13,0,0
BRDA:44,13,1,0
BRDA:44,14,0,0
BRDA:44,14,1,0
BRDA:47,15,0,0
BRDA:47,15,1,0
BRDA:48,16,0,0
BRDA:48,16,1,0
BRDA:49,17,0,0
BRDA:49,17,1,0
BRDA:56,18,0,0
BRDA:56,18,1,0
BRDA:60,19,0,0
BRDA:60,19,1,0
BRDA:70,20,0,0
BRDA:70,20,1,0
BRDA:84,21,0,0
BRDA:84,21,1,0
BRDA:86,22,0,0
BRDA:86,22,1,0
BRDA:88,23,0,0
BRDA:88,23,1,0
BRDA:99,24,0,0
BRDA:100,25,0,0
BRDA:100,25,1,0
BRDA:101,26,0,0
BRDA:101,26,1,0
BRDA:102,27,0,0
BRDA:102,27,1,0
BRDA:103,28,0,0
BRDA:103,28,1,0
BRDA:105,29,0,0
BRDA:105,29,1,0
BRDA:117,30,0,0
BRDA:117,30,1,0
BRDA:127,31,0,0
BRDA:127,31,1,0
BRDA:132,32,0,0
BRDA:132,32,1,0
BRDA:133,33,0,0
BRDA:133,33,1,0
BRDA:133,34,0,0
BRDA:133,34,1,0
BRDA:133,34,2,0
BRDA:133,34,3,0
BRDA:134,35,0,0
BRDA:134,35,1,0
BRDA:155,36,0,0
BRDA:155,36,1,0
BRDA:168,37,0,0
BRDA:168,37,1,0
BRDA:169,38,0,0
BRDA:169,38,1,0
BRDA:187,39,0,0
BRDA:187,39,1,0
BRDA:190,40,0,0
BRDA:190,40,1,0
BRDA:197,41,0,0
BRDA:197,41,1,0
BRDA:209,42,0,0
BRDA:209,42,1,0
BRDA:212,43,0,0
BRDA:212,43,1,0
BRDA:238,44,0,0
BRDA:238,44,1,0
BRDA:242,45,0,0
BRDA:242,45,1,0
BRDA:262,46,0,0
BRDA:262,46,1,0
BRDA:265,47,0,0
BRDA:265,47,1,0
BRDA:274,48,0,0
BRDA:274,48,1,0
BRDA:278,49,0,0
BRDA:278,49,1,0
BRDA:278,50,0,0
BRDA:278,50,1,0
BRDA:287,51,0,0
BRDA:287,51,1,0
BRDA:287,52,0,0
BRDA:287,52,1,0
BRF:109
BRH:0
end_of_record
TN:
SF:services/tasteClusterService.js
FN:57,executeWithTimeout
FN:59,(anonymous_1)
FN:60,(anonymous_2)
FN:80,retryWithBackoff
FN:90,(anonymous_4)
FN:110,deriveClusterName
FN:124,(anonymous_6)
FN:125,(anonymous_7)
FN:129,(anonymous_8)
FN:132,(anonymous_9)
FN:135,(anonymous_10)
FN:138,(anonymous_11)
FN:143,(anonymous_12)
FN:143,(anonymous_13)
FN:144,(anonymous_14)
FN:144,(anonymous_15)
FN:145,(anonymous_16)
FN:145,(anonymous_17)
FN:146,(anonymous_18)
FN:146,(anonymous_19)
FN:156,(anonymous_20)
FN:157,(anonymous_21)
FN:157,(anonymous_22)
FN:158,(anonymous_23)
FN:158,(anonymous_24)
FN:229,(anonymous_25)
FN:255,heuristicClusterFilms
FN:265,(anonymous_27)
FN:316,(anonymous_28)
FN:322,(anonymous_29)
FN:338,(anonymous_30)
FN:346,(anonymous_31)
FN:356,clusterFilmsWithAI
FN:357,(anonymous_33)
FN:395,(anonymous_34)
FN:397,(anonymous_35)
FN:435,(anonymous_36)
FN:437,(anonymous_37)
FN:457,(anonymous_38)
FN:459,(anonymous_39)
FN:497,buildTasteProfileFromFavorites
FN:509,(anonymous_41)
FN:522,(anonymous_42)
FN:528,(anonymous_43)
FN:532,(anonymous_44)
FN:546,(anonymous_45)
FN:547,(anonymous_46)
FN:553,(anonymous_47)
FN:555,(anonymous_48)
FN:556,(anonymous_49)
FN:558,(anonymous_50)
FN:567,(anonymous_51)
FN:568,(anonymous_52)
FN:572,(anonymous_53)
FN:575,(anonymous_54)
FN:578,(anonymous_55)
FN:585,(anonymous_56)
FN:587,(anonymous_57)
FN:589,(anonymous_58)
FN:595,(anonymous_59)
FN:622,(anonymous_60)
FN:628,(anonymous_61)
FN:674,appendFavoritesToTasteProfile
FN:694,(anonymous_63)
FN:698,(anonymous_64)
FN:728,(anonymous_65)
FN:732,(anonymous_66)
FN:735,(anonymous_67)
FN:750,(anonymous_68)
FN:759,(anonymous_69)
FN:772,(anonymous_70)
FN:775,(anonymous_71)
FN:776,(anonymous_72)
FN:793,(anonymous_73)
FN:794,(anonymous_74)
FN:795,(anonymous_75)
FN:802,(anonymous_76)
FN:814,(anonymous_77)
FN:815,(anonymous_78)
FNF:79
FNH:0
FNDA:0,executeWithTimeout
FNDA:0,(anonymous_1)
FNDA:0,(anonymous_2)
FNDA:0,retryWithBackoff
FNDA:0,(anonymous_4)
FNDA:0,deriveClusterName
FNDA:0,(anonymous_6)
FNDA:0,(anonymous_7)
FNDA:0,(anonymous_8)
FNDA:0,(anonymous_9)
FNDA:0,(anonymous_10)
FNDA:0,(anonymous_11)
FNDA:0,(anonymous_12)
FNDA:0,(anonymous_13)
FNDA:0,(anonymous_14)
FNDA:0,(anonymous_15)
FNDA:0,(anonymous_16)
FNDA:0,(anonymous_17)
FNDA:0,(anonymous_18)
FNDA:0,(anonymous_19)
FNDA:0,(anonymous_20)
FNDA:0,(anonymous_21)
FNDA:0,(anonymous_22)
FNDA:0,(anonymous_23)
FNDA:0,(anonymous_24)
FNDA:0,(anonymous_25)
FNDA:0,heuristicClusterFilms
FNDA:0,(anonymous_27)
FNDA:0,(anonymous_28)
FNDA:0,(anonymous_29)
FNDA:0,(anonymous_30)
FNDA:0,(anonymous_31)
FNDA:0,clusterFilmsWithAI
FNDA:0,(anonymous_33)
FNDA:0,(anonymous_34)
FNDA:0,(anonymous_35)
FNDA:0,(anonymous_36)
FNDA:0,(anonymous_37)
FNDA:0,(anonymous_38)
FNDA:0,(anonymous_39)
FNDA:0,buildTasteProfileFromFavorites
FNDA:0,(anonymous_41)
FNDA:0,(anonymous_42)
FNDA:0,(anonymous_43)
FNDA:0,(anonymous_44)
FNDA:0,(anonymous_45)
FNDA:0,(anonymous_46)
FNDA:0,(anonymous_47)
FNDA:0,(anonymous_48)
FNDA:0,(anonymous_49)
FNDA:0,(anonymous_50)
FNDA:0,(anonymous_51)
FNDA:0,(anonymous_52)
FNDA:0,(anonymous_53)
FNDA:0,(anonymous_54)
FNDA:0,(anonymous_55)
FNDA:0,(anonymous_56)
FNDA:0,(anonymous_57)
FNDA:0,(anonymous_58)
FNDA:0,(anonymous_59)
FNDA:0,(anonymous_60)
FNDA:0,(anonymous_61)
FNDA:0,appendFavoritesToTasteProfile
FNDA:0,(anonymous_63)
FNDA:0,(anonymous_64)
FNDA:0,(anonymous_65)
FNDA:0,(anonymous_66)
FNDA:0,(anonymous_67)
FNDA:0,(anonymous_68)
FNDA:0,(anonymous_69)
FNDA:0,(anonymous_70)
FNDA:0,(anonymous_71)
FNDA:0,(anonymous_72)
FNDA:0,(anonymous_73)
FNDA:0,(anonymous_74)
FNDA:0,(anonymous_75)
FNDA:0,(anonymous_76)
FNDA:0,(anonymous_77)
FNDA:0,(anonymous_78)
DA:1,1
DA:2,1
DA:3,1
DA:4,1
DA:5,1
DA:6,1
DA:8,1
DA:9,1
DA:10,1
DA:12,1
DA:14,1
DA:15,1
DA:16,1
DA:18,1
DA:19,1
DA:20,1
DA:31,0
DA:35,1
DA:36,1
DA:37,1
DA:39,0
DA:42,1
DA:43,0
DA:44,0
DA:50,0
DA:59,0
DA:60,0
DA:61,0
DA:62,0
DA:63,0
DA:67,0
DA:68,0
DA:69,0
DA:70,0
DA:72,0
DA:73,0
DA:82,0
DA:83,0
DA:84,0
DA:86,0
DA:87,0
DA:88,0
DA:89,0
DA:90,0
DA:94,0
DA:98,1
DA:111,0
DA:112,0
DA:118,0
DA:119,0
DA:120,0
DA:121,0
DA:122,0
DA:124,0
DA:125,0
DA:126,0
DA:127,0
DA:129,0
DA:130,0
DA:132,0
DA:133,0
DA:135,0
DA:136,0
DA:138,0
DA:139,0
DA:143,0
DA:144,0
DA:145,0
DA:146,0
DA:148,0
DA:149,0
DA:150,0
DA:151,0
DA:153,0
DA:154,0
DA:156,0
DA:157,0
DA:158,0
DA:161,0
DA:162,0
DA:163,0
DA:164,0
DA:165,0
DA:166,0
DA:167,0
DA:168,0
DA:169,0
DA:170,0
DA:172,0
DA:173,0
DA:175,0
DA:176,0
DA:177,0
DA:178,0
DA:180,0
DA:181,0
DA:183,0
DA:184,0
DA:185,0
DA:186,0
DA:187,0
DA:188,0
DA:189,0
DA:190,0
DA:191,0
DA:192,0
DA:194,0
DA:195,0
DA:197,0
DA:198,0
DA:199,0
DA:200,0
DA:202,0
DA:203,0
DA:205,0
DA:206,0
DA:207,0
DA:208,0
DA:209,0
DA:210,0
DA:211,0
DA:212,0
DA:213,0
DA:214,0
DA:216,0
DA:217,0
DA:219,0
DA:220,0
DA:221,0
DA:222,0
DA:223,0
DA:224,0
DA:225,0
DA:226,0
DA:227,0
DA:229,0
DA:230,0
DA:231,0
DA:235,0
DA:236,0
DA:237,0
DA:238,0
DA:239,0
DA:241,0
DA:245,0
DA:256,0
DA:258,0
DA:259,0
DA:260,0
DA:265,0
DA:271,0
DA:272,0
DA:273,0
DA:274,0
DA:275,0
DA:276,0
DA:277,0
DA:278,0
DA:279,0
DA:282,0
DA:283,0
DA:288,0
DA:290,0
DA:291,0
DA:292,0
DA:294,0
DA:295,0
DA:296,0
DA:297,0
DA:298,0
DA:299,0
DA:300,0
DA:302,0
DA:303,0
DA:304,0
DA:308,0
DA:309,0
DA:311,0
DA:316,0
DA:318,0
DA:319,0
DA:320,0
DA:322,0
DA:323,0
DA:324,0
DA:325,0
DA:326,0
DA:330,0
DA:334,0
DA:335,0
DA:336,0
DA:338,0
DA:339,0
DA:340,0
DA:341,0
DA:342,0
DA:346,0
DA:350,0
DA:357,0
DA:367,0
DA:391,0
DA:392,0
DA:393,0
DA:394,0
DA:396,0
DA:398,0
DA:415,0
DA:416,0
DA:417,0
DA:420,0
DA:424,0
DA:425,0
DA:426,0
DA:434,0
DA:436,0
DA:437,0
DA:445,0
DA:446,0
DA:447,0
DA:450,0
DA:454,0
DA:455,0
DA:456,0
DA:458,0
DA:460,0
DA:477,0
DA:478,0
DA:479,0
DA:482,0
DA:487,0
DA:488,0
DA:504,0
DA:505,0
DA:509,0
DA:510,0
DA:511,0
DA:513,0
DA:514,0
DA:515,0
DA:522,0
DA:525,0
DA:527,0
DA:528,0
DA:531,0
DA:533,0
DA:534,0
DA:535,0
DA:545,0
DA:546,0
DA:547,0
DA:549,0
DA:552,0
DA:553,0
DA:554,0
DA:555,0
DA:556,0
DA:558,0
DA:559,0
DA:562,0
DA:563,0
DA:564,0
DA:565,0
DA:567,0
DA:568,0
DA:569,0
DA:570,0
DA:572,0
DA:573,0
DA:575,0
DA:576,0
DA:578,0
DA:579,0
DA:583,0
DA:585,0
DA:586,0
DA:587,0
DA:589,0
DA:594,0
DA:596,0
DA:597,0
DA:598,0
DA:607,0
DA:622,0
DA:628,0
DA:631,0
DA:632,0
DA:645,0
DA:646,0
DA:652,0
DA:653,0
DA:654,0
DA:656,0
DA:660,0
DA:663,0
DA:679,0
DA:680,0
DA:683,0
DA:684,0
DA:686,0
DA:687,0
DA:694,0
DA:695,0
DA:696,0
DA:698,0
DA:700,0
DA:701,0
DA:702,0
DA:704,0
DA:705,0
DA:708,0
DA:709,0
DA:714,0
DA:718,0
DA:719,0
DA:728,0
DA:729,0
DA:731,0
DA:732,0
DA:734,0
DA:736,0
DA:737,0
DA:738,0
DA:748,0
DA:750,0
DA:751,0
DA:752,0
DA:754,0
DA:756,0
DA:757,0
DA:759,0
DA:760,0
DA:761,0
DA:762,0
DA:763,0
DA:764,0
DA:769,0
DA:770,0
DA:771,0
DA:772,0
DA:773,0
DA:775,0
DA:776,0
DA:779,0
DA:780,0
DA:781,0
DA:789,0
DA:790,0
DA:791,0
DA:793,0
DA:794,0
DA:795,0
DA:796,0
DA:797,0
DA:799,0
DA:802,0
DA:805,0
DA:806,0
DA:807,0
DA:809,0
DA:814,0
DA:815,0
DA:816,0
DA:819,0
DA:820,0
DA:823,0
DA:824,0
DA:826,0
DA:828,0
DA:836,1
LF:369
LH:22
BRDA:8,0,0,1
BRDA:8,0,1,0
BRDA:8,0,2,0
BRDA:9,1,0,1
BRDA:9,1,1,1
BRDA:10,2,0,1
BRDA:10,2,1,0
BRDA:12,3,0,1
BRDA:12,3,1,1
BRDA:18,4,0,1
BRDA:18,4,1,0
BRDA:35,5,0,1
BRDA:35,5,1,0
BRDA:42,6,0,0
BRDA:42,6,1,1
BRDA:57,7,0,0
BRDA:57,8,0,0
BRDA:80,9,0,0
BRDA:80,10,0,0
BRDA:80,11,0,0
BRDA:87,12,0,0
BRDA:87,12,1,0
BRDA:110,13,0,0
BRDA:111,14,0,0
BRDA:111,14,1,0
BRDA:111,15,0,0
BRDA:111,15,1,0
BRDA:125,16,0,0
BRDA:125,16,1,0
BRDA:126,17,0,0
BRDA:126,17,1,0
BRDA:127,18,0,0
BRDA:127,18,1,0
BRDA:127,19,0,0
BRDA:127,19,1,0
BRDA:129,20,0,0
BRDA:129,20,1,0
BRDA:130,21,0,0
BRDA:130,21,1,0
BRDA:130,22,0,0
BRDA:130,22,1,0
BRDA:132,23,0,0
BRDA:132,23,1,0
BRDA:133,24,0,0
BRDA:133,24,1,0
BRDA:133,25,0,0
BRDA:133,25,1,0
BRDA:135,26,0,0
BRDA:135,26,1,0
BRDA:136,27,0,0
BRDA:136,27,1,0
BRDA:136,28,0,0
BRDA:136,28,1,0
BRDA:138,29,0,0
BRDA:138,29,1,0
BRDA:139,30,0,0
BRDA:139,30,1,0
BRDA:139,31,0,0
BRDA:139,31,1,0
BRDA:148,32,0,0
BRDA:148,32,1,0
BRDA:149,33,0,0
BRDA:149,33,1,0
BRDA:150,34,0,0
BRDA:150,34,1,0
BRDA:151,35,0,0
BRDA:151,35,1,0
BRDA:161,36,0,0
BRDA:161,36,1,0
BRDA:162,37,0,0
BRDA:162,37,1,0
BRDA:162,38,0,0
BRDA:162,38,1,0
BRDA:162,38,2,0
BRDA:165,39,0,0
BRDA:165,39,1,0
BRDA:165,40,0,0
BRDA:165,40,1,0
BRDA:165,40,2,0
BRDA:168,41,0,0
BRDA:168,41,1,0
BRDA:168,42,0,0
BRDA:168,42,1,0
BRDA:175,43,0,0
BRDA:175,43,1,0
BRDA:175,44,0,0
BRDA:175,44,1,0
BRDA:176,45,0,0
BRDA:176,45,1,0
BRDA:176,46,0,0
BRDA:176,46,1,0
BRDA:183,47,0,0
BRDA:183,47,1,0
BRDA:183,48,0,0
BRDA:183,48,1,0
BRDA:183,48,2,0
BRDA:183,48,3,0
BRDA:186,49,0,0
BRDA:186,49,1,0
BRDA:186,50,0,0
BRDA:186,50,1,0
BRDA:187,51,0,0
BRDA:187,51,1,0
BRDA:187,52,0,0
BRDA:187,52,1,0
BRDA:187,52,2,0
BRDA:190,53,0,0
BRDA:190,53,1,0
BRDA:197,54,0,0
BRDA:197,54,1,0
BRDA:198,55,0,0
BRDA:198,55,1,0
BRDA:198,56,0,0
BRDA:198,56,1,0
BRDA:198,56,2,0
BRDA:198,56,3,0
BRDA:205,57,0,0
BRDA:205,57,1,0
BRDA:205,58,0,0
BRDA:205,58,1,0
BRDA:205,58,2,0
BRDA:205,58,3,0
BRDA:208,59,0,0
BRDA:208,59,1,0
BRDA:209,60,0,0
BRDA:209,60,1,0
BRDA:209,61,0,0
BRDA:209,61,1,0
BRDA:209,61,2,0
BRDA:209,61,3,0
BRDA:212,62,0,0
BRDA:212,62,1,0
BRDA:212,63,0,0
BRDA:212,63,1,0
BRDA:212,63,2,0
BRDA:219,64,0,0
BRDA:219,64,1,0
BRDA:219,65,0,0
BRDA:219,65,1,0
BRDA:222,66,0,0
BRDA:222,66,1,0
BRDA:225,67,0,0
BRDA:225,67,1,0
BRDA:229,68,0,0
BRDA:229,68,1,0
BRDA:238,69,0,0
BRDA:238,69,1,0
BRDA:256,70,0,0
BRDA:256,70,1,0
BRDA:256,71,0,0
BRDA:256,71,1,0
BRDA:258,72,0,0
BRDA:258,72,1,0
BRDA:272,73,0,0
BRDA:272,73,1,0
BRDA:274,74,0,0
BRDA:274,74,1,0
BRDA:279,75,0,0
BRDA:279,75,1,0
BRDA:282,76,0,0
BRDA:282,76,1,0
BRDA:282,77,0,0
BRDA:282,77,1,0
BRDA:295,78,0,0
BRDA:295,78,1,0
BRDA:300,79,0,0
BRDA:300,79,1,0
BRDA:302,80,0,0
BRDA:302,80,1,0
BRDA:308,81,0,0
BRDA:308,81,1,0
BRDA:324,82,0,0
BRDA:324,82,1,0
BRDA:339,83,0,0
BRDA:339,83,1,0
BRDA:361,84,0,0
BRDA:361,84,1,0
BRDA:362,85,0,0
BRDA:362,85,1,0
BRDA:363,86,0,0
BRDA:363,86,1,0
BRDA:364,87,0,0
BRDA:364,87,1,0
BRDA:391,88,0,0
BRDA:391,88,1,0
BRDA:393,89,0,0
BRDA:393,89,1,0
BRDA:416,90,0,0
BRDA:416,90,1,0
BRDA:416,91,0,0
BRDA:416,91,1,0
BRDA:424,92,0,0
BRDA:424,92,1,0
BRDA:446,93,0,0
BRDA:446,93,1,0
BRDA:446,94,0,0
BRDA:446,94,1,0
BRDA:454,95,0,0
BRDA:454,95,1,0
BRDA:478,96,0,0
BRDA:478,96,1,0
BRDA:478,97,0,0
BRDA:478,97,1,0
BRDA:500,98,0,0
BRDA:501,99,0,0
BRDA:502,100,0,0
BRDA:504,101,0,0
BRDA:504,101,1,0
BRDA:504,102,0,0
BRDA:504,102,1,0
BRDA:510,103,0,0
BRDA:510,103,1,0
BRDA:510,104,0,0
BRDA:510,104,1,0
BRDA:513,105,0,0
BRDA:513,105,1,0
BRDA:516,106,0,0
BRDA:516,106,1,0
BRDA:518,107,0,0
BRDA:518,107,1,0
BRDA:534,108,0,0
BRDA:534,108,1,0
BRDA:547,109,0,0
BRDA:547,109,1,0
BRDA:547,109,2,0
BRDA:556,110,0,0
BRDA:556,110,1,0
BRDA:556,110,2,0
BRDA:568,111,0,0
BRDA:568,111,1,0
BRDA:569,112,0,0
BRDA:569,112,1,0
BRDA:572,113,0,0
BRDA:572,113,1,0
BRDA:573,114,0,0
BRDA:573,114,1,0
BRDA:575,115,0,0
BRDA:575,115,1,0
BRDA:576,116,0,0
BRDA:576,116,1,0
BRDA:578,117,0,0
BRDA:578,117,1,0
BRDA:579,118,0,0
BRDA:579,118,1,0
BRDA:591,119,0,0
BRDA:591,119,1,0
BRDA:597,120,0,0
BRDA:597,120,1,0
BRDA:608,121,0,0
BRDA:608,121,1,0
BRDA:624,122,0,0
BRDA:624,122,1,0
BRDA:631,123,0,0
BRDA:631,123,1,0
BRDA:633,124,0,0
BRDA:633,124,1,0
BRDA:634,125,0,0
BRDA:634,125,1,0
BRDA:645,126,0,0
BRDA:645,126,1,0
BRDA:645,127,0,0
BRDA:645,127,1,0
BRDA:652,128,0,0
BRDA:652,128,1,0
BRDA:677,129,0,0
BRDA:679,130,0,0
BRDA:679,130,1,0
BRDA:679,131,0,0
BRDA:679,131,1,0
BRDA:683,132,0,0
BRDA:683,132,1,0
BRDA:686,133,0,0
BRDA:686,133,1,0
BRDA:694,134,0,0
BRDA:694,134,1,0
BRDA:700,135,0,0
BRDA:700,135,1,0
BRDA:700,136,0,0
BRDA:700,136,1,0
BRDA:704,137,0,0
BRDA:704,137,1,0
BRDA:705,138,0,0
BRDA:705,138,1,0
BRDA:708,139,0,0
BRDA:708,139,1,0
BRDA:708,140,0,0
BRDA:708,140,1,0
BRDA:712,141,0,0
BRDA:712,141,1,0
BRDA:718,142,0,0
BRDA:718,142,1,0
BRDA:737,143,0,0
BRDA:737,143,1,0
BRDA:748,144,0,0
BRDA:748,144,1,0
BRDA:752,145,0,0
BRDA:752,145,1,0
BRDA:754,146,0,0
BRDA:754,146,1,0
BRDA:760,147,0,0
BRDA:760,147,1,0
BRDA:760,148,0,0
BRDA:760,148,1,0
BRDA:762,149,0,0
BRDA:762,149,1,0
BRDA:769,150,0,0
BRDA:769,150,1,0
BRDA:770,151,0,0
BRDA:770,151,1,0
BRDA:770,152,0,0
BRDA:770,152,1,0
BRDA:773,153,0,0
BRDA:773,153,1,0
BRDA:775,154,0,0
BRDA:775,154,1,0
BRDA:779,155,0,0
BRDA:779,155,1,0
BRDA:789,156,0,0
BRDA:789,156,1,0
BRDA:790,157,0,0
BRDA:790,157,1,0
BRDA:791,158,0,0
BRDA:791,158,1,0
BRDA:796,159,0,0
BRDA:796,159,1,0
BRDA:809,160,0,0
BRDA:809,160,1,0
BRDA:809,161,0,0
BRDA:809,161,1,0
BRDA:814,162,0,0
BRDA:814,162,1,0
BRDA:816,163,0,0
BRDA:816,163,1,0
BRDA:816,164,0,0
BRDA:816,164,1,0
BRF:335
BRH:9
end_of_record
TN:
SF:services/tmdbService.js
FN:25,(anonymous_0)
FN:26,(anonymous_1)
FN:49,(anonymous_2)
FNF:3
FNH:1
FNDA:1,(anonymous_0)
FNDA:0,(anonymous_1)
FNDA:0,(anonymous_2)
DA:1,1
DA:3,1
DA:4,1
DA:5,1
DA:6,1
DA:14,1
DA:24,1
DA:25,1
DA:27,0
DA:30,0
DA:31,0
DA:34,0
DA:36,0
DA:37,0
DA:38,0
DA:40,0
DA:42,0
DA:43,0
DA:44,0
DA:45,0
DA:49,0
DA:50,0
DA:54,0
DA:55,0
DA:56,0
DA:57,0
DA:58,0
DA:59,0
DA:62,0
DA:66,1
LF:30
LH:9
BRDA:3,0,0,1
BRDA:3,0,1,1
BRDA:30,1,0,0
BRDA:30,1,1,0
BRDA:34,2,0,0
BRDA:34,2,1,0
BRDA:36,3,0,0
BRDA:36,3,1,0
BRDA:38,4,0,0
BRDA:38,4,1,0
BRDA:40,5,0,0
BRDA:40,5,1,0
BRDA:40,5,2,0
BRDA:42,6,0,0
BRDA:42,6,1,0
BRDA:42,7,0,0
BRDA:42,7,1,0
BRDA:46,8,0,0
BRDA:46,8,1,0
BRDA:54,9,0,0
BRDA:54,9,1,0
BRDA:55,10,0,0
BRDA:55,10,1,0
BRDA:57,11,0,0
BRDA:57,11,1,0
BRDA:58,12,0,0
BRDA:58,12,1,0
BRDA:58,13,0,0
BRDA:58,13,1,0
BRF:29
BRH:2
end_of_record
TN:
SF:services/vectorService.js
FN:5,cosineSimilarity
FN:31,calculateCentroid
FN:33,(anonymous_2)
FN:39,(anonymous_3)
FN:46,(anonymous_4)
FN:49,(anonymous_5)
FN:50,(anonymous_6)
FN:56,rankByCosineSimilarity
FN:56,(anonymous_8)
FN:60,(anonymous_9)
FN:65,(anonymous_10)
FN:72,buildAtlasVectorSearchPipeline
FNF:12
FNH:12
FNDA:10,cosineSimilarity
FNDA:3,calculateCentroid
FNDA:2,(anonymous_2)
FNDA:2,(anonymous_3)
FNDA:2,(anonymous_4)
FNDA:2,(anonymous_5)
FNDA:2,(anonymous_6)
FNDA:1,rankByCosineSimilarity
FNDA:3,(anonymous_8)
FNDA:3,(anonymous_9)
FNDA:4,(anonymous_10)
FNDA:1,buildAtlasVectorSearchPipeline
DA:6,10
DA:7,8
DA:9,1
DA:10,1
DA:11,1
DA:14,8
DA:15,8
DA:16,8
DA:18,8
DA:19,16
DA:20,16
DA:21,16
DA:24,8
DA:25,7
DA:32,3
DA:33,2
DA:34,1
DA:36,1
DA:37,1
DA:39,1
DA:40,2
DA:41,4
DA:45,1
DA:46,2
DA:49,2
DA:50,2
DA:56,3
DA:57,1
DA:59,1
DA:61,3
DA:62,3
DA:63,3
DA:65,4
DA:80,1
DA:90,1
DA:91,1
DA:94,1
DA:116,2
LF:38
LH:38
BRDA:6,0,0,2
BRDA:6,0,1,8
BRDA:6,1,0,10
BRDA:6,1,1,9
BRDA:6,1,2,9
BRDA:6,1,3,8
BRDA:7,2,0,1
BRDA:7,2,1,7
BRDA:24,3,0,1
BRDA:24,3,1,7
BRDA:24,4,0,8
BRDA:24,4,1,7
BRDA:32,5,0,2
BRDA:32,5,1,1
BRDA:32,6,0,3
BRDA:32,6,1,2
BRDA:33,7,0,2
BRDA:33,7,1,2
BRDA:34,8,0,0
BRDA:34,8,1,1
BRDA:41,9,0,4
BRDA:41,9,1,2
BRDA:49,10,0,1
BRDA:49,10,1,0
BRDA:56,11,0,1
BRDA:57,12,0,0
BRDA:57,12,1,1
BRDA:57,13,0,1
BRDA:57,13,1,1
BRDA:57,13,2,1
BRDA:74,14,0,1
BRDA:75,15,0,1
BRDA:76,16,0,1
BRDA:77,17,0,0
BRDA:78,18,0,0
BRDA:90,19,0,1
BRDA:90,19,1,0
BRF:37
BRH:31
end_of_record
TN:
SF:utils/errors.js
FN:6,(anonymous_0)
FN:17,(anonymous_1)
FN:23,(anonymous_2)
FN:29,(anonymous_3)
FN:35,(anonymous_4)
FN:41,(anonymous_5)
FN:47,(anonymous_6)
FN:53,(anonymous_7)
FN:59,(anonymous_8)
FN:65,(anonymous_9)
FNF:10
FNH:0
FNDA:0,(anonymous_0)
FNDA:0,(anonymous_1)
FNDA:0,(anonymous_2)
FNDA:0,(anonymous_3)
FNDA:0,(anonymous_4)
FNDA:0,(anonymous_5)
FNDA:0,(anonymous_6)
FNDA:0,(anonymous_7)
FNDA:0,(anonymous_8)
FNDA:0,(anonymous_9)
DA:7,0
DA:8,0
DA:9,0
DA:10,0
DA:11,0
DA:12,0
DA:18,0
DA:24,0
DA:30,0
DA:36,0
DA:42,0
DA:48,0
DA:54,0
DA:60,0
DA:66,0
DA:70,1
LF:16
LH:1
BRDA:6,0,0,0
BRDA:6,1,0,0
BRDA:17,2,0,0
BRDA:17,3,0,0
BRDA:23,4,0,0
BRDA:23,5,0,0
BRDA:29,6,0,0
BRDA:29,7,0,0
BRDA:35,8,0,0
BRDA:35,9,0,0
BRDA:41,10,0,0
BRDA:41,11,0,0
BRDA:47,12,0,0
BRDA:47,13,0,0
BRDA:53,14,0,0
BRDA:53,15,0,0
BRDA:59,16,0,0
BRDA:59,17,0,0
BRDA:65,18,0,0
BRDA:65,19,0,0
BRF:20
BRH:0
end_of_record
TN:
SF:utils/genreMap.js
FN:88,(anonymous_0)
FN:90,(anonymous_1)
FN:98,(anonymous_2)
FN:100,(anonymous_3)
FN:103,(anonymous_4)
FN:108,(anonymous_5)
FN:120,(anonymous_6)
FNF:7
FNH:0
FNDA:0,(anonymous_0)
FNDA:0,(anonymous_1)
FNDA:0,(anonymous_2)
FNDA:0,(anonymous_3)
FNDA:0,(anonymous_4)
FNDA:0,(anonymous_5)
FNDA:0,(anonymous_6)
DA:1,1
DA:66,1
DA:88,1
DA:89,0
DA:90,0
DA:91,0
DA:92,0
DA:93,0
DA:94,0
DA:98,1
DA:99,0
DA:100,0
DA:103,1
DA:104,0
DA:105,0
DA:107,0
DA:108,0
DA:109,0
DA:110,0
DA:111,0
DA:112,0
DA:113,0
DA:114,0
DA:118,0
DA:120,0
DA:121,0
DA:122,0
DA:123,0
DA:125,0
DA:126,0
DA:127,0
DA:128,0
DA:129,0
DA:130,0
DA:131,0
DA:133,0
DA:137,1
LF:37
LH:6
BRDA:89,0,0,0
BRDA:89,0,1,0
BRDA:91,1,0,0
BRDA:91,1,1,0
BRDA:92,2,0,0
BRDA:92,2,1,0
BRDA:94,3,0,0
BRDA:94,3,1,0
BRDA:99,4,0,0
BRDA:99,4,1,0
BRDA:100,5,0,0
BRDA:100,5,1,0
BRDA:104,6,0,0
BRDA:104,6,1,0
BRDA:104,7,0,0
BRDA:104,7,1,0
BRDA:105,8,0,0
BRDA:105,8,1,0
BRDA:105,9,0,0
BRDA:105,9,1,0
BRDA:109,10,0,0
BRDA:109,10,1,0
BRDA:110,11,0,0
BRDA:110,11,1,0
BRDA:111,12,0,0
BRDA:111,12,1,0
BRDA:113,13,0,0
BRDA:113,13,1,0
BRDA:114,14,0,0
BRDA:114,14,1,0
BRDA:118,15,0,0
BRDA:118,15,1,0
BRDA:121,16,0,0
BRDA:121,16,1,0
BRDA:123,17,0,0
BRDA:123,17,1,0
BRDA:123,18,0,0
BRDA:123,18,1,0
BRDA:127,19,0,0
BRDA:127,19,1,0
BRDA:128,20,0,0
BRDA:128,20,1,0
BRDA:128,21,0,0
BRDA:128,21,1,0
BRDA:129,22,0,0
BRDA:129,22,1,0
BRDA:129,23,0,0
BRDA:129,23,1,0
BRDA:129,23,2,0
BRDA:129,23,3,0
BRDA:130,24,0,0
BRDA:130,24,1,0
BRDA:130,25,0,0
BRDA:130,25,1,0
BRDA:130,25,2,0
BRDA:130,25,3,0
BRDA:131,26,0,0
BRDA:131,26,1,0
BRDA:131,27,0,0
BRDA:131,27,1,0
BRDA:131,27,2,0
BRDA:131,27,3,0
BRF:62
BRH:0
end_of_record
TN:
SF:utils/originMap.js
FN:35,(anonymous_0)
FN:37,(anonymous_1)
FN:40,(anonymous_2)
FN:42,(anonymous_3)
FNF:4
FNH:0
FNDA:0,(anonymous_0)
FNDA:0,(anonymous_1)
FNDA:0,(anonymous_2)
FNDA:0,(anonymous_3)
DA:1,1
DA:18,1
DA:35,1
DA:36,0
DA:37,0
DA:40,1
DA:41,0
DA:42,0
DA:45,1
LF:9
LH:5
BRDA:36,0,0,0
BRDA:36,0,1,0
BRDA:37,1,0,0
BRDA:37,1,1,0
BRDA:41,2,0,0
BRDA:41,2,1,0
BRDA:42,3,0,0
BRDA:42,3,1,0
BRF:8
BRH:0
end_of_record
TN:
SF:utils/sendEmail.js
FN:16,(anonymous_0)
FNF:1
FNH:0
FNDA:0,(anonymous_0)
DA:1,1
DA:3,1
DA:4,1
DA:6,1
DA:16,1
DA:17,0
DA:32,1
LF:7
LH:6
BRF:0
BRH:0
end_of_record
TN:
SF:validators/authValidators.js
FNF:0
FNH:0
DA:1,2
DA:4,2
DA:6,2
DA:33,2
DA:44,2
DA:56,2
DA:64,2
DA:72,2
DA:93,2
DA:100,2
LF:10
LH:10
BRF:0
BRH:0
end_of_record
TN:
SF:validators/movieValidators.js
FNF:0
FNH:0
DA:1,2
DA:3,2
DA:10,2
DA:17,2
DA:21,2
LF:5
LH:5
BRF:0
BRH:0
end_of_record
TN:
SF:validators/recommendationValidators.js
FN:17,(anonymous_0)
FN:18,(anonymous_1)
FN:25,(anonymous_2)
FNF:3
FNH:1
FNDA:1,(anonymous_0)
FNDA:0,(anonymous_1)
FNDA:0,(anonymous_2)
DA:1,2
DA:3,2
DA:14,2
DA:17,1
DA:18,0
DA:22,2
DA:25,0
DA:34,2
DA:45,2
LF:9
LH:7
BRDA:17,0,0,1
BRDA:17,0,1,0
BRDA:18,1,0,0
BRDA:18,1,1,0
BRF:4
BRH:1
end_of_record
TN:
SF:validators/tasteProfileValidators.js
FN:4,(anonymous_0)
FNF:1
FNH:1
FNDA:6,(anonymous_0)
DA:1,2
DA:3,2
DA:5,6
DA:6,5
DA:7,5
DA:8,5
DA:9,5
DA:10,5
DA:17,0
DA:27,2
DA:37,2
DA:48,2
DA:56,2
LF:13
LH:12
BRDA:5,0,0,1
BRDA:5,0,1,5
BRDA:6,1,0,0
BRDA:6,1,1,5
BRDA:6,2,0,5
BRDA:6,2,1,0
BRDA:7,3,0,5
BRDA:7,3,1,0
BRDA:7,4,0,5
BRDA:7,4,1,5
BRDA:8,5,0,5
BRDA:8,5,1,1
BRDA:11,6,0,0
BRDA:11,6,1,5
BRDA:12,7,0,5
BRDA:12,7,1,0
BRDA:12,8,0,5
BRDA:12,8,1,5
BRF:18
BRH:13
end_of_record
